CNF File Name: cnf/5.cnf
Random number seed value: 1445739785.0
Number of runs: 30
Number of fitness evaluations per run: 10000
Population size: 500
Lambda: 250
Strategy: plus
Parent Selection: Tournament
Survival Selection: Tournament
K value for survival: 300
K value for parents: 300
N convergence number: 0

Results log

Run 1
500	1417.038	1527	167.546	199
750	1408.772	1527	179.202	211
1000	1395.652	1527	189.734	216
1250	1400.36	1511	198.088	216
1500	1412.184	1511	203.526	216
1750	1420.172	1511	207.124	216
2000	1432.416	1511	209.108	216
2250	1440.556	1453	210.05	215
2500	1446.602	1451	210.076	213
2750	1448.0	1448	210.0	210
3000	1448.0	1448	210.0	210
3250	1448.0	1448	210.0	210
3500	1448.0	1448	210.0	210
3750	1448.0	1448	210.0	210
4000	1448.0	1448	210.0	210
4250	1448.0	1448	210.0	210
4500	1448.0	1448	210.0	210
4750	1448.0	1448	210.0	210
5000	1448.0	1448	210.0	210
5250	1448.0	1448	210.0	210
5500	1448.0	1448	210.0	210
5750	1448.0	1448	210.0	210
6000	1448.0	1448	210.0	210
6250	1448.0	1448	210.0	210
6500	1448.0	1448	210.0	210
6750	1448.0	1448	210.0	210
7000	1448.0	1448	210.0	210
7250	1448.0	1448	210.0	210
7500	1448.0	1448	210.0	210
7750	1448.0	1448	210.0	210
8000	1448.0	1448	210.0	210
8250	1448.0	1448	210.0	210
8500	1448.0	1448	210.0	210
8750	1448.0	1448	210.0	210
9000	1448.0	1448	210.0	210
9250	1448.0	1448	210.0	210
9500	1448.0	1448	210.0	210
9750	1448.0	1448	210.0	210
10000	1448.0	1448	210.0	210


Run 2
500	1414.762	1554	167.786	197
750	1421.806	1554	177.268	202
1000	1422.578	1535	188.412	213
1250	1415.388	1535	197.882	215
1500	1404.808	1524	205.91	215
1750	1393.93	1524	211.37	214
2000	1387.0	1387	214.0	214
2250	1387.0	1387	214.0	214
2500	1387.0	1387	214.0	214
2750	1387.0	1387	214.0	214
3000	1387.0	1387	214.0	214
3250	1387.0	1387	214.0	214
3500	1387.0	1387	214.0	214
3750	1387.0	1387	214.0	214
4000	1387.0	1387	214.0	214
4250	1387.0	1387	214.0	214
4500	1387.0	1387	214.0	214
4750	1387.0	1387	214.0	214
5000	1387.0	1387	214.0	214
5250	1387.0	1387	214.0	214
5500	1387.0	1387	214.0	214
5750	1387.0	1387	214.0	214
6000	1387.0	1387	214.0	214
6250	1387.0	1387	214.0	214
6500	1387.0	1387	214.0	214
6750	1387.0	1387	214.0	214
7000	1387.0	1387	214.0	214
7250	1387.0	1387	214.0	214
7500	1387.0	1387	214.0	214
7750	1387.0	1387	214.0	214
8000	1387.0	1387	214.0	214
8250	1387.0	1387	214.0	214
8500	1387.0	1387	214.0	214
8750	1387.0	1387	214.0	214
9000	1387.0	1387	214.0	214
9250	1387.0	1387	214.0	214
9500	1387.0	1387	214.0	214
9750	1387.0	1387	214.0	214
10000	1387.0	1387	214.0	214


Run 3
500	1417.916	1555	166.672	195
750	1422.26	1555	176.856	209
1000	1413.808	1555	191.82	213
1250	1405.122	1524	201.386	213
1500	1405.744	1517	207.734	213
1750	1412.78	1496	210.132	212
2000	1416.0	1416	211.0	211
2250	1416.0	1416	211.0	211
2500	1416.0	1416	211.0	211
2750	1416.0	1416	211.0	211
3000	1416.0	1416	211.0	211
3250	1416.0	1416	211.0	211
3500	1416.0	1416	211.0	211
3750	1416.0	1416	211.0	211
4000	1416.0	1416	211.0	211
4250	1416.0	1416	211.0	211
4500	1416.0	1416	211.0	211
4750	1416.0	1416	211.0	211
5000	1416.0	1416	211.0	211
5250	1416.0	1416	211.0	211
5500	1416.0	1416	211.0	211
5750	1416.0	1416	211.0	211
6000	1416.0	1416	211.0	211
6250	1416.0	1416	211.0	211
6500	1416.0	1416	211.0	211
6750	1416.0	1416	211.0	211
7000	1416.0	1416	211.0	211
7250	1416.0	1416	211.0	211
7500	1416.0	1416	211.0	211
7750	1416.0	1416	211.0	211
8000	1416.0	1416	211.0	211
8250	1416.0	1416	211.0	211
8500	1416.0	1416	211.0	211
8750	1416.0	1416	211.0	211
9000	1416.0	1416	211.0	211
9250	1416.0	1416	211.0	211
9500	1416.0	1416	211.0	211
9750	1416.0	1416	211.0	211
10000	1416.0	1416	211.0	211


Run 4
500	1416.68	1564	167.204	200
750	1414.64	1564	178.436	205
1000	1415.51	1546	188.834	214
1250	1407.576	1517	198.41	219
1500	1398.926	1517	208.094	219
1750	1393.684	1490	214.49	219
2000	1392.804	1464	217.854	219
2250	1393.0	1393	219.0	219
2500	1393.0	1393	219.0	219
2750	1393.0	1393	219.0	219
3000	1393.0	1393	219.0	219
3250	1393.0	1393	219.0	219
3500	1393.0	1393	219.0	219
3750	1393.0	1393	219.0	219
4000	1393.0	1393	219.0	219
4250	1393.0	1393	219.0	219
4500	1393.0	1393	219.0	219
4750	1393.0	1393	219.0	219
5000	1393.0	1393	219.0	219
5250	1393.0	1393	219.0	219
5500	1393.0	1393	219.0	219
5750	1393.0	1393	219.0	219
6000	1393.0	1393	219.0	219
6250	1393.0	1393	219.0	219
6500	1393.0	1393	219.0	219
6750	1393.0	1393	219.0	219
7000	1393.0	1393	219.0	219
7250	1393.0	1393	219.0	219
7500	1393.0	1393	219.0	219
7750	1393.0	1393	219.0	219
8000	1393.0	1393	219.0	219
8250	1393.0	1393	219.0	219
8500	1393.0	1393	219.0	219
8750	1393.0	1393	219.0	219
9000	1393.0	1393	219.0	219
9250	1393.0	1393	219.0	219
9500	1393.0	1393	219.0	219
9750	1393.0	1393	219.0	219
10000	1393.0	1393	219.0	219


Run 5
500	1414.416	1543	167.246	196
750	1412.12	1543	177.726	203
1000	1408.664	1543	190.016	204
1250	1404.744	1543	198.086	205
1500	1405.016	1543	201.548	205
1750	1404.748	1543	203.166	206
2000	1407.242	1543	203.768	206
2250	1412.606	1543	204.028	206
2500	1416.0	1416	204.0	204
2750	1416.0	1416	204.0	204
3000	1416.0	1416	204.0	204
3250	1416.0	1416	204.0	204
3500	1416.0	1416	204.0	204
3750	1416.0	1416	204.0	204
4000	1416.0	1416	204.0	204
4250	1416.0	1416	204.0	204
4500	1416.0	1416	204.0	204
4750	1416.0	1416	204.0	204
5000	1416.0	1416	204.0	204
5250	1416.0	1416	204.0	204
5500	1416.0	1416	204.0	204
5750	1416.0	1416	204.0	204
6000	1416.0	1416	204.0	204
6250	1416.0	1416	204.0	204
6500	1416.0	1416	204.0	204
6750	1416.0	1416	204.0	204
7000	1416.0	1416	204.0	204
7250	1416.0	1416	204.0	204
7500	1416.0	1416	204.0	204
7750	1416.0	1416	204.0	204
8000	1416.0	1416	204.0	204
8250	1416.0	1416	204.0	204
8500	1416.0	1416	204.0	204
8750	1416.0	1416	204.0	204
9000	1416.0	1416	204.0	204
9250	1416.0	1416	204.0	204
9500	1416.0	1416	204.0	204
9750	1416.0	1416	204.0	204
10000	1416.0	1416	204.0	204


Run 6
500	1415.182	1556	167.284	198
750	1425.874	1556	176.002	201
1000	1427.072	1556	186.374	204
1250	1428.356	1527	194.706	205
1500	1429.564	1496	198.958	207
1750	1422.11	1488	203.078	208
2000	1413.388	1485	206.17	208
2250	1417.772	1431	206.406	208
2500	1428.124	1429	205.118	208
2750	1429.0	1429	205.0	205
3000	1429.0	1429	205.0	205
3250	1429.0	1429	205.0	205
3500	1429.0	1429	205.0	205
3750	1429.0	1429	205.0	205
4000	1429.0	1429	205.0	205
4250	1429.0	1429	205.0	205
4500	1429.0	1429	205.0	205
4750	1429.0	1429	205.0	205
5000	1429.0	1429	205.0	205
5250	1429.0	1429	205.0	205
5500	1429.0	1429	205.0	205
5750	1429.0	1429	205.0	205
6000	1429.0	1429	205.0	205
6250	1429.0	1429	205.0	205
6500	1429.0	1429	205.0	205
6750	1429.0	1429	205.0	205
7000	1429.0	1429	205.0	205
7250	1429.0	1429	205.0	205
7500	1429.0	1429	205.0	205
7750	1429.0	1429	205.0	205
8000	1429.0	1429	205.0	205
8250	1429.0	1429	205.0	205
8500	1429.0	1429	205.0	205
8750	1429.0	1429	205.0	205
9000	1429.0	1429	205.0	205
9250	1429.0	1429	205.0	205
9500	1429.0	1429	205.0	205
9750	1429.0	1429	205.0	205
10000	1429.0	1429	205.0	205


Run 7
500	1417.02	1548	166.874	197
750	1412.34	1548	177.608	208
1000	1419.506	1548	188.856	208
1250	1422.802	1548	195.468	208
1500	1424.342	1548	199.712	209
1750	1423.162	1548	202.746	210
2000	1432.694	1548	203.722	209
2250	1432.898	1539	205.54	209
2500	1429.186	1496	207.314	209
2750	1427.0	1427	208.0	208
3000	1427.0	1427	208.0	208
3250	1427.0	1427	208.0	208
3500	1427.0	1427	208.0	208
3750	1427.0	1427	208.0	208
4000	1427.0	1427	208.0	208
4250	1427.0	1427	208.0	208
4500	1427.0	1427	208.0	208
4750	1427.0	1427	208.0	208
5000	1427.0	1427	208.0	208
5250	1427.0	1427	208.0	208
5500	1427.0	1427	208.0	208
5750	1427.0	1427	208.0	208
6000	1427.0	1427	208.0	208
6250	1427.0	1427	208.0	208
6500	1427.0	1427	208.0	208
6750	1427.0	1427	208.0	208
7000	1427.0	1427	208.0	208
7250	1427.0	1427	208.0	208
7500	1427.0	1427	208.0	208
7750	1427.0	1427	208.0	208
8000	1427.0	1427	208.0	208
8250	1427.0	1427	208.0	208
8500	1427.0	1427	208.0	208
8750	1427.0	1427	208.0	208
9000	1427.0	1427	208.0	208
9250	1427.0	1427	208.0	208
9500	1427.0	1427	208.0	208
9750	1427.0	1427	208.0	208
10000	1427.0	1427	208.0	208


Run 8
500	1417.514	1551	166.586	201
750	1412.248	1551	177.956	207
1000	1412.296	1524	188.738	209
1250	1410.912	1524	197.002	213
1500	1412.65	1494	205.106	215
1750	1415.374	1494	209.426	217
2000	1420.218	1493	211.528	217
2250	1425.546	1493	212.844	219
2500	1425.806	1493	214.89	220
2750	1422.65	1457	217.206	220
3000	1419.0	1419	219.0	219
3250	1419.0	1419	219.0	219
3500	1419.0	1419	219.0	219
3750	1419.0	1419	219.0	219
4000	1419.0	1419	219.0	219
4250	1419.0	1419	219.0	219
4500	1419.0	1419	219.0	219
4750	1419.0	1419	219.0	219
5000	1419.0	1419	219.0	219
5250	1419.0	1419	219.0	219
5500	1419.0	1419	219.0	219
5750	1419.0	1419	219.0	219
6000	1419.0	1419	219.0	219
6250	1419.0	1419	219.0	219
6500	1419.0	1419	219.0	219
6750	1419.0	1419	219.0	219
7000	1419.0	1419	219.0	219
7250	1419.0	1419	219.0	219
7500	1419.0	1419	219.0	219
7750	1419.0	1419	219.0	219
8000	1419.0	1419	219.0	219
8250	1419.0	1419	219.0	219
8500	1419.0	1419	219.0	219
8750	1419.0	1419	219.0	219
9000	1419.0	1419	219.0	219
9250	1419.0	1419	219.0	219
9500	1419.0	1419	219.0	219
9750	1419.0	1419	219.0	219
10000	1419.0	1419	219.0	219


Run 9
500	1412.76	1555	167.624	197
750	1422.528	1555	176.426	205
1000	1418.424	1555	185.992	212
1250	1433.308	1555	192.084	209
1500	1442.376	1517	195.788	208
1750	1445.0	1445	197.0	197
2000	1445.0	1445	197.0	197
2250	1445.0	1445	197.0	197
2500	1445.0	1445	197.0	197
2750	1445.0	1445	197.0	197
3000	1445.0	1445	197.0	197
3250	1445.0	1445	197.0	197
3500	1445.0	1445	197.0	197
3750	1445.0	1445	197.0	197
4000	1445.0	1445	197.0	197
4250	1445.0	1445	197.0	197
4500	1445.0	1445	197.0	197
4750	1445.0	1445	197.0	197
5000	1445.0	1445	197.0	197
5250	1445.0	1445	197.0	197
5500	1445.0	1445	197.0	197
5750	1445.0	1445	197.0	197
6000	1445.0	1445	197.0	197
6250	1445.0	1445	197.0	197
6500	1445.0	1445	197.0	197
6750	1445.0	1445	197.0	197
7000	1445.0	1445	197.0	197
7250	1445.0	1445	197.0	197
7500	1445.0	1445	197.0	197
7750	1445.0	1445	197.0	197
8000	1445.0	1445	197.0	197
8250	1445.0	1445	197.0	197
8500	1445.0	1445	197.0	197
8750	1445.0	1445	197.0	197
9000	1445.0	1445	197.0	197
9250	1445.0	1445	197.0	197
9500	1445.0	1445	197.0	197
9750	1445.0	1445	197.0	197
10000	1445.0	1445	197.0	197


Run 10
500	1415.98	1525	167.55	199
750	1416.406	1525	178.78	212
1000	1410.938	1525	191.18	212
1250	1409.894	1525	199.384	212
1500	1415.312	1525	203.5	215
1750	1420.824	1522	207.548	215
2000	1420.694	1516	210.762	215
2250	1416.22	1449	213.286	215
2500	1414.0	1414	214.0	214
2750	1414.0	1414	214.0	214
3000	1414.0	1414	214.0	214
3250	1414.0	1414	214.0	214
3500	1414.0	1414	214.0	214
3750	1414.0	1414	214.0	214
4000	1414.0	1414	214.0	214
4250	1414.0	1414	214.0	214
4500	1414.0	1414	214.0	214
4750	1414.0	1414	214.0	214
5000	1414.0	1414	214.0	214
5250	1414.0	1414	214.0	214
5500	1414.0	1414	214.0	214
5750	1414.0	1414	214.0	214
6000	1414.0	1414	214.0	214
6250	1414.0	1414	214.0	214
6500	1414.0	1414	214.0	214
6750	1414.0	1414	214.0	214
7000	1414.0	1414	214.0	214
7250	1414.0	1414	214.0	214
7500	1414.0	1414	214.0	214
7750	1414.0	1414	214.0	214
8000	1414.0	1414	214.0	214
8250	1414.0	1414	214.0	214
8500	1414.0	1414	214.0	214
8750	1414.0	1414	214.0	214
9000	1414.0	1414	214.0	214
9250	1414.0	1414	214.0	214
9500	1414.0	1414	214.0	214
9750	1414.0	1414	214.0	214
10000	1414.0	1414	214.0	214


Run 11
500	1418.44	1567	166.728	203
750	1404.044	1567	179.264	211
1000	1388.83	1567	193.56	214
1250	1376.326	1567	203.942	214
1500	1371.958	1522	209.026	216
1750	1370.57	1511	211.928	218
2000	1368.972	1511	213.966	220
2250	1369.1	1472	215.796	220
2500	1370.0	1370	217.0	217
2750	1370.0	1370	217.0	217
3000	1370.0	1370	217.0	217
3250	1370.0	1370	217.0	217
3500	1370.0	1370	217.0	217
3750	1370.0	1370	217.0	217
4000	1370.0	1370	217.0	217
4250	1370.0	1370	217.0	217
4500	1370.0	1370	217.0	217
4750	1370.0	1370	217.0	217
5000	1370.0	1370	217.0	217
5250	1370.0	1370	217.0	217
5500	1370.0	1370	217.0	217
5750	1370.0	1370	217.0	217
6000	1370.0	1370	217.0	217
6250	1370.0	1370	217.0	217
6500	1370.0	1370	217.0	217
6750	1370.0	1370	217.0	217
7000	1370.0	1370	217.0	217
7250	1370.0	1370	217.0	217
7500	1370.0	1370	217.0	217
7750	1370.0	1370	217.0	217
8000	1370.0	1370	217.0	217
8250	1370.0	1370	217.0	217
8500	1370.0	1370	217.0	217
8750	1370.0	1370	217.0	217
9000	1370.0	1370	217.0	217
9250	1370.0	1370	217.0	217
9500	1370.0	1370	217.0	217
9750	1370.0	1370	217.0	217
10000	1370.0	1370	217.0	217


Run 12
500	1417.248	1556	166.854	191
750	1423.884	1556	175.91	199
1000	1431.794	1556	184.636	201
1250	1433.858	1528	190.976	201
1500	1440.744	1528	194.124	201
1750	1450.06	1528	195.372	201
2000	1460.528	1482	196.52	201
2250	1467.19	1469	197.326	199
2500	1468.152	1469	197.848	198
2750	1468.0	1468	198.0	198
3000	1468.0	1468	198.0	198
3250	1468.0	1468	198.0	198
3500	1468.0	1468	198.0	198
3750	1468.0	1468	198.0	198
4000	1468.0	1468	198.0	198
4250	1468.0	1468	198.0	198
4500	1468.0	1468	198.0	198
4750	1468.0	1468	198.0	198
5000	1468.0	1468	198.0	198
5250	1468.0	1468	198.0	198
5500	1468.0	1468	198.0	198
5750	1468.0	1468	198.0	198
6000	1468.0	1468	198.0	198
6250	1468.0	1468	198.0	198
6500	1468.0	1468	198.0	198
6750	1468.0	1468	198.0	198
7000	1468.0	1468	198.0	198
7250	1468.0	1468	198.0	198
7500	1468.0	1468	198.0	198
7750	1468.0	1468	198.0	198
8000	1468.0	1468	198.0	198
8250	1468.0	1468	198.0	198
8500	1468.0	1468	198.0	198
8750	1468.0	1468	198.0	198
9000	1468.0	1468	198.0	198
9250	1468.0	1468	198.0	198
9500	1468.0	1468	198.0	198
9750	1468.0	1468	198.0	198
10000	1468.0	1468	198.0	198


Run 13
500	1418.722	1550	166.548	195
750	1409.294	1550	177.34	208
1000	1407.026	1527	187.646	212
1250	1432.842	1522	191.694	212
1500	1447.73	1517	195.162	212
1750	1454.694	1517	197.532	212
2000	1454.428	1516	200.77	212
2250	1454.524	1516	202.472	212
2500	1453.09	1516	203.83	212
2750	1448.0	1448	206.0	206
3000	1448.0	1448	206.0	206
3250	1448.0	1448	206.0	206
3500	1448.0	1448	206.0	206
3750	1448.0	1448	206.0	206
4000	1448.0	1448	206.0	206
4250	1448.0	1448	206.0	206
4500	1448.0	1448	206.0	206
4750	1448.0	1448	206.0	206
5000	1448.0	1448	206.0	206
5250	1448.0	1448	206.0	206
5500	1448.0	1448	206.0	206
5750	1448.0	1448	206.0	206
6000	1448.0	1448	206.0	206
6250	1448.0	1448	206.0	206
6500	1448.0	1448	206.0	206
6750	1448.0	1448	206.0	206
7000	1448.0	1448	206.0	206
7250	1448.0	1448	206.0	206
7500	1448.0	1448	206.0	206
7750	1448.0	1448	206.0	206
8000	1448.0	1448	206.0	206
8250	1448.0	1448	206.0	206
8500	1448.0	1448	206.0	206
8750	1448.0	1448	206.0	206
9000	1448.0	1448	206.0	206
9250	1448.0	1448	206.0	206
9500	1448.0	1448	206.0	206
9750	1448.0	1448	206.0	206
10000	1448.0	1448	206.0	206


Run 14
500	1419.58	1535	166.524	203
750	1400.626	1535	180.448	216
1000	1362.176	1535	197.534	226
1250	1331.348	1535	209.81	229
1500	1303.406	1535	219.442	229
1750	1294.638	1535	224.464	230
2000	1298.454	1467	225.876	230
2250	1296.244	1418	228.062	229
2500	1294.0	1294	229.0	229
2750	1294.0	1294	229.0	229
3000	1294.0	1294	229.0	229
3250	1294.0	1294	229.0	229
3500	1294.0	1294	229.0	229
3750	1294.0	1294	229.0	229
4000	1294.0	1294	229.0	229
4250	1294.0	1294	229.0	229
4500	1294.0	1294	229.0	229
4750	1294.0	1294	229.0	229
5000	1294.0	1294	229.0	229
5250	1294.0	1294	229.0	229
5500	1294.0	1294	229.0	229
5750	1294.0	1294	229.0	229
6000	1294.0	1294	229.0	229
6250	1294.0	1294	229.0	229
6500	1294.0	1294	229.0	229
6750	1294.0	1294	229.0	229
7000	1294.0	1294	229.0	229
7250	1294.0	1294	229.0	229
7500	1294.0	1294	229.0	229
7750	1294.0	1294	229.0	229
8000	1294.0	1294	229.0	229
8250	1294.0	1294	229.0	229
8500	1294.0	1294	229.0	229
8750	1294.0	1294	229.0	229
9000	1294.0	1294	229.0	229
9250	1294.0	1294	229.0	229
9500	1294.0	1294	229.0	229
9750	1294.0	1294	229.0	229
10000	1294.0	1294	229.0	229


Run 15
500	1419.7	1588	166.802	195
750	1420.0	1588	176.422	200
1000	1433.086	1588	183.116	207
1250	1430.304	1552	191.63	208
1500	1434.624	1552	196.108	209
1750	1437.04	1552	200.59	212
2000	1428.612	1503	205.85	213
2250	1420.15	1498	209.336	215
2500	1412.446	1489	212.254	215
2750	1409.398	1479	213.736	215
3000	1409.0	1409	214.0	214
3250	1409.0	1409	214.0	214
3500	1409.0	1409	214.0	214
3750	1409.0	1409	214.0	214
4000	1409.0	1409	214.0	214
4250	1409.0	1409	214.0	214
4500	1409.0	1409	214.0	214
4750	1409.0	1409	214.0	214
5000	1409.0	1409	214.0	214
5250	1409.0	1409	214.0	214
5500	1409.0	1409	214.0	214
5750	1409.0	1409	214.0	214
6000	1409.0	1409	214.0	214
6250	1409.0	1409	214.0	214
6500	1409.0	1409	214.0	214
6750	1409.0	1409	214.0	214
7000	1409.0	1409	214.0	214
7250	1409.0	1409	214.0	214
7500	1409.0	1409	214.0	214
7750	1409.0	1409	214.0	214
8000	1409.0	1409	214.0	214
8250	1409.0	1409	214.0	214
8500	1409.0	1409	214.0	214
8750	1409.0	1409	214.0	214
9000	1409.0	1409	214.0	214
9250	1409.0	1409	214.0	214
9500	1409.0	1409	214.0	214
9750	1409.0	1409	214.0	214
10000	1409.0	1409	214.0	214


Run 16
500	1415.546	1568	166.95	198
750	1409.602	1568	178.864	205
1000	1397.526	1568	190.102	214
1250	1384.966	1552	198.456	219
1500	1381.548	1552	204.5	222
1750	1375.384	1552	208.952	222
2000	1376.688	1552	211.58	222
2250	1375.0	1375	214.0	214
2500	1375.0	1375	214.0	214
2750	1375.0	1375	214.0	214
3000	1375.0	1375	214.0	214
3250	1375.0	1375	214.0	214
3500	1375.0	1375	214.0	214
3750	1375.0	1375	214.0	214
4000	1375.0	1375	214.0	214
4250	1375.0	1375	214.0	214
4500	1375.0	1375	214.0	214
4750	1375.0	1375	214.0	214
5000	1375.0	1375	214.0	214
5250	1375.0	1375	214.0	214
5500	1375.0	1375	214.0	214
5750	1375.0	1375	214.0	214
6000	1375.0	1375	214.0	214
6250	1375.0	1375	214.0	214
6500	1375.0	1375	214.0	214
6750	1375.0	1375	214.0	214
7000	1375.0	1375	214.0	214
7250	1375.0	1375	214.0	214
7500	1375.0	1375	214.0	214
7750	1375.0	1375	214.0	214
8000	1375.0	1375	214.0	214
8250	1375.0	1375	214.0	214
8500	1375.0	1375	214.0	214
8750	1375.0	1375	214.0	214
9000	1375.0	1375	214.0	214
9250	1375.0	1375	214.0	214
9500	1375.0	1375	214.0	214
9750	1375.0	1375	214.0	214
10000	1375.0	1375	214.0	214


Run 17
500	1418.016	1558	166.532	200
750	1417.73	1558	177.016	204
1000	1421.044	1558	186.684	204
1250	1439.592	1558	190.84	207
1500	1441.512	1558	196.324	212
1750	1425.214	1507	203.29	212
2000	1408.0	1408	209.0	209
2250	1408.0	1408	209.0	209
2500	1408.0	1408	209.0	209
2750	1408.0	1408	209.0	209
3000	1408.0	1408	209.0	209
3250	1408.0	1408	209.0	209
3500	1408.0	1408	209.0	209
3750	1408.0	1408	209.0	209
4000	1408.0	1408	209.0	209
4250	1408.0	1408	209.0	209
4500	1408.0	1408	209.0	209
4750	1408.0	1408	209.0	209
5000	1408.0	1408	209.0	209
5250	1408.0	1408	209.0	209
5500	1408.0	1408	209.0	209
5750	1408.0	1408	209.0	209
6000	1408.0	1408	209.0	209
6250	1408.0	1408	209.0	209
6500	1408.0	1408	209.0	209
6750	1408.0	1408	209.0	209
7000	1408.0	1408	209.0	209
7250	1408.0	1408	209.0	209
7500	1408.0	1408	209.0	209
7750	1408.0	1408	209.0	209
8000	1408.0	1408	209.0	209
8250	1408.0	1408	209.0	209
8500	1408.0	1408	209.0	209
8750	1408.0	1408	209.0	209
9000	1408.0	1408	209.0	209
9250	1408.0	1408	209.0	209
9500	1408.0	1408	209.0	209
9750	1408.0	1408	209.0	209
10000	1408.0	1408	209.0	209


Run 18
500	1417.268	1548	166.46	201
750	1411.386	1548	177.694	214
1000	1424.548	1548	187.322	214
1250	1427.938	1548	196.11	211
1500	1420.976	1507	203.454	211
1750	1416.282	1449	207.398	211
2000	1413.08	1433	209.948	210
2250	1413.0	1413	210.0	210
2500	1413.0	1413	210.0	210
2750	1413.0	1413	210.0	210
3000	1413.0	1413	210.0	210
3250	1413.0	1413	210.0	210
3500	1413.0	1413	210.0	210
3750	1413.0	1413	210.0	210
4000	1413.0	1413	210.0	210
4250	1413.0	1413	210.0	210
4500	1413.0	1413	210.0	210
4750	1413.0	1413	210.0	210
5000	1413.0	1413	210.0	210
5250	1413.0	1413	210.0	210
5500	1413.0	1413	210.0	210
5750	1413.0	1413	210.0	210
6000	1413.0	1413	210.0	210
6250	1413.0	1413	210.0	210
6500	1413.0	1413	210.0	210
6750	1413.0	1413	210.0	210
7000	1413.0	1413	210.0	210
7250	1413.0	1413	210.0	210
7500	1413.0	1413	210.0	210
7750	1413.0	1413	210.0	210
8000	1413.0	1413	210.0	210
8250	1413.0	1413	210.0	210
8500	1413.0	1413	210.0	210
8750	1413.0	1413	210.0	210
9000	1413.0	1413	210.0	210
9250	1413.0	1413	210.0	210
9500	1413.0	1413	210.0	210
9750	1413.0	1413	210.0	210
10000	1413.0	1413	210.0	210


Run 19
500	1417.306	1551	167.064	194
750	1429.17	1551	176.73	201
1000	1450.302	1551	185.63	201
1250	1454.102	1551	193.668	201
1500	1452.0	1452	199.0	199
1750	1452.0	1452	199.0	199
2000	1452.0	1452	199.0	199
2250	1452.0	1452	199.0	199
2500	1452.0	1452	199.0	199
2750	1452.0	1452	199.0	199
3000	1452.0	1452	199.0	199
3250	1452.0	1452	199.0	199
3500	1452.0	1452	199.0	199
3750	1452.0	1452	199.0	199
4000	1452.0	1452	199.0	199
4250	1452.0	1452	199.0	199
4500	1452.0	1452	199.0	199
4750	1452.0	1452	199.0	199
5000	1452.0	1452	199.0	199
5250	1452.0	1452	199.0	199
5500	1452.0	1452	199.0	199
5750	1452.0	1452	199.0	199
6000	1452.0	1452	199.0	199
6250	1452.0	1452	199.0	199
6500	1452.0	1452	199.0	199
6750	1452.0	1452	199.0	199
7000	1452.0	1452	199.0	199
7250	1452.0	1452	199.0	199
7500	1452.0	1452	199.0	199
7750	1452.0	1452	199.0	199
8000	1452.0	1452	199.0	199
8250	1452.0	1452	199.0	199
8500	1452.0	1452	199.0	199
8750	1452.0	1452	199.0	199
9000	1452.0	1452	199.0	199
9250	1452.0	1452	199.0	199
9500	1452.0	1452	199.0	199
9750	1452.0	1452	199.0	199
10000	1452.0	1452	199.0	199


Run 20
500	1421.334	1534	166.058	201
750	1400.5	1534	179.218	216
1000	1370.872	1534	194.07	216
1250	1375.192	1523	201.872	216
1500	1383.644	1523	206.358	217
1750	1381.264	1519	210.984	220
2000	1383.39	1480	213.83	220
2250	1392.714	1480	214.846	220
2500	1402.0	1402	215.0	215
2750	1402.0	1402	215.0	215
3000	1402.0	1402	215.0	215
3250	1402.0	1402	215.0	215
3500	1402.0	1402	215.0	215
3750	1402.0	1402	215.0	215
4000	1402.0	1402	215.0	215
4250	1402.0	1402	215.0	215
4500	1402.0	1402	215.0	215
4750	1402.0	1402	215.0	215
5000	1402.0	1402	215.0	215
5250	1402.0	1402	215.0	215
5500	1402.0	1402	215.0	215
5750	1402.0	1402	215.0	215
6000	1402.0	1402	215.0	215
6250	1402.0	1402	215.0	215
6500	1402.0	1402	215.0	215
6750	1402.0	1402	215.0	215
7000	1402.0	1402	215.0	215
7250	1402.0	1402	215.0	215
7500	1402.0	1402	215.0	215
7750	1402.0	1402	215.0	215
8000	1402.0	1402	215.0	215
8250	1402.0	1402	215.0	215
8500	1402.0	1402	215.0	215
8750	1402.0	1402	215.0	215
9000	1402.0	1402	215.0	215
9250	1402.0	1402	215.0	215
9500	1402.0	1402	215.0	215
9750	1402.0	1402	215.0	215
10000	1402.0	1402	215.0	215


Run 21
500	1417.822	1550	166.184	203
750	1418.0	1550	176.662	210
1000	1414.328	1535	186.964	211
1250	1406.76	1535	196.26	215
1500	1402.548	1535	201.884	217
1750	1405.976	1535	206.306	217
2000	1404.334	1535	210.716	217
2250	1403.0	1403	212.0	212
2500	1403.0	1403	212.0	212
2750	1403.0	1403	212.0	212
3000	1403.0	1403	212.0	212
3250	1403.0	1403	212.0	212
3500	1403.0	1403	212.0	212
3750	1403.0	1403	212.0	212
4000	1403.0	1403	212.0	212
4250	1403.0	1403	212.0	212
4500	1403.0	1403	212.0	212
4750	1403.0	1403	212.0	212
5000	1403.0	1403	212.0	212
5250	1403.0	1403	212.0	212
5500	1403.0	1403	212.0	212
5750	1403.0	1403	212.0	212
6000	1403.0	1403	212.0	212
6250	1403.0	1403	212.0	212
6500	1403.0	1403	212.0	212
6750	1403.0	1403	212.0	212
7000	1403.0	1403	212.0	212
7250	1403.0	1403	212.0	212
7500	1403.0	1403	212.0	212
7750	1403.0	1403	212.0	212
8000	1403.0	1403	212.0	212
8250	1403.0	1403	212.0	212
8500	1403.0	1403	212.0	212
8750	1403.0	1403	212.0	212
9000	1403.0	1403	212.0	212
9250	1403.0	1403	212.0	212
9500	1403.0	1403	212.0	212
9750	1403.0	1403	212.0	212
10000	1403.0	1403	212.0	212


Run 22
500	1417.888	1526	166.624	197
750	1415.63	1526	177.772	208
1000	1422.716	1526	185.85	208
1250	1414.24	1522	194.528	213
1500	1407.322	1509	202.344	213
1750	1400.878	1509	207.234	214
2000	1393.548	1496	211.062	214
2250	1386.702	1459	213.766	214
2500	1386.0	1386	214.0	214
2750	1386.0	1386	214.0	214
3000	1386.0	1386	214.0	214
3250	1386.0	1386	214.0	214
3500	1386.0	1386	214.0	214
3750	1386.0	1386	214.0	214
4000	1386.0	1386	214.0	214
4250	1386.0	1386	214.0	214
4500	1386.0	1386	214.0	214
4750	1386.0	1386	214.0	214
5000	1386.0	1386	214.0	214
5250	1386.0	1386	214.0	214
5500	1386.0	1386	214.0	214
5750	1386.0	1386	214.0	214
6000	1386.0	1386	214.0	214
6250	1386.0	1386	214.0	214
6500	1386.0	1386	214.0	214
6750	1386.0	1386	214.0	214
7000	1386.0	1386	214.0	214
7250	1386.0	1386	214.0	214
7500	1386.0	1386	214.0	214
7750	1386.0	1386	214.0	214
8000	1386.0	1386	214.0	214
8250	1386.0	1386	214.0	214
8500	1386.0	1386	214.0	214
8750	1386.0	1386	214.0	214
9000	1386.0	1386	214.0	214
9250	1386.0	1386	214.0	214
9500	1386.0	1386	214.0	214
9750	1386.0	1386	214.0	214
10000	1386.0	1386	214.0	214


Run 23
500	1416.028	1535	167.52	198
750	1421.932	1535	176.52	204
1000	1419.992	1535	185.822	205
1250	1429.164	1535	191.354	205
1500	1446.516	1535	195.736	205
1750	1452.88	1535	199.32	205
2000	1453.594	1506	200.956	204
2250	1453.038	1489	201.962	204
2500	1452.46	1489	202.776	204
2750	1450.722	1480	203.74	204
3000	1450.0	1450	204.0	204
3250	1450.0	1450	204.0	204
3500	1450.0	1450	204.0	204
3750	1450.0	1450	204.0	204
4000	1450.0	1450	204.0	204
4250	1450.0	1450	204.0	204
4500	1450.0	1450	204.0	204
4750	1450.0	1450	204.0	204
5000	1450.0	1450	204.0	204
5250	1450.0	1450	204.0	204
5500	1450.0	1450	204.0	204
5750	1450.0	1450	204.0	204
6000	1450.0	1450	204.0	204
6250	1450.0	1450	204.0	204
6500	1450.0	1450	204.0	204
6750	1450.0	1450	204.0	204
7000	1450.0	1450	204.0	204
7250	1450.0	1450	204.0	204
7500	1450.0	1450	204.0	204
7750	1450.0	1450	204.0	204
8000	1450.0	1450	204.0	204
8250	1450.0	1450	204.0	204
8500	1450.0	1450	204.0	204
8750	1450.0	1450	204.0	204
9000	1450.0	1450	204.0	204
9250	1450.0	1450	204.0	204
9500	1450.0	1450	204.0	204
9750	1450.0	1450	204.0	204
10000	1450.0	1450	204.0	204


Run 24
500	1416.418	1549	167.63	203
750	1410.488	1549	178.128	208
1000	1424.468	1549	187.134	211
1250	1415.936	1519	198.23	211
1500	1406.59	1512	206.076	210
1750	1406.392	1500	208.63	210
2000	1408.0	1408	209.0	209
2250	1408.0	1408	209.0	209
2500	1408.0	1408	209.0	209
2750	1408.0	1408	209.0	209
3000	1408.0	1408	209.0	209
3250	1408.0	1408	209.0	209
3500	1408.0	1408	209.0	209
3750	1408.0	1408	209.0	209
4000	1408.0	1408	209.0	209
4250	1408.0	1408	209.0	209
4500	1408.0	1408	209.0	209
4750	1408.0	1408	209.0	209
5000	1408.0	1408	209.0	209
5250	1408.0	1408	209.0	209
5500	1408.0	1408	209.0	209
5750	1408.0	1408	209.0	209
6000	1408.0	1408	209.0	209
6250	1408.0	1408	209.0	209
6500	1408.0	1408	209.0	209
6750	1408.0	1408	209.0	209
7000	1408.0	1408	209.0	209
7250	1408.0	1408	209.0	209
7500	1408.0	1408	209.0	209
7750	1408.0	1408	209.0	209
8000	1408.0	1408	209.0	209
8250	1408.0	1408	209.0	209
8500	1408.0	1408	209.0	209
8750	1408.0	1408	209.0	209
9000	1408.0	1408	209.0	209
9250	1408.0	1408	209.0	209
9500	1408.0	1408	209.0	209
9750	1408.0	1408	209.0	209
10000	1408.0	1408	209.0	209


Run 25
500	1416.358	1588	167.116	199
750	1414.224	1588	178.062	214
1000	1395.222	1588	194.544	222
1250	1376.032	1588	207.144	225
1500	1363.058	1588	216.026	227
1750	1361.308	1588	219.106	228
2000	1361.008	1467	221.11	228
2250	1361.662	1467	222.044	228
2500	1360.02	1467	223.352	228
2750	1359.0	1359	224.0	224
3000	1359.0	1359	224.0	224
3250	1359.0	1359	224.0	224
3500	1359.0	1359	224.0	224
3750	1359.0	1359	224.0	224
4000	1359.0	1359	224.0	224
4250	1359.0	1359	224.0	224
4500	1359.0	1359	224.0	224
4750	1359.0	1359	224.0	224
5000	1359.0	1359	224.0	224
5250	1359.0	1359	224.0	224
5500	1359.0	1359	224.0	224
5750	1359.0	1359	224.0	224
6000	1359.0	1359	224.0	224
6250	1359.0	1359	224.0	224
6500	1359.0	1359	224.0	224
6750	1359.0	1359	224.0	224
7000	1359.0	1359	224.0	224
7250	1359.0	1359	224.0	224
7500	1359.0	1359	224.0	224
7750	1359.0	1359	224.0	224
8000	1359.0	1359	224.0	224
8250	1359.0	1359	224.0	224
8500	1359.0	1359	224.0	224
8750	1359.0	1359	224.0	224
9000	1359.0	1359	224.0	224
9250	1359.0	1359	224.0	224
9500	1359.0	1359	224.0	224
9750	1359.0	1359	224.0	224
10000	1359.0	1359	224.0	224


Run 26
500	1417.53	1563	166.39	198
750	1407.886	1563	176.718	205
1000	1396.094	1538	189.88	205
1250	1400.514	1538	196.906	206
1500	1412.472	1533	200.378	206
1750	1420.436	1533	203.088	210
2000	1416.1	1463	206.664	210
2250	1410.002	1447	209.182	210
2500	1407.0	1407	210.0	210
2750	1407.0	1407	210.0	210
3000	1407.0	1407	210.0	210
3250	1407.0	1407	210.0	210
3500	1407.0	1407	210.0	210
3750	1407.0	1407	210.0	210
4000	1407.0	1407	210.0	210
4250	1407.0	1407	210.0	210
4500	1407.0	1407	210.0	210
4750	1407.0	1407	210.0	210
5000	1407.0	1407	210.0	210
5250	1407.0	1407	210.0	210
5500	1407.0	1407	210.0	210
5750	1407.0	1407	210.0	210
6000	1407.0	1407	210.0	210
6250	1407.0	1407	210.0	210
6500	1407.0	1407	210.0	210
6750	1407.0	1407	210.0	210
7000	1407.0	1407	210.0	210
7250	1407.0	1407	210.0	210
7500	1407.0	1407	210.0	210
7750	1407.0	1407	210.0	210
8000	1407.0	1407	210.0	210
8250	1407.0	1407	210.0	210
8500	1407.0	1407	210.0	210
8750	1407.0	1407	210.0	210
9000	1407.0	1407	210.0	210
9250	1407.0	1407	210.0	210
9500	1407.0	1407	210.0	210
9750	1407.0	1407	210.0	210
10000	1407.0	1407	210.0	210


Run 27
500	1418.792	1556	166.282	198
750	1409.096	1556	176.992	201
1000	1411.26	1534	187.012	213
1250	1399.966	1532	198.644	214
1500	1391.28	1520	206.1	214
1750	1386.464	1499	209.914	214
2000	1385.0	1385	211.0	211
2250	1385.0	1385	211.0	211
2500	1385.0	1385	211.0	211
2750	1385.0	1385	211.0	211
3000	1385.0	1385	211.0	211
3250	1385.0	1385	211.0	211
3500	1385.0	1385	211.0	211
3750	1385.0	1385	211.0	211
4000	1385.0	1385	211.0	211
4250	1385.0	1385	211.0	211
4500	1385.0	1385	211.0	211
4750	1385.0	1385	211.0	211
5000	1385.0	1385	211.0	211
5250	1385.0	1385	211.0	211
5500	1385.0	1385	211.0	211
5750	1385.0	1385	211.0	211
6000	1385.0	1385	211.0	211
6250	1385.0	1385	211.0	211
6500	1385.0	1385	211.0	211
6750	1385.0	1385	211.0	211
7000	1385.0	1385	211.0	211
7250	1385.0	1385	211.0	211
7500	1385.0	1385	211.0	211
7750	1385.0	1385	211.0	211
8000	1385.0	1385	211.0	211
8250	1385.0	1385	211.0	211
8500	1385.0	1385	211.0	211
8750	1385.0	1385	211.0	211
9000	1385.0	1385	211.0	211
9250	1385.0	1385	211.0	211
9500	1385.0	1385	211.0	211
9750	1385.0	1385	211.0	211
10000	1385.0	1385	211.0	211


Run 28
500	1419.724	1543	166.51	203
750	1429.252	1543	174.398	206
1000	1429.29	1543	187.196	213
1250	1430.606	1543	196.35	215
1500	1422.532	1538	203.816	217
1750	1417.796	1538	208.038	218
2000	1418.538	1538	209.966	218
2250	1418.62	1489	212.502	218
2500	1417.382	1473	214.358	217
2750	1417.0	1417	215.0	215
3000	1417.0	1417	215.0	215
3250	1417.0	1417	215.0	215
3500	1417.0	1417	215.0	215
3750	1417.0	1417	215.0	215
4000	1417.0	1417	215.0	215
4250	1417.0	1417	215.0	215
4500	1417.0	1417	215.0	215
4750	1417.0	1417	215.0	215
5000	1417.0	1417	215.0	215
5250	1417.0	1417	215.0	215
5500	1417.0	1417	215.0	215
5750	1417.0	1417	215.0	215
6000	1417.0	1417	215.0	215
6250	1417.0	1417	215.0	215
6500	1417.0	1417	215.0	215
6750	1417.0	1417	215.0	215
7000	1417.0	1417	215.0	215
7250	1417.0	1417	215.0	215
7500	1417.0	1417	215.0	215
7750	1417.0	1417	215.0	215
8000	1417.0	1417	215.0	215
8250	1417.0	1417	215.0	215
8500	1417.0	1417	215.0	215
8750	1417.0	1417	215.0	215
9000	1417.0	1417	215.0	215
9250	1417.0	1417	215.0	215
9500	1417.0	1417	215.0	215
9750	1417.0	1417	215.0	215
10000	1417.0	1417	215.0	215


Run 29
500	1418.134	1573	167.122	202
750	1405.298	1573	178.83	213
1000	1398.724	1573	190.402	215
1250	1385.16	1542	200.158	223
1500	1361.794	1511	209.2	231
1750	1341.392	1473	217.604	231
2000	1325.638	1471	223.416	231
2250	1316.822	1471	226.686	231
2500	1313.848	1323	227.752	229
2750	1313.0	1313	228.0	228
3000	1313.0	1313	228.0	228
3250	1313.0	1313	228.0	228
3500	1313.0	1313	228.0	228
3750	1313.0	1313	228.0	228
4000	1313.0	1313	228.0	228
4250	1313.0	1313	228.0	228
4500	1313.0	1313	228.0	228
4750	1313.0	1313	228.0	228
5000	1313.0	1313	228.0	228
5250	1313.0	1313	228.0	228
5500	1313.0	1313	228.0	228
5750	1313.0	1313	228.0	228
6000	1313.0	1313	228.0	228
6250	1313.0	1313	228.0	228
6500	1313.0	1313	228.0	228
6750	1313.0	1313	228.0	228
7000	1313.0	1313	228.0	228
7250	1313.0	1313	228.0	228
7500	1313.0	1313	228.0	228
7750	1313.0	1313	228.0	228
8000	1313.0	1313	228.0	228
8250	1313.0	1313	228.0	228
8500	1313.0	1313	228.0	228
8750	1313.0	1313	228.0	228
9000	1313.0	1313	228.0	228
9250	1313.0	1313	228.0	228
9500	1313.0	1313	228.0	228
9750	1313.0	1313	228.0	228
10000	1313.0	1313	228.0	228


Run 30
500	1422.254	1518	165.938	198
750	1432.528	1522	176.578	210
1000	1434.734	1522	188.112	213
1250	1432.7	1522	200.076	217
1500	1427.026	1517	208.052	218
1750	1428.876	1517	211.436	219
2000	1429.606	1517	213.958	219
2250	1432.856	1517	216.662	219
2500	1434.0	1434	219.0	219
2750	1434.0	1434	219.0	219
3000	1434.0	1434	219.0	219
3250	1434.0	1434	219.0	219
3500	1434.0	1434	219.0	219
3750	1434.0	1434	219.0	219
4000	1434.0	1434	219.0	219
4250	1434.0	1434	219.0	219
4500	1434.0	1434	219.0	219
4750	1434.0	1434	219.0	219
5000	1434.0	1434	219.0	219
5250	1434.0	1434	219.0	219
5500	1434.0	1434	219.0	219
5750	1434.0	1434	219.0	219
6000	1434.0	1434	219.0	219
6250	1434.0	1434	219.0	219
6500	1434.0	1434	219.0	219
6750	1434.0	1434	219.0	219
7000	1434.0	1434	219.0	219
7250	1434.0	1434	219.0	219
7500	1434.0	1434	219.0	219
7750	1434.0	1434	219.0	219
8000	1434.0	1434	219.0	219
8250	1434.0	1434	219.0	219
8500	1434.0	1434	219.0	219
8750	1434.0	1434	219.0	219
9000	1434.0	1434	219.0	219
9250	1434.0	1434	219.0	219
9500	1434.0	1434	219.0	219
9750	1434.0	1434	219.0	219
10000	1434.0	1434	219.0	219


