CNF File Name: cnf/5.cnf
Random number seed value: 1445739716.0
Number of runs: 30
Number of fitness evaluations per run: 10000
Population size: 500
Lambda: 250
Strategy: plus
Parent Selection: Fitness proportional
Survival Selection: Fitness proportional
K value for survival: 0
K value for parents: 0
N convergence number: 0

Results log

Run 1
500	1420.196	1535	166.242	202
750	1422.33066667	1566	166.797333333	202
1000	1423.876	1566	167.217	202
1250	1425.2144	1566	167.6216	202
1500	1425.60666667	1566	167.865333333	202
1750	1426.15657143	1592	168.066285714	202
2000	1426.8335	1592	168.314	208
2250	1426.96311111	1592	168.632888889	208
2500	1427.6948	1592	168.7088	208
2750	1428.01272727	1592	168.881090909	208
3000	1428.28566667	1592	169.034	208
3250	1428.52923077	1592	169.196307692	208
3500	1428.4	1592	169.4	208
3750	1428.58613333	1592	169.5896	208
4000	1428.99525	1592	169.67525	208
4250	1429.42588235	1592	169.739058824	208
4500	1429.46111111	1592	169.920666667	208
4750	1429.71031579	1592	170.042105263	208
5000	1429.7768	1592	170.119	209
5250	1430.05466667	1592	170.181333333	209
5500	1430.00090909	1592	170.316909091	209
5750	1429.90452174	1592	170.416	209
6000	1429.87566667	1592	170.547166667	209
6250	1430.28672	1592	170.54416	209
6500	1430.38830769	1592	170.633538462	209
6750	1430.48533333	1592	170.729037037	209
7000	1430.602	1592	170.794285714	209
7250	1430.92993103	1592	170.831448276	209
7500	1431.1756	1592	170.848266667	209
7750	1431.43935484	1592	170.852	209
8000	1431.45225	1592	170.933875	209
8250	1431.59915152	1592	170.97430303	209
8500	1431.72858824	1592	171.053294118	209
8750	1431.8192	1592	171.12	209
9000	1432.03077778	1592	171.167333333	209
9250	1432.1652973	1592	171.215675676	209
9500	1432.26631579	1592	171.272842105	209
9750	1432.37969231	1592	171.30974359	209
10000	1432.6017	1592	171.325	209


Run 2
500	1417.792	1542	166.758	199
750	1419.09066667	1542	167.424	199
1000	1418.065	1542	168.546	207
1250	1419.304	1542	169.2344	207
1500	1420.10533333	1542	169.566	207
1750	1421.38514286	1542	169.724	207
2000	1422.714	1542	169.8475	207
2250	1422.832	1554	170.146666667	207
2500	1423.5176	1554	170.2896	207
2750	1424.09927273	1565	170.431272727	207
3000	1424.33033333	1565	170.635333333	207
3250	1425.16584615	1565	170.752	207
3500	1425.78371429	1565	170.858571429	207
3750	1426.22853333	1565	171.002933333	207
4000	1426.66025	1566	171.0425	207
4250	1427.02988235	1566	171.158588235	207
4500	1427.28866667	1566	171.262222222	207
4750	1427.68610526	1566	171.364421053	208
5000	1428.3506	1566	171.3946	208
5250	1428.99238095	1566	171.382095238	208
5500	1429.14872727	1566	171.480909091	208
5750	1429.56852174	1566	171.504173913	208
6000	1429.9795	1566	171.548666667	208
6250	1430.1712	1566	171.61264	208
6500	1430.342	1566	171.694153846	208
6750	1430.67955556	1566	171.752592593	208
7000	1431.07028571	1566	171.743428571	208
7250	1431.41406897	1567	171.797517241	208
7500	1431.59493333	1576	171.851333333	208
7750	1431.79432258	1576	171.886193548	208
8000	1432.060375	1576	171.9235	209
8250	1432.23987879	1576	171.95830303	209
8500	1432.59529412	1576	171.986	209
8750	1432.89737143	1593	172.010285714	209
9000	1433.15455556	1593	172.038777778	209
9250	1433.40605405	1593	172.07372973	209
9500	1433.51947368	1593	172.135052632	209
9750	1433.59446154	1593	172.200102564	209
10000	1433.8198	1593	172.2062	209


Run 3
500	1417.888	1530	166.492	200
750	1419.47333333	1530	166.750666667	200
1000	1419.745	1539	167.367	200
1250	1421.124	1539	167.4984	200
1500	1420.818	1539	167.880666667	200
1750	1421.02971429	1553	168.198857143	201
2000	1421.421	1553	168.484	201
2250	1421.95111111	1553	168.608444444	201
2500	1422.1348	1553	168.9068	207
2750	1422.888	1553	168.983636364	207
3000	1423.525	1553	169.112	207
3250	1423.756	1560	169.333538462	207
3500	1424.39	1560	169.359428571	207
3750	1424.54533333	1560	169.467733333	207
4000	1424.7995	1560	169.5785	207
4250	1425.15576471	1560	169.668705882	207
4500	1425.25377778	1560	169.798888889	207
4750	1425.72842105	1560	169.858315789	207
5000	1425.9166	1560	169.9878	207
5250	1426.04571429	1562	170.086857143	207
5500	1425.83109091	1562	170.254727273	214
5750	1426.12208696	1583	170.273043478	214
6000	1426.6055	1583	170.2835	214
6250	1427.12816	1583	170.30672	214
6500	1427.56461538	1583	170.340307692	214
6750	1427.7	1583	170.401185185	214
7000	1428.021	1583	170.433142857	214
7250	1428.22772414	1583	170.475310345	214
7500	1428.46266667	1583	170.5264	214
7750	1428.67716129	1583	170.560129032	214
8000	1428.820125	1583	170.6105	214
8250	1429.00290909	1583	170.645818182	214
8500	1429.31247059	1583	170.629058824	214
8750	1429.38251429	1583	170.661828571	214
9000	1429.53077778	1585	170.710666667	214
9250	1429.76010811	1585	170.713945946	214
9500	1429.95463158	1585	170.721263158	214
9750	1430.14164103	1585	170.738051282	214
10000	1430.2535	1585	170.7869	214


Run 4
500	1419.774	1559	166.258	202
750	1420.91866667	1566	166.9	202
1000	1422.086	1566	167.428	205
1250	1423.5136	1566	167.7344	205
1500	1425.0	1598	167.801333333	205
1750	1426.25028571	1598	168.013714286	205
2000	1427.287	1598	168.1545	205
2250	1427.804	1598	168.395555556	205
2500	1428.2788	1598	168.5204	205
2750	1428.28509091	1598	168.801818182	205
3000	1429.33666667	1598	168.806333333	205
3250	1429.95538462	1598	168.852	205
3500	1430.08857143	1598	169.018857143	205
3750	1430.46826667	1598	169.104266667	205
4000	1430.876	1598	169.1255	205
4250	1431.49058824	1598	169.178352941	205
4500	1432.07	1598	169.225777778	213
4750	1431.90421053	1598	169.360421053	213
5000	1432.1438	1598	169.4114	213
5250	1432.8352381	1598	169.375619048	213
5500	1432.75763636	1598	169.470181818	213
5750	1432.92921739	1598	169.544695652	213
6000	1433.15133333	1598	169.606166667	213
6250	1433.4872	1599	169.62944	213
6500	1433.62092308	1599	169.692461538	213
6750	1434.02414815	1599	169.681185185	213
7000	1434.19328571	1599	169.793571429	213
7250	1434.44951724	1599	169.828689655	213
7500	1434.62146667	1599	169.8756	213
7750	1434.844	1599	169.932129032	213
8000	1435.032125	1599	169.997875	213
8250	1435.34509091	1599	169.986909091	213
8500	1435.55882353	1599	170.038823529	213
8750	1435.68285714	1599	170.100571429	214
9000	1435.9	1599	170.143111111	214
9250	1435.828	1599	170.218594595	214
9500	1435.89589474	1599	170.271789474	214
9750	1436.08605128	1599	170.306769231	214
10000	1436.3072	1599	170.3261	214


Run 5
500	1419.082	1522	165.858	195
750	1420.436	1522	166.344	195
1000	1422.672	1522	166.734	199
1250	1424.7152	1522	166.8944	199
1500	1426.39333333	1522	167.066	200
1750	1426.48971429	1543	167.482285714	200
2000	1427.2525	1543	167.6665	203
2250	1428.06222222	1543	167.830666667	203
2500	1428.8132	1564	167.9348	204
2750	1429.27818182	1564	168.149454545	204
3000	1429.64566667	1564	168.303	204
3250	1430.35538462	1564	168.486769231	204
3500	1431.17542857	1564	168.472857143	204
3750	1431.53946667	1564	168.529866667	204
4000	1431.7365	1576	168.67525	204
4250	1432.32470588	1576	168.672941176	205
4500	1432.69977778	1576	168.672666667	205
4750	1433.43726316	1576	168.656	207
5000	1433.8248	1576	168.7652	207
5250	1434.05333333	1576	168.893904762	207
5500	1434.20654545	1576	168.971636364	207
5750	1434.45165217	1576	169.005913043	207
6000	1434.87866667	1576	169.047833333	207
6250	1435.37376	1576	169.07696	207
6500	1435.59738462	1576	169.142615385	207
6750	1435.88874074	1576	169.179407407	207
7000	1436.18528571	1576	169.213285714	207
7250	1436.40496552	1576	169.244413793	212
7500	1436.45666667	1576	169.3288	212
7750	1436.63070968	1576	169.382451613	212
8000	1436.991625	1576	169.409375	212
8250	1437.04509091	1601	169.474909091	212
8500	1437.31223529	1601	169.478823529	212
8750	1437.6	1601	169.510171429	212
9000	1437.59	1601	169.612555556	212
9250	1437.65362162	1601	169.655567568	212
9500	1437.90273684	1601	169.683263158	212
9750	1438.13138462	1601	169.729025641	212
10000	1438.164	1601	169.7798	212


Run 6
500	1417.09	1532	167.424	209
750	1419.33333333	1532	168.069333333	209
1000	1421.928	1538	168.299	209
1250	1424.2384	1559	168.4288	209
1500	1425.50733333	1559	168.486	209
1750	1426.77085714	1559	168.590857143	209
2000	1427.8145	1559	168.591	210
2250	1428.58222222	1559	168.696	210
2500	1429.1036	1559	168.87	210
2750	1430.248	1559	168.836363636	210
3000	1430.32533333	1568	169.018333333	210
3250	1430.89292308	1568	169.195692308	210
3500	1431.51828571	1568	169.211142857	210
3750	1431.92826667	1568	169.366666667	210
4000	1432.2995	1568	169.4165	210
4250	1432.49694118	1568	169.573176471	210
4500	1432.92222222	1571	169.632444444	210
4750	1433.35031579	1571	169.646315789	210
5000	1433.7102	1571	169.6782	210
5250	1433.81561905	1576	169.742285714	210
5500	1434.37018182	1576	169.736909091	210
5750	1434.53513043	1576	169.827826087	210
6000	1434.7585	1576	169.929	210
6250	1434.92064	1576	170.04224	212
6500	1435.13738462	1576	170.102	212
6750	1435.52948148	1576	170.111259259	212
7000	1436.00471429	1576	170.134857143	212
7250	1436.26372414	1576	170.170206897	212
7500	1436.48133333	1576	170.222133333	212
7750	1436.86980645	1576	170.175612903	212
8000	1437.0675	1576	170.256625	212
8250	1437.18424242	1576	170.328	212
8500	1437.40576471	1576	170.385647059	212
8750	1437.59074286	1576	170.4088	212
9000	1437.85022222	1576	170.414222222	212
9250	1437.88962162	1576	170.481189189	215
9500	1438.05726316	1576	170.506736842	215
9750	1438.0814359	1576	170.565538462	215
10000	1438.1722	1576	170.6282	215


Run 7
500	1419.094	1532	166.49	199
750	1422.42	1563	166.854666667	200
1000	1423.551	1563	167.191	200
1250	1425.284	1563	167.3808	208
1500	1426.896	1563	167.56	208
1750	1428.68742857	1563	167.564571429	208
2000	1429.8115	1563	167.6875	208
2250	1431.07644444	1563	167.868	208
2500	1432.4168	1565	167.9172	208
2750	1432.9	1565	168.143272727	210
3000	1433.688	1565	168.184666667	210
3250	1434.13753846	1565	168.292	210
3500	1434.89571429	1568	168.364285714	210
3750	1435.0656	1568	168.485866667	210
4000	1435.32225	1568	168.596	210
4250	1435.73670588	1568	168.709176471	210
4500	1435.998	1568	168.863111111	210
4750	1436.46589474	1604	168.937684211	210
5000	1436.7888	1604	169.0434	210
5250	1437.20761905	1604	169.139238095	210
5500	1437.39927273	1604	169.215454545	210
5750	1437.69217391	1604	169.293043478	210
6000	1438.06516667	1604	169.328	210
6250	1438.56816	1604	169.3464	210
6500	1438.81138462	1604	169.422	210
6750	1438.9842963	1604	169.479259259	210
7000	1438.80242857	1604	169.632	210
7250	1438.82110345	1604	169.731724138	210
7500	1438.88613333	1604	169.7756	210
7750	1439.09109677	1604	169.812903226	210
8000	1439.490125	1604	169.838	210
8250	1439.59818182	1604	169.911515152	210
8500	1439.74505882	1604	169.981882353	210
8750	1439.85805714	1604	170.055657143	211
9000	1440.05622222	1604	170.117	211
9250	1440.23697297	1604	170.188108108	212
9500	1440.51736842	1604	170.191052632	212
9750	1440.73907692	1604	170.193435897	212
10000	1440.9117	1604	170.2255	212


Run 8
500	1420.174	1559	166.184	197
750	1422.416	1577	166.768	204
1000	1424.125	1577	167.336	204
1250	1424.668	1577	167.9712	204
1500	1426.00266667	1577	168.255333333	204
1750	1427.30342857	1577	168.417142857	204
2000	1428.0795	1577	168.5325	204
2250	1428.908	1577	168.665777778	204
2500	1429.2804	1577	168.8992	204
2750	1429.36181818	1577	169.112363636	204
3000	1430.12333333	1577	169.139	204
3250	1430.81353846	1577	169.212	204
3500	1431.41142857	1577	169.217428571	204
3750	1431.98666667	1577	169.266666667	204
4000	1432.1635	1577	169.372	204
4250	1432.30658824	1577	169.480235294	204
4500	1433.142	1577	169.462	204
4750	1433.37115789	1577	169.612	204
5000	1433.8414	1577	169.6876	209
5250	1433.92038095	1577	169.823809524	209
5500	1434.39418182	1577	169.904545455	209
5750	1434.53686957	1581	169.990434783	209
6000	1434.665	1581	170.0755	209
6250	1435.09824	1581	170.05392	209
6500	1435.27861538	1583	170.148461538	209
6750	1435.54651852	1583	170.176592593	209
7000	1435.72142857	1583	170.229714286	209
7250	1435.96206897	1583	170.295034483	209
7500	1436.12066667	1583	170.341333333	209
7750	1436.08864516	1583	170.423225806	209
8000	1436.197	1583	170.493	209
8250	1436.17684848	1584	170.589939394	209
8500	1436.452	1584	170.582823529	209
8750	1436.59051429	1584	170.638057143	209
9000	1436.80222222	1584	170.658222222	209
9250	1437.00648649	1584	170.684324324	209
9500	1437.39684211	1584	170.677789474	209
9750	1437.56235897	1584	170.687179487	209
10000	1437.6718	1584	170.7346	209


Run 9
500	1419.28	1557	167.334	202
750	1418.72933333	1557	168.166666667	202
1000	1419.808	1557	168.69	202
1250	1421.284	1557	168.8728	202
1500	1422.15066667	1559	169.092	202
1750	1423.608	1559	169.221714286	202
2000	1424.3205	1559	169.4405	202
2250	1425.60311111	1559	169.532	202
2500	1426.21	1559	169.692	202
2750	1426.956	1559	169.742181818	207
3000	1427.29566667	1577	169.877666667	207
3250	1427.76	1577	170.007076923	207
3500	1427.368	1577	170.224857143	207
3750	1427.5864	1577	170.3784	207
4000	1427.5805	1577	170.56275	207
4250	1427.93552941	1577	170.662823529	207
4500	1428.39777778	1577	170.750666667	207
4750	1428.72336842	1577	170.841263158	207
5000	1429.1656	1577	170.8484	207
5250	1429.41295238	1577	170.918285714	208
5500	1429.79127273	1577	170.952363636	208
5750	1429.98347826	1577	171.014434783	211
6000	1430.4125	1577	171.017166667	211
6250	1430.63024	1577	171.10464	211
6500	1430.75984615	1577	171.176769231	211
6750	1430.74992593	1577	171.235703704	211
7000	1430.95628571	1577	171.28	211
7250	1431.076	1592	171.351310345	211
7500	1431.35386667	1592	171.368	211
7750	1431.41367742	1592	171.410451613	211
8000	1431.684375	1592	171.422375	211
8250	1431.93672727	1592	171.455393939	211
8500	1432.09235294	1592	171.497647059	211
8750	1432.32697143	1597	171.503885714	211
9000	1432.44822222	1597	171.543222222	211
9250	1432.52356757	1597	171.610378378	211
9500	1432.70357895	1597	171.625473684	213
9750	1432.89630769	1597	171.653333333	213
10000	1433.011	1597	171.7155	213


Run 10
500	1416.068	1548	166.95	199
750	1419.21066667	1556	167.152	199
1000	1420.807	1556	167.467	201
1250	1422.1128	1558	167.7768	201
1500	1422.948	1558	168.071333333	201
1750	1423.66971429	1561	168.461714286	201
2000	1424.704	1575	168.6185	201
2250	1425.44444444	1575	168.833777778	201
2500	1426.1352	1575	168.9784	203
2750	1426.73563636	1575	169.110181818	203
3000	1427.241	1575	169.190666667	203
3250	1427.40338462	1575	169.359384615	204
3500	1427.64314286	1575	169.470571429	204
3750	1428.1408	1575	169.508266667	204
4000	1428.29325	1575	169.66375	204
4250	1428.79529412	1575	169.697647059	204
4500	1429.112	1575	169.775777778	204
4750	1429.57936842	1575	169.820631579	204
5000	1429.9644	1575	169.9	206
5250	1430.4072381	1575	169.949714286	206
5500	1430.78581818	1575	170.036363636	206
5750	1431.22365217	1575	170.120347826	206
6000	1431.56916667	1575	170.154833333	206
6250	1431.93024	1575	170.19776	206
6500	1432.11476923	1583	170.236307692	206
6750	1432.27022222	1583	170.326074074	206
7000	1432.27657143	1583	170.410714286	206
7250	1432.5897931	1583	170.418896552	206
7500	1432.88066667	1583	170.496	206
7750	1433.24477419	1583	170.512	206
8000	1433.461875	1583	170.541625	206
8250	1433.65793939	1583	170.555393939	206
8500	1433.77588235	1583	170.614235294	206
8750	1433.7776	1583	170.694057143	208
9000	1434.08555556	1583	170.722222222	209
9250	1434.27837838	1583	170.764216216	209
9500	1434.46694737	1583	170.789368421	209
9750	1434.64502564	1583	170.834051282	211
10000	1434.6519	1583	170.8857	211


Run 11
500	1419.258	1535	166.614	203
750	1421.91866667	1535	166.938666667	205
1000	1422.64	1546	167.681	205
1250	1423.0208	1546	168.248	205
1500	1423.82733333	1546	168.606666667	206
1750	1424.44171429	1569	168.948571429	206
2000	1425.657	1569	169.13	206
2250	1426.09955556	1569	169.316444444	206
2500	1427.7792	1569	169.3104	206
2750	1428.49927273	1569	169.524363636	206
3000	1429.415	1569	169.661	206
3250	1429.79661538	1569	169.766769231	206
3500	1430.28257143	1569	169.828857143	206
3750	1430.6432	1569	169.913866667	206
4000	1430.985	1601	170.03875	206
4250	1431.00117647	1601	170.238823529	206
4500	1431.32755556	1601	170.340666667	206
4750	1431.39726316	1601	170.425894737	206
5000	1431.9262	1601	170.4472	206
5250	1432.216	1601	170.522285714	207
5500	1432.69290909	1601	170.560181818	207
5750	1432.90730435	1607	170.625913043	207
6000	1433.11483333	1607	170.699333333	207
6250	1433.35456	1607	170.75248	207
6500	1433.47984615	1607	170.837846154	209
6750	1433.6717037	1607	170.891259259	209
7000	1434.041	1607	170.885142857	209
7250	1434.40510345	1607	170.905103448	209
7500	1434.60706667	1607	170.9468	209
7750	1434.86	1607	171.015612903	209
8000	1435.0025	1607	171.079125	209
8250	1435.27442424	1607	171.110787879	209
8500	1435.52917647	1607	171.158588235	209
8750	1435.68651429	1607	171.187428571	209
9000	1436.04355556	1607	171.185	209
9250	1436.32335135	1607	171.210594595	209
9500	1436.36547368	1607	171.274	209
9750	1436.4574359	1607	171.294564103	209
10000	1436.6216	1607	171.334	209


Run 12
500	1417.324	1538	167.466	200
750	1416.348	1538	168.449333333	200
1000	1417.412	1538	168.88	211
1250	1417.2624	1538	169.5824	211
1500	1418.68333333	1538	169.775333333	211
1750	1421.07142857	1546	169.680571429	211
2000	1421.951	1546	169.861	211
2250	1422.408	1546	170.071555556	211
2500	1423.5784	1546	170.0216	211
2750	1423.64727273	1546	170.272363636	211
3000	1424.52566667	1550	170.244	211
3250	1424.93446154	1550	170.318769231	211
3500	1425.38828571	1559	170.416857143	211
3750	1425.6352	1559	170.537066667	211
4000	1425.92875	1559	170.6345	211
4250	1426.26070588	1568	170.741176471	211
4500	1426.51511111	1568	170.848888889	211
4750	1426.98126316	1568	170.909263158	211
5000	1426.8832	1568	171.1068	211
5250	1427.20514286	1568	171.199809524	211
5500	1427.45654545	1568	171.226545455	211
5750	1427.82034783	1568	171.257217391	211
6000	1427.942	1569	171.375	213
6250	1428.31264	1569	171.40448	213
6500	1428.662	1569	171.407846154	213
6750	1429.02488889	1569	171.439555556	213
7000	1429.24985714	1569	171.482428571	213
7250	1429.35793103	1569	171.557931034	213
7500	1429.4204	1569	171.6404	213
7750	1429.53754839	1569	171.71316129	213
8000	1429.6925	1569	171.772125	213
8250	1429.73236364	1569	171.832606061	213
8500	1429.81882353	1569	171.877058824	213
8750	1429.80617143	1569	171.967885714	213
9000	1429.79811111	1569	172.045222222	213
9250	1430.05967568	1576	172.056540541	213
9500	1430.20568421	1576	172.075263158	213
9750	1430.51487179	1576	172.090461538	213
10000	1430.7066	1576	172.0969	213


Run 13
500	1418.152	1592	166.974	199
750	1419.748	1592	167.817333333	204
1000	1421.148	1592	168.204	205
1250	1421.3832	1592	168.6464	205
1500	1422.956	1592	168.829333333	205
1750	1423.45885714	1592	169.139428571	205
2000	1424.617	1592	169.2595	205
2250	1424.97066667	1592	169.539555556	210
2500	1425.6908	1592	169.7164	210
2750	1426.06181818	1592	169.817090909	210
3000	1426.53866667	1592	169.989666667	210
3250	1426.59446154	1592	170.240307692	210
3500	1427.568	1592	170.292285714	210
3750	1427.83466667	1592	170.36	210
4000	1428.1665	1592	170.4505	210
4250	1428.42235294	1592	170.558588235	210
4500	1428.90711111	1592	170.604888889	210
4750	1429.29621053	1592	170.645263158	210
5000	1429.1406	1592	170.8138	210
5250	1429.51371429	1592	170.847238095	210
5500	1429.86381818	1592	170.896545455	210
5750	1430.11078261	1609	170.943130435	210
6000	1430.56983333	1609	170.929833333	210
6250	1430.92016	1609	171.02448	210
6500	1431.35276923	1618	171.049230769	210
6750	1431.48696296	1618	171.144148148	210
7000	1431.71528571	1618	171.171142857	210
7250	1431.71889655	1618	171.287172414	210
7500	1431.93693333	1618	171.336666667	210
7750	1431.92064516	1618	171.475354839	214
8000	1432.276	1618	171.466875	214
8250	1432.42278788	1618	171.51769697	214
8500	1432.52882353	1618	171.557411765	214
8750	1432.91714286	1618	171.577714286	214
9000	1433.18244444	1618	171.615666667	214
9250	1433.33708108	1618	171.647675676	214
9500	1433.58978947	1618	171.638947368	214
9750	1433.8374359	1618	171.639076923	214
10000	1433.904	1618	171.7155	214


Run 14
500	1420.126	1541	166.534	195
750	1421.97466667	1568	166.828	197
1000	1423.725	1568	167.149	199
1250	1424.5376	1568	167.7648	199
1500	1424.45733333	1568	168.315333333	204
1750	1425.29828571	1568	168.553714286	205
2000	1425.6545	1568	168.7955	205
2250	1426.316	1568	169.081333333	219
2500	1426.6828	1568	169.2636	219
2750	1427.85090909	1577	169.252363636	219
3000	1427.96633333	1577	169.432	219
3250	1428.59569231	1577	169.511076923	219
3500	1428.79285714	1577	169.637428571	219
3750	1429.02613333	1577	169.731466667	219
4000	1429.21925	1577	169.83825	219
4250	1429.52211765	1577	169.917647059	219
4500	1429.70555556	1577	170.024888889	219
4750	1429.98315789	1577	170.145473684	219
5000	1430.2744	1577	170.2476	219
5250	1430.33104762	1577	170.341714286	219
5500	1430.62272727	1577	170.377272727	219
5750	1430.84991304	1577	170.425043478	219
6000	1430.91283333	1577	170.497666667	219
6250	1431.07056	1577	170.58688	219
6500	1431.33323077	1577	170.609076923	219
6750	1431.64562963	1577	170.62237037	219
7000	1431.91142857	1577	170.687142857	219
7250	1431.87117241	1577	170.767448276	219
7500	1431.94293333	1577	170.820933333	219
7750	1432.06580645	1577	170.866580645	219
8000	1432.159375	1577	170.934125	219
8250	1432.116	1577	171.055636364	219
8500	1432.47917647	1577	171.045294118	219
8750	1432.5808	1577	171.092114286	219
9000	1432.61044444	1577	171.165111111	219
9250	1432.77654054	1577	171.192864865	219
9500	1432.84357895	1577	171.278842105	219
9750	1432.91887179	1577	171.342358974	219
10000	1433.1077	1578	171.3738	219


Run 15
500	1419.078	1528	166.606	197
750	1419.98	1528	167.454666667	198
1000	1420.31	1551	168.098	198
1250	1421.4528	1552	168.4848	200
1500	1422.142	1552	168.706	200
1750	1422.90914286	1563	168.966857143	200
2000	1423.1525	1563	169.319	200
2250	1424.07155556	1563	169.361777778	200
2500	1424.5256	1563	169.6212	200
2750	1425.33781818	1563	169.577818182	202
3000	1425.84533333	1563	169.705666667	202
3250	1426.33538462	1563	169.810153846	203
3500	1426.43314286	1585	170.015714286	203
3750	1426.5896	1585	170.169333333	205
4000	1427.072	1590	170.16675	205
4250	1427.49835294	1590	170.196705882	205
4500	1427.85755556	1590	170.273777778	205
4750	1428.24147368	1590	170.308421053	205
5000	1428.4024	1590	170.379	205
5250	1428.57333333	1590	170.466285714	206
5500	1429.15636364	1590	170.492363636	206
5750	1429.40034783	1590	170.554782609	206
6000	1429.6265	1590	170.617666667	206
6250	1429.87088	1590	170.692	206
6500	1430.33969231	1590	170.676923077	206
6750	1430.28	1590	170.761925926	206
7000	1430.55185714	1590	170.816142857	208
7250	1430.72951724	1590	170.875034483	208
7500	1431.0468	1590	170.8916	208
7750	1431.32348387	1590	170.928516129	208
8000	1431.50525	1590	170.974	208
8250	1431.68157576	1590	171.036484848	208
8500	1431.70235294	1590	171.117176471	208
8750	1431.94868571	1590	171.132457143	208
9000	1432.11866667	1590	171.179111111	208
9250	1432.21751351	1590	171.222378378	208
9500	1432.36957895	1590	171.243684211	208
9750	1432.48861538	1590	171.270974359	208
10000	1432.5933	1590	171.2913	208


Run 16
500	1419.768	1558	165.59	205
750	1422.55866667	1558	165.838666667	205
1000	1422.29	1558	166.84	207
1250	1422.684	1565	167.5296	215
1500	1423.97733333	1565	167.893333333	215
1750	1424.49371429	1565	168.209714286	215
2000	1425.026	1565	168.4175	215
2250	1425.51911111	1565	168.675111111	215
2500	1425.9712	1574	168.81	215
2750	1426.57272727	1574	168.918181818	215
3000	1427.31166667	1574	168.936666667	215
3250	1427.86861538	1603	169.025230769	215
3500	1428.314	1603	169.137142857	215
3750	1428.2824	1603	169.373866667	215
4000	1428.4065	1611	169.544	215
4250	1428.37623529	1611	169.776470588	215
4500	1428.37022222	1611	169.964888889	215
4750	1428.52547368	1611	170.089052632	215
5000	1428.3808	1611	170.2586	215
5250	1428.50304762	1611	170.419619048	215
5500	1428.75418182	1611	170.458909091	215
5750	1428.80243478	1611	170.579478261	215
6000	1428.7775	1611	170.726333333	215
6250	1429.00592	1611	170.80944	215
6500	1429.27523077	1611	170.878153846	215
6750	1429.3837037	1611	170.999407407	215
7000	1429.69342857	1611	171.070428571	216
7250	1429.78165517	1611	171.153517241	216
7500	1429.85546667	1611	171.214133333	216
7750	1430.16903226	1611	171.261290323	216
8000	1430.18725	1611	171.352125	216
8250	1430.40921212	1611	171.393575758	216
8500	1430.49988235	1611	171.447058824	216
8750	1430.67131429	1611	171.479314286	216
9000	1430.96333333	1611	171.507666667	216
9250	1430.95535135	1611	171.609837838	222
9500	1431.09778947	1611	171.686526316	222
9750	1431.24523077	1611	171.74	222
10000	1431.2479	1611	171.8003	222


Run 17
500	1415.852	1539	167.256	196
750	1416.83866667	1539	167.822666667	196
1000	1419.317	1539	168.095	199
1250	1420.2264	1539	168.6432	208
1500	1421.286	1539	168.856	208
1750	1421.99085714	1539	169.032571429	208
2000	1422.411	1539	169.231	208
2250	1422.86977778	1539	169.354222222	208
2500	1422.8584	1539	169.6248	208
2750	1423.69781818	1539	169.713454545	208
3000	1424.28966667	1541	169.802666667	208
3250	1424.53692308	1541	170.035692308	208
3500	1425.074	1547	170.117428571	208
3750	1425.53946667	1547	170.176	208
4000	1425.6135	1547	170.346	208
4250	1425.88164706	1547	170.436	208
4500	1426.06533333	1547	170.516222222	208
4750	1426.21747368	1549	170.636210526	208
5000	1426.4028	1549	170.7564	208
5250	1426.74895238	1549	170.811428571	208
5500	1427.13018182	1572	170.851454545	208
5750	1427.36295652	1572	170.89026087	210
6000	1427.54466667	1572	170.9565	210
6250	1427.65152	1572	171.05664	210
6500	1427.86	1572	171.133692308	210
6750	1428.06177778	1572	171.151851852	210
7000	1428.28271429	1577	171.177571429	210
7250	1428.54537931	1577	171.171310345	210
7500	1428.69066667	1577	171.220933333	210
7750	1428.85316129	1577	171.271483871	210
8000	1428.829625	1577	171.371875	210
8250	1429.08739394	1577	171.375878788	210
8500	1429.20517647	1577	171.426117647	210
8750	1429.22868571	1577	171.486742857	210
9000	1429.23666667	1577	171.566333333	210
9250	1429.37448649	1577	171.576540541	210
9500	1429.49136842	1577	171.614526316	210
9750	1429.73261538	1577	171.614974359	210
10000	1429.867	1577	171.6442	210


Run 18
500	1420.48	1556	166.232	194
750	1422.336	1556	166.442666667	196
1000	1424.487	1565	166.832	196
1250	1425.6304	1565	167.1776	196
1500	1426.772	1565	167.374666667	204
1750	1428.05885714	1566	167.429714286	204
2000	1428.6595	1568	167.763	204
2250	1429.27866667	1568	168.025333333	204
2500	1429.6268	1568	168.2232	204
2750	1430.22327273	1572	168.434545455	207
3000	1431.021	1572	168.425666667	207
3250	1431.08923077	1572	168.584	207
3500	1431.408	1572	168.696	207
3750	1431.43386667	1572	168.8496	207
4000	1431.88225	1572	168.96325	207
4250	1432.56352941	1572	168.994823529	207
4500	1432.91022222	1572	169.060222222	207
4750	1433.32736842	1572	169.116	207
5000	1433.566	1572	169.1602	207
5250	1433.9032381	1572	169.193714286	207
5500	1433.95290909	1580	169.276909091	207
5750	1434.08556522	1580	169.335826087	207
6000	1434.3595	1580	169.405333333	207
6250	1434.60048	1591	169.46944	207
6500	1434.88523077	1591	169.522307692	207
6750	1435.03792593	1591	169.573037037	207
7000	1435.09628571	1591	169.650142857	207
7250	1435.25117241	1591	169.689655172	207
7500	1435.6404	1591	169.7304	207
7750	1435.79651613	1591	169.803096774	207
8000	1436.082875	1591	169.8285	207
8250	1436.14472727	1591	169.894909091	207
8500	1436.25035294	1591	169.937764706	207
8750	1436.41988571	1591	169.995885714	213
9000	1436.51566667	1591	170.043	213
9250	1436.57751351	1591	170.095891892	213
9500	1436.95305263	1591	170.116105263	213
9750	1436.98564103	1591	170.177538462	213
10000	1437.0416	1595	170.2294	213


Run 19
500	1415.866	1543	166.946	197
750	1416.85466667	1543	167.649333333	201
1000	1418.72	1546	168.014	203
1250	1420.1312	1546	168.3288	203
1500	1420.72933333	1546	168.752	203
1750	1421.69714286	1549	168.870285714	204
2000	1422.944	1549	168.9435	204
2250	1424.14444444	1554	169.109777778	204
2500	1424.7504	1554	169.2008	204
2750	1425.05818182	1554	169.492727273	204
3000	1425.55366667	1554	169.641333333	204
3250	1425.82953846	1554	169.808923077	204
3500	1425.85571429	1563	170.005428571	204
3750	1426.17973333	1563	170.1344	204
4000	1426.468	1563	170.20625	205
4250	1426.78823529	1563	170.301176471	206
4500	1427.03088889	1569	170.388222222	206
4750	1427.45263158	1569	170.437894737	212
5000	1427.6488	1569	170.5644	212
5250	1427.85942857	1569	170.692190476	212
5500	1427.98690909	1569	170.758545455	212
5750	1428.1986087	1573	170.821217391	212
6000	1428.4685	1582	170.884833333	212
6250	1428.68576	1582	170.92352	212
6500	1429.00338462	1582	170.964923077	212
6750	1429.2717037	1582	171.013481481	212
7000	1429.43571429	1582	171.111	212
7250	1429.46234483	1582	171.200275862	212
7500	1429.6072	1582	171.260533333	212
7750	1429.75793548	1582	171.302193548	212
8000	1430.07175	1582	171.295	212
8250	1430.21915152	1582	171.362181818	212
8500	1430.45470588	1582	171.407882353	213
8750	1430.60491429	1582	171.4512	213
9000	1430.79577778	1582	171.488777778	213
9250	1430.88681081	1582	171.544756757	213
9500	1431.12589474	1582	171.548210526	213
9750	1431.25805128	1582	171.611487179	213
10000	1431.3834	1582	171.6307	213


Run 20
500	1421.036	1553	166.45	197
750	1423.72933333	1553	166.893333333	198
1000	1425.737	1557	167.101	198
1250	1425.6808	1557	167.6368	198
1500	1426.52666667	1557	168.002666667	199
1750	1427.33257143	1565	168.202285714	199
2000	1428.4715	1565	168.3305	199
2250	1428.96266667	1565	168.478222222	199
2500	1429.1776	1565	168.6752	207
2750	1429.62981818	1565	168.736363636	207
3000	1430.336	1565	168.742	207
3250	1430.22030769	1565	168.941230769	207
3500	1430.75942857	1565	169.032571429	207
3750	1431.03626667	1565	169.104	207
4000	1431.45625	1565	169.16175	207
4250	1431.80564706	1586	169.246352941	207
4500	1432.14333333	1586	169.335111111	207
4750	1432.42378947	1586	169.402526316	207
5000	1432.8188	1586	169.472	207
5250	1433.32780952	1586	169.487238095	207
5500	1433.80309091	1586	169.535090909	207
5750	1434.07652174	1586	169.594782609	207
6000	1434.21166667	1586	169.684166667	207
6250	1434.24832	1586	169.77568	207
6500	1434.47015385	1586	169.849384615	207
6750	1434.684	1586	169.888148148	207
7000	1434.97842857	1586	169.952285714	207
7250	1435.34717241	1586	169.994482759	207
7500	1435.49213333	1586	170.027333333	207
7750	1435.68748387	1586	170.084129032	207
8000	1435.756125	1586	170.14125	207
8250	1435.95030303	1586	170.168848485	207
8500	1436.29976471	1592	170.167529412	207
8750	1436.35622857	1592	170.218857143	207
9000	1436.40455556	1592	170.302333333	207
9250	1436.46205405	1592	170.353081081	207
9500	1436.64947368	1592	170.392210526	209
9750	1436.91774359	1592	170.403897436	209
10000	1437.1498	1592	170.4155	209


Run 21
500	1414.804	1547	167.23	199
750	1417.92533333	1550	167.326666667	199
1000	1418.329	1550	168.213	202
1250	1420.3792	1550	168.2024	202
1500	1421.902	1551	168.391333333	202
1750	1421.74114286	1551	168.711428571	202
2000	1422.2745	1551	168.854	202
2250	1422.77333333	1551	168.983111111	202
2500	1422.956	1563	169.1824	204
2750	1422.98254545	1563	169.421818182	206
3000	1423.03466667	1563	169.513	206
3250	1423.19384615	1563	169.698461538	209
3500	1423.83657143	1563	169.772	209
3750	1424.02053333	1563	169.883466667	209
4000	1424.2	1563	170.02575	209
4250	1424.48	1563	170.116	209
4500	1424.79577778	1563	170.260444444	209
4750	1425.37010526	1563	170.281894737	209
5000	1425.5322	1575	170.3852	209
5250	1425.87561905	1575	170.408761905	209
5500	1426.28036364	1575	170.446545455	209
5750	1426.54521739	1575	170.528695652	209
6000	1426.92433333	1575	170.534666667	209
6250	1427.1328	1575	170.61216	209
6500	1427.31076923	1575	170.657692308	209
6750	1427.38340741	1575	170.712592593	209
7000	1427.31542857	1575	170.819857143	209
7250	1427.49944828	1575	170.893655172	213
7500	1427.4672	1575	170.969333333	213
7750	1427.86167742	1575	170.944645161	213
8000	1428.05	1575	171.014875	213
8250	1428.33854545	1575	171.042181818	213
8500	1428.57188235	1575	171.045176471	213
8750	1428.73451429	1575	171.0896	214
9000	1428.80177778	1575	171.131888889	214
9250	1428.91308108	1575	171.17427027	214
9500	1429.03284211	1575	171.199789474	214
9750	1429.26153846	1575	171.220205128	216
10000	1429.4636	1575	171.2382	216


Run 22
500	1418.002	1534	166.86	196
750	1419.51333333	1542	167.753333333	201
1000	1420.367	1542	168.236	201
1250	1420.9376	1542	168.4816	201
1500	1421.67266667	1542	168.705333333	201
1750	1422.00228571	1542	168.974285714	201
2000	1423.5095	1542	168.935	201
2250	1423.45066667	1555	169.217333333	202
2500	1423.6432	1563	169.3292	202
2750	1424.788	1563	169.276727273	202
3000	1425.03633333	1563	169.428666667	202
3250	1425.32215385	1563	169.573230769	202
3500	1425.78085714	1563	169.720285714	202
3750	1426.22933333	1563	169.794666667	202
4000	1426.4895	1563	169.91375	206
4250	1426.67717647	1563	169.952470588	206
4500	1426.95377778	1563	170.073555556	206
4750	1427.07642105	1563	170.148421053	206
5000	1427.2384	1563	170.235	206
5250	1427.72133333	1563	170.26	206
5500	1427.99436364	1563	170.291818182	206
5750	1428.06034783	1563	170.406086957	206
6000	1428.24783333	1563	170.478	206
6250	1428.50016	1563	170.50448	206
6500	1428.86107692	1563	170.504615385	206
6750	1428.81407407	1563	170.596296296	213
7000	1429.00742857	1564	170.631714286	213
7250	1429.34813793	1564	170.682344828	213
7500	1429.40666667	1564	170.740933333	213
7750	1429.72270968	1574	170.740903226	213
8000	1429.863125	1574	170.775	213
8250	1430.04618182	1574	170.850181818	213
8500	1430.10988235	1574	170.935647059	213
8750	1430.15862857	1574	170.986514286	213
9000	1430.389	1574	171.026	213
9250	1430.53881081	1581	171.073297297	213
9500	1430.71610526	1581	171.084631579	213
9750	1430.75302564	1581	171.157641026	213
10000	1430.9857	1581	171.1569	213


Run 23
500	1416.91	1552	166.626	204
750	1420.92933333	1579	166.570666667	204
1000	1423.778	1579	166.707	204
1250	1424.5592	1579	167.2	204
1500	1425.27333333	1579	167.54	207
1750	1426.07714286	1579	167.822857143	207
2000	1426.0985	1579	168.106	207
2250	1426.61955556	1579	168.273777778	207
2500	1427.1176	1579	168.508	207
2750	1427.77636364	1579	168.695636364	207
3000	1428.60866667	1579	168.748	207
3250	1429.37907692	1589	168.776307692	207
3500	1430.10171429	1589	168.778	207
3750	1430.00426667	1589	168.957866667	207
4000	1429.972	1589	169.13625	207
4250	1430.04164706	1589	169.315764706	212
4500	1430.19955556	1589	169.478444444	212
4750	1430.33894737	1589	169.578736842	212
5000	1430.4542	1589	169.7142	212
5250	1430.96761905	1589	169.741142857	212
5500	1431.17763636	1589	169.829090909	212
5750	1431.22330435	1589	169.932695652	212
6000	1431.4555	1589	169.999166667	212
6250	1431.73968	1589	170.06704	212
6500	1432.13846154	1589	170.086	212
6750	1432.41348148	1589	170.165777778	212
7000	1432.57314286	1589	170.255571429	212
7250	1432.79324138	1589	170.297103448	214
7500	1432.94253333	1589	170.345333333	214
7750	1433.07212903	1589	170.430580645	214
8000	1433.147625	1589	170.514625	214
8250	1433.49866667	1589	170.521818182	214
8500	1433.86270588	1600	170.527764706	214
8750	1433.93131429	1600	170.584685714	214
9000	1434.11633333	1600	170.610555556	214
9250	1434.26054054	1600	170.668324324	214
9500	1434.29936842	1600	170.705789474	214
9750	1434.28410256	1600	170.761025641	214
10000	1434.2098	1600	170.8524	214


Run 24
500	1419.572	1537	166.656	199
750	1418.39866667	1537	167.830666667	199
1000	1419.183	1564	168.573	201
1250	1419.7928	1565	168.9224	204
1500	1420.69466667	1565	169.12	204
1750	1421.27257143	1565	169.394285714	204
2000	1421.8015	1565	169.552	204
2250	1422.57644444	1565	169.740888889	204
2500	1422.8688	1565	169.9748	204
2750	1423.58618182	1580	170.042181818	204
3000	1424.52733333	1580	170.073333333	204
3250	1425.35169231	1580	170.052307692	204
3500	1425.66428571	1580	170.205142857	204
3750	1426.0464	1580	170.3152	204
4000	1426.57425	1580	170.3215	204
4250	1427.10164706	1580	170.349882353	204
4500	1427.41555556	1580	170.434888889	204
4750	1427.76147368	1580	170.497473684	204
5000	1427.9774	1580	170.574	204
5250	1428.3752381	1580	170.566666667	207
5500	1428.58290909	1580	170.665818182	210
5750	1428.79913043	1580	170.722608696	210
6000	1428.757	1580	170.823666667	210
6250	1429.14896	1580	170.81584	210
6500	1429.41307692	1580	170.865076923	210
6750	1429.74888889	1580	170.887111111	210
7000	1430.11342857	1588	170.897285714	210
7250	1430.21475862	1588	170.963172414	210
7500	1430.4624	1588	170.986133333	210
7750	1430.32774194	1588	171.081419355	210
8000	1430.548875	1588	171.111125	210
8250	1430.78193939	1588	171.132606061	210
8500	1431.04576471	1588	171.151058824	210
8750	1431.2344	1588	171.164228571	210
9000	1431.41033333	1588	171.192222222	210
9250	1431.63416216	1588	171.199675676	210
9500	1431.85273684	1588	171.221894737	210
9750	1432.04820513	1588	171.238871795	210
10000	1432.1621	1588	171.2708	210


Run 25
500	1420.506	1543	165.956	203
750	1421.66666667	1585	166.694666667	203
1000	1422.708	1588	167.132	203
1250	1424.0416	1588	167.424	204
1500	1425.402	1588	167.584	204
1750	1426.116	1588	167.723428571	204
2000	1426.752	1588	167.949	204
2250	1427.172	1588	168.157777778	204
2500	1427.038	1588	168.4396	204
2750	1427.19163636	1588	168.588	214
3000	1428.094	1588	168.648	214
3250	1428.67846154	1588	168.635076923	214
3500	1428.90057143	1588	168.693428571	214
3750	1429.1144	1588	168.8024	214
4000	1429.68325	1588	168.85425	219
4250	1429.57576471	1588	169.137411765	219
4500	1429.50555556	1588	169.295333333	219
4750	1429.91873684	1588	169.360842105	219
5000	1430.0344	1588	169.504	219
5250	1430.37295238	1588	169.539047619	219
5500	1430.73527273	1588	169.578181818	219
5750	1430.71426087	1588	169.677217391	219
6000	1431.1655	1588	169.703166667	219
6250	1431.336	1588	169.77808	219
6500	1431.44476923	1588	169.822153846	219
6750	1431.68044444	1588	169.857481481	219
7000	1431.70071429	1588	169.955285714	219
7250	1431.87889655	1588	169.994068966	219
7500	1431.99813333	1588	170.0408	219
7750	1432.09058065	1588	170.079612903	219
8000	1432.402125	1588	170.085	219
8250	1432.50169697	1588	170.150545455	219
8500	1432.68082353	1588	170.174588235	219
8750	1432.87394286	1588	170.191771429	219
9000	1432.89333333	1588	170.255555556	219
9250	1433.06248649	1594	170.28227027	219
9500	1432.92536842	1594	170.394105263	219
9750	1433.00020513	1594	170.441128205	219
10000	1432.9826	1594	170.5175	219


Run 26
500	1415.808	1559	166.756	196
750	1419.84533333	1566	167.117333333	197
1000	1422.555	1566	167.263	212
1250	1423.5848	1566	167.5848	212
1500	1425.66666667	1589	167.783333333	212
1750	1427.49142857	1589	167.733142857	212
2000	1427.9645	1589	167.984	212
2250	1428.00444444	1589	168.226666667	212
2500	1429.45	1589	168.2996	212
2750	1429.64545455	1589	168.519636364	212
3000	1429.60433333	1589	168.757666667	212
3250	1430.26738462	1589	168.811692308	212
3500	1431.23542857	1589	168.797714286	212
3750	1431.64346667	1589	168.897866667	212
4000	1432.545	1589	168.895	212
4250	1433.03811765	1589	168.948941176	212
4500	1433.50422222	1589	169.0	212
4750	1433.74252632	1589	169.135368421	212
5000	1434.3622	1589	169.194	212
5250	1434.78114286	1589	169.19847619	212
5500	1435.46981818	1589	169.180909091	212
5750	1435.78417391	1589	169.254956522	212
6000	1436.169	1589	169.3095	212
6250	1436.47696	1589	169.37392	212
6500	1436.72861538	1589	169.428	212
6750	1437.05259259	1589	169.477481481	212
7000	1437.26557143	1589	169.533142857	212
7250	1437.58110345	1589	169.530896552	212
7500	1437.8556	1589	169.5644	212
7750	1438.21845161	1604	169.583096774	219
8000	1438.55425	1604	169.629	219
8250	1438.75042424	1604	169.668848485	219
8500	1438.90152941	1604	169.687294118	219
8750	1438.99348571	1604	169.7288	219
9000	1439.15022222	1604	169.782777778	219
9250	1439.31135135	1604	169.843243243	219
9500	1439.44052632	1604	169.920315789	219
9750	1439.46482051	1604	169.992512821	219
10000	1439.6805	1604	170.0065	219


Run 27
500	1419.986	1529	166.128	203
750	1421.39866667	1533	167.038666667	203
1000	1421.767	1533	167.877	203
1250	1422.96	1554	168.3408	203
1500	1422.95333333	1554	168.687333333	203
1750	1423.19828571	1564	169.085142857	204
2000	1423.5855	1564	169.405	204
2250	1424.12488889	1568	169.652	204
2500	1424.4844	1573	169.86	204
2750	1425.39745455	1573	169.888363636	211
3000	1426.15666667	1573	169.876666667	211
3250	1426.71569231	1573	169.999384615	211
3500	1427.36142857	1573	170.060285714	211
3750	1427.83493333	1576	170.139466667	211
4000	1428.028	1576	170.275	211
4250	1428.28541176	1576	170.399764706	211
4500	1428.66777778	1576	170.482444444	211
4750	1429.14884211	1576	170.534736842	211
5000	1429.4286	1576	170.5968	214
5250	1429.77161905	1576	170.653333333	214
5500	1430.11290909	1576	170.677454545	214
5750	1430.2866087	1578	170.77826087	214
6000	1430.67933333	1606	170.816	214
6250	1430.75392	1606	170.90688	214
6500	1430.86523077	1606	171.003846154	214
6750	1431.06859259	1606	171.090222222	214
7000	1431.30442857	1606	171.139571429	214
7250	1431.4462069	1606	171.160551724	214
7500	1431.7124	1606	171.1976	214
7750	1431.89716129	1606	171.260516129	214
8000	1432.065	1606	171.318	214
8250	1432.356	1606	171.333090909	214
8500	1432.49035294	1606	171.393882353	214
8750	1432.75394286	1606	171.434857143	214
9000	1432.76133333	1606	171.544666667	214
9250	1432.95027027	1606	171.570486486	214
9500	1433.19294737	1606	171.573157895	214
9750	1433.40205128	1606	171.620205128	214
10000	1433.4565	1606	171.6715	214


Run 28
500	1415.338	1554	167.706	196
750	1415.95333333	1554	168.418666667	198
1000	1418.418	1554	168.422	199
1250	1419.8024	1554	168.6112	199
1500	1420.652	1554	168.805333333	199
1750	1421.384	1554	169.055428571	202
2000	1421.8045	1554	169.3105	202
2250	1422.45644444	1561	169.440444444	202
2500	1423.64	1561	169.4552	202
2750	1424.43745455	1561	169.509454545	202
3000	1424.779	1561	169.597333333	202
3250	1424.81846154	1561	169.72	203
3500	1425.39314286	1561	169.758285714	203
3750	1425.8528	1571	169.790666667	203
4000	1426.5445	1571	169.78075	203
4250	1426.79694118	1571	169.928705882	206
4500	1427.206	1571	169.997777778	206
4750	1427.57031579	1573	170.098947368	206
5000	1427.8046	1573	170.2064	206
5250	1428.20285714	1573	170.24	206
5500	1428.57490909	1573	170.299272727	206
5750	1429.10886957	1573	170.281217391	206
6000	1429.38133333	1573	170.314	206
6250	1429.51008	1573	170.40176	206
6500	1429.88938462	1573	170.433538462	206
6750	1430.18503704	1573	170.470222222	206
7000	1430.65957143	1573	170.486428571	206
7250	1430.82027586	1573	170.56	206
7500	1430.98213333	1573	170.611866667	206
7750	1431.23716129	1573	170.631870968	206
8000	1431.4465	1585	170.6705	206
8250	1431.6510303	1585	170.733090909	206
8500	1431.92341176	1585	170.762352941	206
8750	1432.15314286	1593	170.761371429	206
9000	1432.37444444	1593	170.801222222	206
9250	1432.43827027	1593	170.849081081	206
9500	1432.52621053	1593	170.904421053	206
9750	1432.78758974	1593	170.901333333	206
10000	1432.6752	1593	171.0016	206


Run 29
500	1419.028	1539	166.596	194
750	1423.93733333	1547	166.697333333	195
1000	1425.844	1570	167.023	195
1250	1428.3536	1570	167.1296	198
1500	1429.854	1570	167.227333333	206
1750	1430.37371429	1570	167.333714286	206
2000	1430.915	1570	167.525	206
2250	1432.33955556	1579	167.590666667	206
2500	1432.9592	1579	167.8164	206
2750	1433.05563636	1579	167.996727273	206
3000	1433.37166667	1579	168.173666667	217
3250	1433.87107692	1579	168.289230769	217
3500	1433.96114286	1579	168.442	217
3750	1434.4488	1579	168.5832	217
4000	1434.8175	1579	168.64725	217
4250	1435.37058824	1579	168.744235294	217
4500	1435.87333333	1579	168.782666667	217
4750	1436.52610526	1579	168.759789474	217
5000	1436.8252	1579	168.8384	217
5250	1437.3272381	1579	168.852	217
5500	1437.52309091	1579	168.911636364	217
5750	1437.61130435	1593	168.969565217	217
6000	1437.9095	1593	169.050166667	217
6250	1438.06128	1593	169.14912	217
6500	1438.47815385	1593	169.137384615	217
6750	1438.67155556	1593	169.188148148	217
7000	1438.68385714	1593	169.272142857	217
7250	1438.96413793	1593	169.304	217
7500	1438.89666667	1593	169.407333333	217
7750	1439.11212903	1593	169.43083871	217
8000	1439.387875	1593	169.42	217
8250	1439.43975758	1593	169.49769697	217
8500	1439.66047059	1593	169.530705882	217
8750	1439.81108571	1593	169.570971429	217
9000	1440.18466667	1595	169.569333333	217
9250	1440.33318919	1595	169.632	217
9500	1440.33231579	1595	169.697368421	217
9750	1440.4374359	1595	169.729230769	217
10000	1440.5408	1598	169.7672	217


Run 30
500	1418.814	1541	166.9	199
750	1419.94	1541	167.329333333	199
1000	1421.276	1541	167.831	199
1250	1421.5624	1541	168.3544	203
1500	1421.852	1553	168.863333333	205
1750	1422.68514286	1553	169.135428571	205
2000	1423.229	1553	169.4935	205
2250	1424.39022222	1562	169.611555556	205
2500	1424.9612	1562	169.8688	205
2750	1425.85890909	1562	169.989454545	205
3000	1426.618	1562	170.012333333	205
3250	1426.77107692	1562	170.167076923	213
3500	1427.324	1562	170.268857143	216
3750	1427.80426667	1562	170.413866667	216
4000	1428.2245	1562	170.47325	216
4250	1428.66164706	1562	170.554588235	216
4500	1428.78266667	1562	170.678888889	216
4750	1429.25705263	1563	170.825263158	216
5000	1429.5564	1578	170.912	216
5250	1429.84133333	1578	170.987047619	216
5500	1430.07218182	1578	171.059454545	216
5750	1430.5426087	1578	171.118956522	216
6000	1430.9155	1578	171.175833333	216
6250	1431.39936	1578	171.15952	216
6500	1431.65323077	1578	171.230923077	216
6750	1431.54918519	1578	171.352740741	216
7000	1431.87128571	1578	171.403857143	216
7250	1432.1422069	1578	171.449103448	216
7500	1432.34293333	1590	171.487866667	216
7750	1432.57212903	1590	171.548387097	218
8000	1432.851625	1590	171.56175	218
8250	1433.2070303	1590	171.603393939	218
8500	1433.27411765	1590	171.664705882	218
8750	1433.42948571	1590	171.712914286	218
9000	1433.47755556	1590	171.761666667	218
9250	1433.54151351	1590	171.831135135	218
9500	1433.64915789	1590	171.879789474	218
9750	1433.81230769	1590	171.919794872	218
10000	1434.0675	1590	171.9367	218


