CNF File Name: cnf/5.cnf
Random number seed value: 1445739768.0
Number of runs: 30
Number of fitness evaluations per run: 10000
Population size: 500
Lambda: 250
Strategy: plus
Parent Selection: Random
Survival Selection: Random
K value for survival: 0
K value for parents: 0
N convergence number: 0

Results log

Run 1
500	1419.074	1576	166.436	197
750	1419.246	1551	166.048	196
1000	1418.422	1527	166.474	196
1250	1419.262	1527	166.202	196
1500	1418.202	1543	166.292	194
1750	1420.092	1543	166.298	193
2000	1419.394	1543	166.254	193
2250	1420.754	1544	166.256	193
2500	1418.956	1543	166.69	202
2750	1417.918	1543	166.696	203
3000	1420.462	1543	166.08	203
3250	1420.026	1548	166.314	203
3500	1421.754	1551	166.492	197
3750	1421.57	1551	166.502	197
4000	1420.356	1551	166.022	197
4250	1420.528	1551	165.76	197
4500	1421.754	1551	165.406	195
4750	1421.724	1551	165.054	195
5000	1423.596	1533	164.552	195
5250	1424.476	1533	165.026	195
5500	1423.42	1533	165.104	193
5750	1423.182	1533	164.864	198
6000	1421.772	1529	165.004	198
6250	1421.988	1557	164.788	198
6500	1420.548	1557	165.214	200
6750	1419.816	1557	165.118	198
7000	1417.248	1557	165.578	191
7250	1416.042	1557	166.41	195
7500	1416.672	1557	165.972	195
7750	1418.736	1557	165.162	195
8000	1419.324	1544	164.83	195
8250	1419.742	1566	165.302	195
8500	1418.492	1566	165.4	195
8750	1418.696	1566	165.284	194
9000	1417.764	1566	165.678	191
9250	1416.876	1566	166.162	193
9500	1417.344	1531	165.968	193
9750	1416.998	1530	166.166	192
10000	1416.996	1531	166.048	192


Run 2
500	1421.896	1535	166.146	199
750	1423.208	1526	165.774	199
1000	1425.872	1540	165.26	200
1250	1425.824	1526	165.412	200
1500	1426.794	1532	165.234	200
1750	1429.736	1549	164.606	200
2000	1429.288	1536	165.208	200
2250	1432.634	1538	164.316	200
2500	1433.284	1544	164.34	200
2750	1433.168	1538	163.966	203
3000	1432.132	1541	163.926	194
3250	1431.338	1544	164.058	194
3500	1433.04	1548	163.782	195
3750	1434.676	1548	163.74	195
4000	1433.672	1551	164.25	199
4250	1433.616	1573	164.076	195
4500	1433.174	1573	164.382	195
4750	1431.156	1573	164.548	195
5000	1429.91	1573	164.842	193
5250	1430.578	1551	164.44	193
5500	1432.838	1551	164.154	192
5750	1431.528	1551	163.842	192
6000	1431.282	1571	163.606	195
6250	1428.946	1571	164.462	196
6500	1429.278	1571	164.524	196
6750	1428.776	1531	165.072	196
7000	1429.818	1556	165.314	196
7250	1428.622	1544	165.464	196
7500	1427.742	1552	165.602	196
7750	1427.808	1544	165.388	196
8000	1426.782	1544	165.266	193
8250	1424.038	1527	165.818	196
8500	1422.61	1527	166.418	199
8750	1423.1	1523	166.174	199
9000	1421.198	1530	166.508	199
9250	1421.944	1532	166.966	199
9500	1421.868	1556	166.694	199
9750	1420.048	1532	167.04	199
10000	1419.894	1534	166.888	199


Run 3
500	1418.428	1555	167.028	198
750	1417.608	1555	167.19	195
1000	1417.186	1530	167.134	196
1250	1418.25	1530	167.048	196
1500	1418.52	1570	166.724	201
1750	1419.668	1570	166.294	197
2000	1417.882	1555	166.426	197
2250	1420.424	1555	166.11	194
2500	1420.336	1555	166.006	194
2750	1420.332	1555	165.922	198
3000	1418.7	1555	166.222	198
3250	1420.506	1571	166.012	198
3500	1417.648	1550	166.806	198
3750	1420.882	1555	166.404	198
4000	1423.21	1555	166.158	198
4250	1424.178	1555	165.398	194
4500	1423.592	1552	165.306	194
4750	1427.314	1561	164.992	196
5000	1428.828	1561	164.952	196
5250	1429.542	1561	165.254	194
5500	1429.22	1561	164.986	192
5750	1431.034	1549	165.012	198
6000	1432.236	1589	164.582	194
6250	1430.11	1589	165.294	203
6500	1430.724	1589	165.32	198
6750	1428.794	1589	165.588	198
7000	1429.502	1589	165.242	198
7250	1429.458	1589	166.006	198
7500	1427.344	1564	165.912	198
7750	1429.212	1567	165.554	200
8000	1431.042	1567	164.922	206
8250	1427.498	1567	165.782	198
8500	1427.942	1564	165.49	204
8750	1424.326	1564	166.69	204
9000	1423.488	1564	166.992	197
9250	1424.476	1537	167.02	200
9500	1426.03	1537	166.656	200
9750	1424.848	1537	167.044	200
10000	1424.03	1535	167.022	200


Run 4
500	1419.39	1534	166.996	202
750	1418.522	1523	166.83	199
1000	1417.374	1523	166.894	199
1250	1417.234	1523	166.672	198
1500	1415.29	1523	167.202	198
1750	1414.418	1523	167.402	198
2000	1417.166	1523	167.242	202
2250	1415.866	1523	167.428	202
2500	1415.284	1515	167.156	198
2750	1414.486	1523	167.276	197
3000	1412.704	1517	167.212	194
3250	1413.762	1515	167.264	194
3500	1412.902	1529	167.538	194
3750	1415.664	1529	167.462	196
4000	1417.342	1529	167.126	196
4250	1416.482	1529	167.236	196
4500	1416.412	1542	166.89	197
4750	1414.592	1542	167.526	197
5000	1413.706	1542	167.674	197
5250	1414.218	1553	167.746	197
5500	1413.718	1553	167.856	197
5750	1413.014	1553	168.008	197
6000	1412.57	1542	168.29	197
6250	1414.034	1547	168.144	196
6500	1415.002	1547	167.912	196
6750	1413.222	1547	168.254	200
7000	1411.628	1542	168.62	200
7250	1411.146	1542	168.714	200
7500	1410.402	1527	168.628	200
7750	1411.356	1527	168.094	195
8000	1412.294	1538	168.248	195
8250	1411.092	1538	168.626	199
8500	1408.594	1538	169.524	199
8750	1406.294	1538	169.618	195
9000	1406.042	1538	170.084	198
9250	1405.812	1546	170.548	198
9500	1404.612	1546	170.422	195
9750	1404.352	1501	170.494	200
10000	1406.234	1519	170.084	196


Run 5
500	1419.46	1614	166.884	204
750	1417.6	1522	167.316	204
1000	1419.368	1537	166.462	204
1250	1420.338	1537	166.284	198
1500	1420.36	1548	166.39	194
1750	1423.362	1536	165.594	192
2000	1426.676	1536	165.278	192
2250	1426.83	1536	164.714	192
2500	1428.412	1557	164.272	193
2750	1426.16	1561	164.762	195
3000	1424.678	1566	164.996	195
3250	1427.054	1566	164.726	194
3500	1425.782	1566	165.184	194
3750	1426.618	1582	165.086	192
4000	1427.436	1584	164.962	193
4250	1425.92	1584	164.946	193
4500	1426.854	1584	164.8	196
4750	1425.186	1584	165.128	196
5000	1424.648	1584	165.61	196
5250	1424.014	1584	166.082	200
5500	1425.958	1584	165.862	201
5750	1425.082	1564	166.006	200
6000	1422.182	1534	167.04	196
6250	1422.756	1526	167.052	196
6500	1423.568	1526	166.708	196
6750	1423.74	1527	166.762	194
7000	1424.36	1527	167.02	190
7250	1423.52	1527	167.088	190
7500	1424.298	1538	166.41	193
7750	1424.642	1526	166.686	193
8000	1426.142	1547	166.422	193
8250	1426.404	1547	166.012	194
8500	1426.156	1544	165.978	196
8750	1426.016	1544	165.854	196
9000	1425.854	1554	165.732	196
9250	1427.646	1556	165.1	197
9500	1425.9	1556	165.546	196
9750	1424.774	1556	165.59	196
10000	1422.664	1556	165.982	194


Run 6
500	1415.236	1532	167.442	200
750	1417.666	1532	166.932	200
1000	1417.68	1532	166.628	196
1250	1418.254	1532	166.746	196
1500	1415.862	1532	167.626	196
1750	1417.27	1532	167.432	197
2000	1416.038	1532	167.588	197
2250	1414.672	1532	167.496	194
2500	1414.574	1532	167.244	192
2750	1412.762	1532	168.034	191
3000	1415.568	1529	167.266	192
3250	1413.348	1529	167.694	192
3500	1411.396	1529	167.878	192
3750	1412.238	1526	167.978	192
4000	1411.88	1526	167.844	195
4250	1412.368	1517	167.848	195
4500	1411.072	1517	168.28	198
4750	1414.526	1517	168.04	198
5000	1414.852	1517	167.944	212
5250	1417.326	1553	167.458	212
5500	1420.154	1517	166.906	212
5750	1420.104	1517	166.71	193
6000	1419.792	1515	167.252	193
6250	1418.49	1516	167.084	191
6500	1416.974	1529	167.602	191
6750	1415.626	1522	167.618	195
7000	1417.182	1522	167.232	195
7250	1416.59	1522	167.426	195
7500	1417.436	1521	167.392	192
7750	1418.004	1518	167.074	197
8000	1416.54	1511	167.648	197
8250	1417.506	1518	167.636	197
8500	1417.26	1518	167.402	197
8750	1417.368	1511	166.976	197
9000	1416.412	1510	167.414	197
9250	1416.772	1510	167.256	197
9500	1414.844	1510	167.984	197
9750	1414.166	1533	167.798	197
10000	1414.27	1533	167.272	188


Run 7
500	1420.708	1548	166.13	197
750	1420.26	1531	166.022	197
1000	1422.022	1551	165.22	197
1250	1421.716	1522	165.664	197
1500	1423.068	1522	166.04	195
1750	1420.318	1517	166.34	195
2000	1422.03	1526	166.0	200
2250	1422.686	1536	165.894	200
2500	1423.316	1528	166.108	200
2750	1423.66	1528	165.828	200
3000	1422.406	1528	166.236	200
3250	1421.902	1528	166.452	197
3500	1421.294	1542	166.596	198
3750	1420.002	1542	166.9	198
4000	1420.136	1542	166.544	199
4250	1418.524	1521	167.208	200
4500	1422.202	1544	166.754	199
4750	1423.934	1544	166.818	199
5000	1424.99	1543	166.228	198
5250	1427.136	1543	165.964	198
5500	1426.734	1539	166.104	198
5750	1427.878	1548	166.062	197
6000	1425.518	1549	166.708	197
6250	1427.04	1575	166.186	197
6500	1427.936	1575	166.362	197
6750	1426.39	1575	166.402	197
7000	1423.726	1575	166.824	200
7250	1423.948	1575	167.036	200
7500	1426.372	1575	166.574	202
7750	1427.752	1575	166.264	202
8000	1427.294	1575	166.528	202
8250	1426.896	1575	166.278	202
8500	1426.33	1575	166.434	202
8750	1422.336	1575	167.206	192
9000	1420.246	1540	167.576	196
9250	1419.986	1540	167.27	196
9500	1417.37	1546	167.856	195
9750	1418.704	1546	167.772	196
10000	1420.728	1573	167.078	197


Run 8
500	1420.062	1549	166.57	193
750	1420.364	1549	166.38	194
1000	1419.096	1549	166.14	194
1250	1415.308	1549	166.622	194
1500	1412.81	1549	167.104	194
1750	1410.742	1549	167.908	196
2000	1409.198	1549	168.726	203
2250	1409.336	1549	168.432	203
2500	1408.6	1549	168.3	203
2750	1409.278	1549	168.184	203
3000	1409.478	1549	168.236	203
3250	1407.17	1529	168.432	198
3500	1405.746	1531	168.384	198
3750	1406.872	1531	167.896	198
4000	1409.402	1523	167.22	198
4250	1408.392	1528	167.36	202
4500	1404.774	1511	168.248	202
4750	1406.914	1511	168.04	202
5000	1406.468	1514	167.762	202
5250	1405.308	1520	167.444	196
5500	1405.106	1520	167.422	197
5750	1404.496	1521	167.086	197
6000	1403.658	1522	167.234	197
6250	1404.578	1512	166.38	197
6500	1405.908	1507	166.064	197
6750	1407.142	1507	166.284	198
7000	1405.606	1507	166.752	199
7250	1403.836	1508	167.292	208
7500	1406.736	1526	167.054	199
7750	1406.118	1526	167.174	199
8000	1404.97	1526	167.218	199
8250	1404.58	1524	167.438	200
8500	1407.114	1526	167.104	198
8750	1405.922	1526	167.358	198
9000	1407.622	1525	167.076	198
9250	1405.808	1532	167.522	198
9500	1403.934	1518	167.604	198
9750	1406.078	1520	167.044	198
10000	1407.606	1516	166.784	189


Run 9
500	1422.684	1550	165.562	203
750	1422.56	1549	165.564	203
1000	1421.26	1546	165.912	203
1250	1424.426	1546	165.056	201
1500	1424.14	1546	165.004	201
1750	1424.354	1546	164.84	201
2000	1423.496	1546	164.894	201
2250	1420.39	1537	165.356	201
2500	1419.128	1542	165.796	201
2750	1417.506	1534	166.074	200
3000	1418.722	1542	165.474	200
3250	1419.578	1542	165.296	200
3500	1419.638	1542	165.158	200
3750	1418.938	1534	165.162	200
4000	1419.378	1548	164.988	200
4250	1416.96	1548	165.3	200
4500	1421.076	1530	164.682	198
4750	1419.144	1525	164.964	199
5000	1419.326	1545	164.89	198
5250	1417.236	1545	165.466	199
5500	1418.34	1545	165.416	202
5750	1421.158	1545	164.708	200
6000	1422.742	1524	164.16	200
6250	1421.806	1524	163.904	200
6500	1421.802	1524	164.006	196
6750	1422.058	1524	163.922	196
7000	1423.376	1548	163.456	190
7250	1425.362	1548	162.526	187
7500	1424.032	1558	162.692	187
7750	1424.35	1558	162.604	188
8000	1424.036	1558	162.532	191
8250	1423.904	1558	162.64	191
8500	1423.768	1558	162.862	192
8750	1423.678	1555	163.06	192
9000	1424.142	1555	163.266	192
9250	1422.172	1555	163.864	192
9500	1420.544	1555	163.872	190
9750	1417.262	1555	163.98	190
10000	1418.53	1555	163.616	190


Run 10
500	1417.096	1525	166.71	206
750	1419.15	1524	166.562	206
1000	1418.168	1523	166.324	204
1250	1420.106	1529	165.994	198
1500	1422.29	1537	165.268	196
1750	1422.894	1537	164.996	197
2000	1424.838	1538	164.56	206
2250	1426.764	1538	164.568	206
2500	1426.64	1552	164.532	206
2750	1426.838	1552	164.54	206
3000	1427.54	1547	164.43	206
3250	1431.304	1535	164.042	206
3500	1432.514	1549	163.976	206
3750	1431.366	1546	164.398	206
4000	1433.23	1535	164.088	206
4250	1434.976	1535	163.534	206
4500	1438.114	1536	162.888	195
4750	1440.666	1535	162.242	195
5000	1437.976	1535	163.11	197
5250	1438.822	1535	163.228	210
5500	1437.032	1535	163.236	210
5750	1435.702	1539	163.474	200
6000	1435.976	1571	163.266	200
6250	1436.156	1571	163.554	201
6500	1433.546	1544	164.144	201
6750	1435.39	1556	164.1	203
7000	1433.838	1547	164.64	201
7250	1433.208	1564	164.788	201
7500	1432.568	1564	164.766	206
7750	1432.264	1564	165.222	206
8000	1433.73	1588	164.942	191
8250	1434.088	1588	164.93	191
8500	1435.362	1588	164.626	198
8750	1433.094	1588	165.446	198
9000	1434.564	1588	165.316	191
9250	1434.966	1588	165.19	191
9500	1433.83	1588	165.706	192
9750	1436.08	1588	165.496	204
10000	1436.574	1588	165.19	204


Run 11
500	1421.902	1569	165.634	205
750	1423.062	1539	165.724	205
1000	1422.964	1539	165.446	205
1250	1423.94	1565	165.824	205
1500	1422.4	1565	165.704	205
1750	1420.532	1565	165.576	205
2000	1419.688	1565	165.876	205
2250	1421.126	1565	165.952	205
2500	1422.038	1587	165.676	213
2750	1421.77	1587	165.936	213
3000	1422.138	1555	166.348	213
3250	1419.87	1555	166.76	213
3500	1418.938	1543	167.208	213
3750	1421.742	1560	166.252	213
4000	1418.838	1571	166.622	213
4250	1418.094	1571	166.96	213
4500	1419.544	1571	166.43	212
4750	1419.876	1571	166.43	212
5000	1419.174	1571	166.712	212
5250	1417.286	1571	167.238	212
5500	1417.542	1571	167.86	212
5750	1414.434	1571	168.324	212
6000	1416.334	1571	167.954	205
6250	1414.986	1547	168.256	205
6500	1414.12	1543	168.834	203
6750	1412.382	1539	169.086	203
7000	1410.96	1539	169.55	197
7250	1408.288	1539	170.344	197
7500	1409.286	1535	170.242	214
7750	1409.82	1529	170.378	214
8000	1410.668	1529	170.498	197
8250	1410.144	1534	170.72	197
8500	1409.576	1534	170.926	197
8750	1410.114	1534	171.064	197
9000	1410.89	1553	170.58	197
9250	1412.678	1534	170.046	196
9500	1411.844	1534	170.15	196
9750	1417.224	1524	169.474	194
10000	1418.774	1524	169.14	194


Run 12
500	1416.624	1551	166.882	203
750	1418.628	1551	166.344	203
1000	1417.4	1551	166.818	197
1250	1420.71	1551	166.118	201
1500	1421.046	1531	166.004	197
1750	1420.646	1529	165.728	197
2000	1421.556	1529	165.94	196
2250	1420.452	1529	166.124	195
2500	1418.432	1529	166.662	197
2750	1419.528	1529	166.67	194
3000	1418.158	1558	166.732	196
3250	1420.41	1585	166.584	196
3500	1423.036	1585	166.51	196
3750	1423.122	1585	166.086	196
4000	1424.11	1558	165.898	196
4250	1425.416	1558	165.932	196
4500	1426.73	1558	165.57	196
4750	1425.954	1558	166.016	196
5000	1428.45	1556	165.71	193
5250	1428.482	1556	165.304	191
5500	1426.944	1556	165.57	191
5750	1425.202	1517	165.792	194
6000	1425.696	1517	165.952	194
6250	1426.664	1516	165.518	195
6500	1425.67	1525	165.824	192
6750	1423.386	1525	166.41	195
7000	1423.092	1525	166.388	195
7250	1422.53	1525	166.5	195
7500	1421.708	1522	166.764	195
7750	1420.634	1522	166.862	195
8000	1422.342	1522	166.38	195
8250	1423.234	1524	166.39	194
8500	1424.762	1537	166.102	194
8750	1422.416	1537	166.4	194
9000	1421.636	1537	166.062	194
9250	1420.362	1519	166.186	195
9500	1422.24	1519	165.766	194
9750	1420.852	1549	166.27	194
10000	1420.746	1549	166.47	194


Run 13
500	1418.964	1556	166.774	196
750	1417.208	1556	166.752	197
1000	1415.654	1556	166.502	194
1250	1415.078	1556	166.328	194
1500	1415.322	1556	166.446	194
1750	1416.672	1522	166.384	201
2000	1416.544	1522	166.332	201
2250	1414.64	1524	166.444	201
2500	1416.614	1524	166.394	201
2750	1415.034	1538	166.476	192
3000	1412.952	1535	166.84	193
3250	1412.1	1541	166.372	193
3500	1411.65	1541	166.294	193
3750	1413.144	1541	166.122	193
4000	1415.334	1541	165.232	193
4250	1416.838	1541	165.41	193
4500	1417.914	1541	165.454	195
4750	1418.22	1541	165.822	196
5000	1418.786	1527	165.102	196
5250	1419.826	1527	164.806	192
5500	1421.382	1551	164.746	192
5750	1422.648	1520	164.788	192
6000	1420.728	1536	164.834	192
6250	1422.454	1543	164.592	192
6500	1423.892	1543	164.434	192
6750	1425.68	1535	164.126	191
7000	1423.058	1535	165.112	196
7250	1423.614	1549	164.85	196
7500	1425.98	1549	164.622	196
7750	1426.674	1551	164.61	196
8000	1425.236	1557	164.846	196
8250	1425.684	1555	165.064	196
8500	1426.26	1555	164.8	196
8750	1425.92	1556	164.67	196
9000	1426.176	1556	164.444	202
9250	1427.028	1555	164.322	202
9500	1427.762	1543	164.098	202
9750	1428.108	1561	164.33	203
10000	1429.842	1561	164.214	203


Run 14
500	1419.126	1525	166.666	205
750	1419.198	1520	166.582	205
1000	1419.222	1518	166.624	201
1250	1420.918	1518	166.73	201
1500	1420.812	1527	166.704	201
1750	1418.472	1559	166.654	201
2000	1419.486	1559	166.762	200
2250	1419.264	1538	166.6	200
2500	1417.016	1538	166.536	200
2750	1419.006	1538	166.45	200
3000	1418.918	1538	166.296	197
3250	1418.396	1540	166.574	202
3500	1419.08	1540	166.578	202
3750	1419.532	1541	166.42	193
4000	1419.32	1557	166.12	195
4250	1417.658	1557	166.752	195
4500	1418.3	1557	166.6	198
4750	1419.192	1603	166.464	198
5000	1420.012	1555	166.012	202
5250	1419.712	1552	165.99	202
5500	1418.334	1567	166.182	202
5750	1419.668	1552	165.808	202
6000	1419.292	1540	165.65	202
6250	1418.986	1540	165.554	202
6500	1416.274	1540	165.696	202
6750	1415.912	1520	165.826	205
7000	1415.632	1526	165.788	200
7250	1414.452	1528	166.056	195
7500	1414.15	1528	165.884	195
7750	1413.152	1528	166.328	195
8000	1412.162	1536	166.532	196
8250	1412.088	1536	166.49	195
8500	1410.4	1529	166.758	195
8750	1413.188	1554	166.554	197
9000	1412.4	1528	166.934	197
9250	1412.368	1528	167.004	197
9500	1413.68	1526	166.95	197
9750	1413.676	1526	166.664	197
10000	1413.732	1526	166.674	197


Run 15
500	1417.764	1539	167.09	196
750	1419.01	1539	166.474	196
1000	1418.064	1539	166.166	196
1250	1414.454	1538	166.646	196
1500	1414.294	1529	166.61	198
1750	1413.098	1518	166.464	198
2000	1413.832	1566	165.838	193
2250	1412.336	1566	165.844	195
2500	1411.578	1566	165.522	195
2750	1409.826	1566	166.246	194
3000	1407.598	1566	167.04	194
3250	1410.146	1555	166.106	194
3500	1408.416	1555	166.162	197
3750	1410.164	1555	166.26	193
4000	1409.792	1555	165.984	195
4250	1410.546	1555	165.848	194
4500	1410.264	1555	165.696	196
4750	1412.014	1555	165.098	193
5000	1411.478	1555	165.136	204
5250	1410.882	1535	165.436	196
5500	1409.956	1535	165.684	196
5750	1411.964	1542	165.166	196
6000	1408.596	1542	165.692	196
6250	1406.71	1525	166.12	197
6500	1405.42	1525	166.304	197
6750	1406.194	1523	166.288	197
7000	1405.74	1523	166.112	197
7250	1407.338	1521	165.554	202
7500	1405.738	1561	166.262	202
7750	1404.866	1561	166.522	196
8000	1406.074	1561	166.624	196
8250	1405.412	1561	166.518	200
8500	1404.594	1561	166.77	198
8750	1404.886	1524	166.156	198
9000	1404.892	1524	166.62	197
9250	1403.458	1524	166.726	197
9500	1403.502	1524	166.142	197
9750	1405.296	1529	166.034	197
10000	1403.832	1529	166.17	202


Run 16
500	1420.368	1548	166.122	204
750	1424.062	1529	165.842	204
1000	1424.464	1537	165.772	190
1250	1423.72	1537	165.93	198
1500	1421.744	1520	166.23	195
1750	1420.668	1520	166.376	195
2000	1418.464	1541	166.914	195
2250	1418.686	1541	166.93	193
2500	1419.646	1520	167.018	193
2750	1420.174	1525	166.838	188
3000	1421.082	1539	166.724	195
3250	1419.62	1539	166.666	195
3500	1418.836	1517	166.78	196
3750	1416.636	1517	167.532	196
4000	1416.63	1521	167.656	199
4250	1414.774	1515	167.814	201
4500	1411.702	1535	168.124	195
4750	1411.0	1501	167.834	201
5000	1412.416	1521	167.516	201
5250	1412.55	1521	167.724	201
5500	1414.268	1554	167.212	201
5750	1413.168	1554	168.058	201
6000	1414.862	1554	167.53	201
6250	1414.04	1554	168.066	201
6500	1413.362	1519	167.898	196
6750	1413.536	1506	168.09	195
7000	1409.878	1506	168.272	198
7250	1412.124	1506	168.052	194
7500	1413.026	1506	168.536	194
7750	1411.904	1506	168.86	197
8000	1413.186	1517	168.316	197
8250	1412.18	1518	168.828	198
8500	1412.744	1546	168.734	198
8750	1412.2	1520	168.874	198
9000	1412.812	1543	168.448	192
9250	1413.444	1543	168.69	194
9500	1413.08	1543	168.614	194
9750	1412.642	1533	168.414	196
10000	1412.912	1533	168.824	196


Run 17
500	1418.098	1523	166.486	211
750	1417.746	1523	166.182	196
1000	1416.792	1523	166.13	196
1250	1416.502	1537	166.414	196
1500	1412.926	1537	166.552	196
1750	1413.148	1525	166.18	196
2000	1412.652	1517	166.48	196
2250	1412.47	1517	166.352	198
2500	1415.486	1515	165.956	198
2750	1415.592	1519	165.928	198
3000	1415.162	1507	166.106	195
3250	1414.796	1507	166.054	194
3500	1414.096	1507	166.848	194
3750	1414.48	1526	166.994	196
4000	1414.424	1530	167.036	195
4250	1414.688	1530	167.574	195
4500	1416.022	1507	167.41	197
4750	1416.884	1513	167.494	197
5000	1417.64	1516	167.172	194
5250	1418.01	1541	166.96	194
5500	1416.862	1541	166.702	197
5750	1414.584	1541	167.158	197
6000	1410.578	1527	167.958	197
6250	1411.488	1527	168.382	197
6500	1412.158	1527	168.34	197
6750	1414.598	1512	167.29	197
7000	1417.114	1517	166.728	190
7250	1418.232	1508	165.906	187
7500	1419.822	1508	165.204	197
7750	1419.94	1524	164.856	197
8000	1420.258	1521	164.926	197
8250	1420.316	1521	165.166	197
8500	1418.036	1508	165.866	197
8750	1418.91	1512	166.206	197
9000	1417.82	1524	166.47	196
9250	1417.856	1524	166.44	196
9500	1418.752	1538	166.09	197
9750	1418.25	1523	166.386	194
10000	1417.94	1524	166.348	195


Run 18
500	1418.14	1521	166.476	199
750	1417.818	1521	166.192	199
1000	1417.362	1525	166.31	199
1250	1416.544	1521	166.222	199
1500	1416.082	1557	166.414	200
1750	1417.316	1542	166.178	199
2000	1418.348	1542	166.124	198
2250	1420.9	1542	165.872	207
2500	1420.516	1542	166.108	202
2750	1421.346	1542	166.196	202
3000	1421.15	1542	166.1	202
3250	1420.512	1542	165.932	202
3500	1420.904	1545	165.43	202
3750	1420.548	1545	164.77	195
4000	1418.698	1559	164.594	193
4250	1417.928	1559	164.474	191
4500	1415.88	1559	164.618	194
4750	1412.604	1559	164.912	196
5000	1413.872	1572	164.18	196
5250	1414.266	1572	164.08	196
5500	1416.674	1572	163.58	200
5750	1414.854	1572	163.896	200
6000	1414.084	1572	164.048	200
6250	1412.924	1572	164.022	200
6500	1411.558	1563	164.546	199
6750	1414.502	1545	163.996	199
7000	1415.338	1545	164.318	199
7250	1416.964	1557	163.828	194
7500	1415.714	1542	163.956	192
7750	1413.962	1529	163.88	190
8000	1413.754	1529	163.982	190
8250	1414.492	1532	163.814	193
8500	1414.67	1532	163.94	195
8750	1416.284	1520	163.684	195
9000	1416.984	1524	163.858	195
9250	1417.838	1524	163.454	195
9500	1417.668	1524	163.372	197
9750	1419.656	1524	162.854	195
10000	1422.502	1524	162.44	197


Run 19
500	1417.592	1532	167.046	199
750	1416.248	1532	167.39	199
1000	1417.024	1532	166.768	201
1250	1414.034	1547	167.276	199
1500	1413.918	1547	167.276	210
1750	1413.63	1547	167.464	196
2000	1411.73	1532	168.046	201
2250	1409.864	1532	167.958	201
2500	1411.32	1532	168.018	194
2750	1413.5	1546	167.456	197
3000	1414.282	1546	167.488	197
3250	1416.484	1540	166.856	197
3500	1414.636	1540	166.974	195
3750	1415.492	1540	166.562	195
4000	1416.416	1540	166.792	195
4250	1419.342	1540	166.58	196
4500	1417.3	1540	167.514	196
4750	1416.882	1540	167.416	196
5000	1417.744	1540	167.458	196
5250	1417.512	1541	167.298	195
5500	1417.204	1533	167.216	194
5750	1419.182	1529	166.714	199
6000	1418.05	1529	167.25	199
6250	1419.69	1530	167.154	199
6500	1418.008	1529	167.51	195
6750	1417.584	1540	167.534	195
7000	1416.536	1540	167.458	195
7250	1416.558	1540	167.206	195
7500	1416.508	1540	167.07	195
7750	1415.66	1540	167.22	195
8000	1416.356	1540	166.62	197
8250	1417.988	1543	166.774	197
8500	1416.308	1540	167.174	197
8750	1420.168	1540	166.048	195
9000	1420.324	1540	166.114	194
9250	1419.556	1540	166.45	194
9500	1418.2	1539	167.228	194
9750	1419.054	1530	166.674	197
10000	1417.336	1530	166.852	193


Run 20
500	1416.868	1539	167.134	198
750	1417.006	1535	166.622	197
1000	1418.616	1535	166.482	197
1250	1421.546	1535	165.898	197
1500	1422.636	1542	165.468	196
1750	1423.752	1542	165.252	198
2000	1424.304	1547	165.376	198
2250	1423.33	1549	165.802	197
2500	1420.96	1549	166.012	197
2750	1422.218	1549	165.44	197
3000	1423.722	1549	165.252	205
3250	1422.932	1573	165.73	205
3500	1419.978	1549	166.068	205
3750	1419.064	1549	166.052	198
4000	1420.222	1555	165.9	198
4250	1417.538	1551	166.682	198
4500	1418.084	1551	166.808	198
4750	1418.804	1551	166.694	194
5000	1420.526	1560	166.812	194
5250	1419.796	1551	167.066	194
5500	1420.234	1562	166.718	194
5750	1420.828	1562	166.2	193
6000	1418.52	1562	166.3	196
6250	1419.834	1562	166.182	196
6500	1418.952	1562	166.512	200
6750	1415.714	1562	167.672	200
7000	1413.928	1562	168.67	200
7250	1411.05	1533	169.67	200
7500	1411.312	1533	169.848	200
7750	1412.074	1532	169.696	200
8000	1414.44	1532	169.602	196
8250	1413.624	1534	169.964	196
8500	1414.504	1534	169.288	196
8750	1414.994	1536	169.392	196
9000	1411.112	1536	170.156	198
9250	1410.954	1518	170.132	198
9500	1413.256	1518	169.504	198
9750	1414.08	1517	169.328	198
10000	1412.376	1521	169.932	198


Run 21
500	1418.31	1527	167.114	199
750	1419.44	1527	167.166	200
1000	1417.846	1527	168.026	200
1250	1417.718	1573	167.516	200
1500	1418.12	1536	167.55	200
1750	1418.068	1536	167.23	198
2000	1421.382	1536	166.466	198
2250	1421.992	1536	166.028	195
2500	1421.366	1536	166.77	194
2750	1422.14	1522	167.1	201
3000	1422.78	1522	166.908	194
3250	1421.71	1522	166.94	196
3500	1423.67	1522	166.614	199
3750	1426.398	1526	166.512	199
4000	1425.918	1543	166.926	200
4250	1423.166	1543	167.616	208
4500	1422.502	1543	168.104	208
4750	1427.948	1546	167.096	208
5000	1425.616	1546	167.942	208
5250	1425.962	1546	167.988	212
5500	1422.44	1532	168.31	212
5750	1421.908	1545	168.13	212
6000	1420.656	1527	167.93	204
6250	1419.71	1526	168.48	197
6500	1421.246	1535	168.164	203
6750	1424.22	1555	167.532	197
7000	1424.476	1555	167.21	207
7250	1425.038	1555	166.688	196
7500	1427.264	1561	166.346	197
7750	1428.166	1561	166.538	200
8000	1430.892	1561	166.096	201
8250	1430.65	1561	166.212	201
8500	1431.312	1561	166.096	201
8750	1432.798	1561	165.912	201
9000	1432.342	1561	165.892	195
9250	1431.88	1547	165.508	195
9500	1428.672	1546	166.078	194
9750	1429.064	1546	166.06	193
10000	1429.498	1537	166.1	193


Run 22
500	1417.324	1595	166.894	205
750	1417.072	1595	166.488	193
1000	1416.65	1595	166.554	193
1250	1415.37	1595	166.682	193
1500	1416.852	1595	166.948	193
1750	1416.07	1595	167.134	192
2000	1418.088	1527	166.648	195
2250	1419.524	1533	166.152	195
2500	1418.664	1533	166.164	194
2750	1415.898	1530	166.836	193
3000	1415.03	1530	166.278	193
3250	1415.236	1530	166.256	195
3500	1415.636	1530	166.536	195
3750	1418.53	1534	166.326	195
4000	1420.036	1555	165.538	189
4250	1419.708	1593	166.012	189
4500	1418.652	1593	166.13	192
4750	1419.648	1593	165.798	192
5000	1420.97	1551	165.572	192
5250	1419.6	1561	165.948	189
5500	1418.908	1551	166.076	195
5750	1421.578	1551	165.836	195
6000	1421.08	1551	165.618	193
6250	1419.916	1551	165.322	193
6500	1419.588	1551	165.298	193
6750	1419.958	1551	165.014	189
7000	1421.528	1547	164.942	189
7250	1421.856	1570	164.99	193
7500	1419.038	1570	165.486	193
7750	1419.21	1536	165.456	195
8000	1417.868	1536	166.232	195
8250	1419.22	1536	165.702	195
8500	1419.862	1536	165.226	193
8750	1419.264	1564	165.358	192
9000	1419.63	1536	165.234	196
9250	1421.066	1550	164.992	196
9500	1421.644	1550	164.732	196
9750	1419.974	1538	165.12	196
10000	1419.608	1548	164.67	196


Run 23
500	1422.984	1558	165.636	203
750	1422.444	1558	165.334	203
1000	1422.004	1558	165.352	203
1250	1422.954	1554	165.032	203
1500	1420.108	1554	165.844	200
1750	1422.68	1556	165.608	200
2000	1422.6	1556	165.9	201
2250	1423.58	1556	165.162	201
2500	1427.656	1560	164.382	201
2750	1431.712	1556	163.13	193
3000	1438.288	1575	161.688	193
3250	1439.756	1575	161.198	193
3500	1440.304	1554	160.974	191
3750	1440.37	1558	160.664	191
4000	1441.252	1592	160.186	193
4250	1441.002	1605	159.896	193
4500	1441.226	1605	159.914	193
4750	1439.544	1563	160.554	194
5000	1439.46	1554	160.356	194
5250	1436.688	1551	161.214	194
5500	1435.472	1551	161.49	194
5750	1435.488	1558	161.496	194
6000	1433.624	1551	161.97	194
6250	1432.536	1551	162.706	194
6500	1433.318	1551	162.628	194
6750	1433.85	1551	162.432	190
7000	1432.954	1558	163.02	193
7250	1430.584	1558	163.494	193
7500	1432.202	1585	162.89	193
7750	1430.044	1585	163.3	193
8000	1432.11	1585	162.464	192
8250	1431.706	1557	162.062	200
8500	1432.814	1598	162.09	200
8750	1432.278	1598	161.988	201
9000	1432.256	1598	162.108	201
9250	1431.642	1571	161.902	200
9500	1431.488	1571	162.012	200
9750	1433.212	1573	161.73	200
10000	1434.5	1571	161.164	188


Run 24
500	1419.628	1536	166.378	200
750	1419.722	1539	166.678	197
1000	1423.31	1539	166.426	197
1250	1424.578	1536	166.196	197
1500	1425.074	1556	166.456	199
1750	1428.444	1570	165.78	197
2000	1428.228	1570	165.65	194
2250	1429.524	1570	165.182	192
2500	1428.388	1570	164.918	192
2750	1427.538	1570	164.806	198
3000	1429.006	1570	164.158	193
3250	1429.544	1532	164.246	193
3500	1428.83	1530	164.248	193
3750	1428.744	1530	164.262	185
4000	1430.928	1543	163.792	189
4250	1432.656	1543	163.244	189
4500	1431.032	1543	163.85	189
4750	1430.4	1549	164.096	190
5000	1429.102	1549	163.584	190
5250	1429.838	1550	163.016	197
5500	1428.832	1551	163.388	189
5750	1430.748	1550	163.172	189
6000	1431.63	1550	163.148	185
6250	1434.014	1550	162.224	186
6500	1434.53	1548	162.308	191
6750	1435.142	1534	162.496	191
7000	1436.816	1552	161.878	191
7250	1437.354	1552	161.68	191
7500	1440.26	1540	161.218	191
7750	1438.784	1540	161.564	191
8000	1436.716	1540	162.042	191
8250	1436.49	1545	162.22	192
8500	1436.61	1545	161.84	191
8750	1434.846	1545	162.286	191
9000	1436.652	1545	162.026	191
9250	1435.956	1545	161.624	191
9500	1434.576	1545	161.712	194
9750	1434.966	1545	161.65	191
10000	1438.47	1545	160.876	191


Run 25
500	1416.816	1554	166.65	198
750	1416.756	1554	166.632	197
1000	1416.98	1554	166.472	197
1250	1417.028	1554	166.64	197
1500	1417.524	1554	166.688	197
1750	1416.532	1554	166.514	197
2000	1415.226	1548	166.764	197
2250	1415.432	1526	166.506	197
2500	1415.89	1526	166.328	197
2750	1415.168	1526	166.514	197
3000	1413.804	1517	167.05	194
3250	1413.394	1517	167.542	194
3500	1414.298	1515	167.116	198
3750	1414.742	1540	167.416	194
4000	1416.2	1540	167.498	194
4250	1414.528	1540	167.528	197
4500	1413.47	1540	167.998	194
4750	1413.034	1532	168.118	197
5000	1412.992	1532	167.704	197
5250	1413.072	1507	167.788	198
5500	1413.224	1535	167.728	205
5750	1411.892	1558	167.5	205
6000	1409.858	1558	167.722	205
6250	1408.236	1558	167.962	198
6500	1407.762	1558	167.914	198
6750	1409.286	1558	167.706	198
7000	1411.266	1558	167.47	197
7250	1410.734	1558	167.366	197
7500	1411.594	1558	166.336	195
7750	1412.2	1558	166.724	198
8000	1414.96	1545	165.922	196
8250	1414.284	1559	165.392	196
8500	1411.812	1559	166.114	196
8750	1410.592	1539	166.014	196
9000	1409.294	1530	166.534	199
9250	1408.006	1530	166.892	196
9500	1409.624	1530	166.824	199
9750	1409.662	1530	166.664	196
10000	1409.008	1530	166.2	196


Run 26
500	1415.15	1583	167.63	197
750	1416.632	1583	167.038	197
1000	1416.738	1583	167.606	200
1250	1414.458	1583	167.938	200
1500	1412.78	1583	168.356	196
1750	1410.89	1583	168.872	199
2000	1410.78	1583	169.522	196
2250	1412.836	1583	168.718	194
2500	1414.534	1549	168.352	194
2750	1414.394	1529	168.3	194
3000	1411.232	1529	168.746	198
3250	1411.366	1529	168.966	202
3500	1412.562	1529	169.116	201
3750	1408.718	1529	169.342	201
4000	1408.598	1529	169.476	202
4250	1411.218	1529	169.086	202
4500	1412.652	1548	168.752	202
4750	1409.508	1548	168.95	202
5000	1408.796	1560	169.318	207
5250	1409.308	1560	169.19	207
5500	1409.846	1548	169.054	202
5750	1412.962	1548	168.24	201
6000	1411.168	1548	168.968	201
6250	1413.808	1548	168.15	201
6500	1414.196	1548	168.102	197
6750	1413.864	1559	168.134	197
7000	1416.424	1559	167.644	197
7250	1416.24	1548	167.504	197
7500	1417.248	1548	167.47	197
7750	1417.666	1548	167.382	195
8000	1418.086	1548	167.136	194
8250	1421.494	1553	166.6	199
8500	1424.694	1548	165.882	199
8750	1424.736	1548	165.914	199
9000	1423.394	1548	166.336	199
9250	1424.07	1536	166.64	200
9500	1422.558	1528	167.258	200
9750	1423.21	1539	167.27	200
10000	1423.852	1539	167.106	209


Run 27
500	1421.36	1540	166.012	197
750	1422.128	1540	165.806	198
1000	1421.48	1546	166.194	206
1250	1421.01	1541	166.908	197
1500	1419.738	1541	167.518	207
1750	1423.002	1569	166.55	197
2000	1419.082	1569	167.248	197
2250	1416.74	1533	167.822	203
2500	1417.132	1533	168.11	197
2750	1418.968	1533	167.958	197
3000	1416.336	1533	168.674	201
3250	1416.068	1533	168.432	201
3500	1416.14	1532	168.552	200
3750	1416.842	1565	168.258	198
4000	1416.458	1565	168.462	198
4250	1416.216	1565	168.498	199
4500	1419.01	1565	168.362	198
4750	1421.87	1565	168.03	197
5000	1424.504	1565	167.492	196
5250	1424.048	1565	167.71	196
5500	1422.974	1539	167.86	196
5750	1423.4	1554	167.718	197
6000	1420.778	1555	168.056	201
6250	1420.89	1558	167.426	201
6500	1421.45	1558	167.338	201
6750	1420.19	1558	167.774	201
7000	1418.458	1544	167.958	201
7250	1418.602	1544	168.142	201
7500	1419.102	1541	168.108	201
7750	1419.162	1541	167.904	201
8000	1418.81	1541	167.65	201
8250	1418.502	1541	167.482	201
8500	1418.304	1536	167.02	201
8750	1417.266	1536	167.086	201
9000	1418.682	1536	166.53	201
9250	1417.71	1541	167.484	201
9500	1417.878	1536	167.186	201
9750	1418.596	1536	166.704	202
10000	1417.708	1537	166.95	201


Run 28
500	1416.198	1552	167.24	206
750	1415.162	1552	167.208	206
1000	1415.304	1550	167.486	206
1250	1415.404	1550	167.722	196
1500	1412.076	1550	168.242	196
1750	1413.968	1550	167.964	196
2000	1413.1	1550	167.878	196
2250	1413.922	1550	167.848	201
2500	1414.73	1550	168.096	201
2750	1415.008	1546	168.362	201
3000	1415.426	1541	168.188	201
3250	1415.446	1531	167.934	197
3500	1414.3	1539	168.606	196
3750	1411.51	1531	168.78	196
4000	1414.582	1531	168.396	196
4250	1411.994	1522	168.81	200
4500	1410.788	1517	168.998	200
4750	1410.52	1514	169.05	203
5000	1410.912	1546	168.664	200
5250	1412.598	1546	168.294	200
5500	1413.166	1546	168.23	200
5750	1413.774	1531	168.052	208
6000	1412.186	1531	168.07	208
6250	1412.324	1531	167.946	208
6500	1413.32	1543	167.462	208
6750	1411.192	1543	167.862	200
7000	1409.348	1536	168.096	200
7250	1409.532	1536	168.538	200
7500	1411.126	1537	167.886	197
7750	1410.16	1530	167.794	195
8000	1412.866	1530	167.89	195
8250	1415.122	1524	167.686	195
8500	1415.512	1529	167.402	199
8750	1416.722	1522	166.98	199
9000	1416.38	1522	167.304	199
9250	1417.078	1522	167.312	205
9500	1415.714	1522	166.894	200
9750	1414.986	1547	166.876	200
10000	1415.2	1547	166.804	195


Run 29
500	1417.638	1545	166.77	205
750	1419.392	1533	166.374	192
1000	1420.16	1553	166.238	192
1250	1422.174	1553	165.678	191
1500	1424.024	1553	165.778	193
1750	1424.554	1553	165.598	193
2000	1423.854	1553	166.184	193
2250	1422.4	1553	166.41	193
2500	1421.722	1536	166.652	193
2750	1423.918	1525	165.89	194
3000	1421.846	1545	166.598	202
3250	1421.008	1545	166.458	202
3500	1421.142	1545	166.902	202
3750	1421.886	1545	166.644	202
4000	1421.368	1545	166.994	202
4250	1421.702	1525	167.254	200
4500	1422.188	1526	167.17	204
4750	1422.102	1534	166.962	204
5000	1419.886	1540	167.516	204
5250	1418.578	1535	168.014	198
5500	1421.626	1535	167.732	195
5750	1421.728	1535	167.594	195
6000	1422.062	1545	168.182	195
6250	1421.758	1545	168.538	195
6500	1422.568	1530	168.398	195
6750	1424.768	1530	168.056	195
7000	1424.362	1553	167.888	196
7250	1423.78	1553	168.15	196
7500	1423.38	1556	168.044	197
7750	1423.598	1556	168.212	197
8000	1424.082	1529	167.648	197
8250	1423.154	1529	167.752	192
8500	1421.718	1534	168.258	192
8750	1423.172	1527	167.844	192
9000	1424.634	1526	167.722	191
9250	1423.932	1537	167.748	190
9500	1424.778	1526	167.214	192
9750	1424.676	1529	167.834	202
10000	1425.762	1529	167.79	205


Run 30
500	1418.518	1529	167.106	199
750	1418.458	1544	167.14	199
1000	1419.396	1536	166.856	198
1250	1418.608	1548	166.854	198
1500	1418.976	1548	166.936	198
1750	1418.428	1548	166.868	198
2000	1419.072	1526	166.83	198
2250	1418.514	1549	166.698	195
2500	1417.58	1549	166.816	195
2750	1415.754	1549	167.104	195
3000	1417.08	1509	166.478	195
3250	1417.508	1512	166.702	196
3500	1418.35	1532	166.498	195
3750	1415.012	1532	166.71	195
4000	1416.088	1532	166.942	195
4250	1415.13	1518	167.146	195
4500	1418.898	1518	166.57	195
4750	1417.666	1515	166.686	195
5000	1418.078	1526	167.066	197
5250	1417.672	1526	166.474	197
5500	1416.912	1505	166.14	197
5750	1415.956	1514	166.304	198
6000	1416.416	1519	166.298	198
6250	1415.6	1521	166.142	198
6500	1417.288	1521	165.466	198
6750	1414.662	1521	166.066	194
7000	1413.89	1521	165.71	195
7250	1412.574	1521	165.784	195
7500	1410.47	1526	166.366	200
7750	1410.236	1528	166.654	200
8000	1410.966	1556	165.912	192
8250	1412.878	1556	165.388	192
8500	1410.556	1526	166.068	194
8750	1410.438	1523	166.104	198
9000	1409.794	1523	166.504	194
9250	1407.756	1523	166.644	195
9500	1407.316	1523	166.86	194
9750	1409.146	1523	166.576	194
10000	1409.984	1534	166.606	194


