CNF File Name: cnf/5.cnf
Random number seed value: 1445739746.0
Number of runs: 30
Number of fitness evaluations per run: 10000
Population size: 500
Lambda: 250
Strategy: plus
Parent Selection: Tournament
Survival Selection: Truncation
K value for survival: 0
K value for parents: 300
N convergence number: 0

Results log

Run 1
500	1418.534	1539	166.25	196
750	1434.13	1539	177.706	208
1000	1438.092	1539	188.686	212
1250	1412.166	1521	200.662	212
1500	1385.214	1467	209.046	212
1750	1379.844	1382	211.308	212
2000	1382.0	1382	211.0	211
2250	1382.0	1382	211.0	211
2500	1382.0	1382	211.0	211
2750	1382.0	1382	211.0	211
3000	1382.0	1382	211.0	211
3250	1382.0	1382	211.0	211
3500	1382.0	1382	211.0	211
3750	1382.0	1382	211.0	211
4000	1382.0	1382	211.0	211
4250	1382.0	1382	211.0	211
4500	1382.0	1382	211.0	211
4750	1382.0	1382	211.0	211
5000	1382.0	1382	211.0	211
5250	1382.0	1382	211.0	211
5500	1382.0	1382	211.0	211
5750	1382.0	1382	211.0	211
6000	1382.0	1382	211.0	211
6250	1382.0	1382	211.0	211
6500	1382.0	1382	211.0	211
6750	1382.0	1382	211.0	211
7000	1382.0	1382	211.0	211
7250	1382.0	1382	211.0	211
7500	1382.0	1382	211.0	211
7750	1382.0	1382	211.0	211
8000	1382.0	1382	211.0	211
8250	1382.0	1382	211.0	211
8500	1382.0	1382	211.0	211
8750	1382.0	1382	211.0	211
9000	1382.0	1382	211.0	211
9250	1382.0	1382	211.0	211
9500	1382.0	1382	211.0	211
9750	1382.0	1382	211.0	211
10000	1382.0	1382	211.0	211


Run 2
500	1416.752	1540	167.152	196
750	1413.612	1540	180.162	206
1000	1391.002	1540	195.366	209
1250	1391.084	1540	201.95	209
1500	1412.894	1540	203.262	209
1750	1417.352	1428	205.5	209
2000	1415.0	1415	207.0	207
2250	1415.0	1415	207.0	207
2500	1415.0	1415	207.0	207
2750	1415.0	1415	207.0	207
3000	1415.0	1415	207.0	207
3250	1415.0	1415	207.0	207
3500	1415.0	1415	207.0	207
3750	1415.0	1415	207.0	207
4000	1415.0	1415	207.0	207
4250	1415.0	1415	207.0	207
4500	1415.0	1415	207.0	207
4750	1415.0	1415	207.0	207
5000	1415.0	1415	207.0	207
5250	1415.0	1415	207.0	207
5500	1415.0	1415	207.0	207
5750	1415.0	1415	207.0	207
6000	1415.0	1415	207.0	207
6250	1415.0	1415	207.0	207
6500	1415.0	1415	207.0	207
6750	1415.0	1415	207.0	207
7000	1415.0	1415	207.0	207
7250	1415.0	1415	207.0	207
7500	1415.0	1415	207.0	207
7750	1415.0	1415	207.0	207
8000	1415.0	1415	207.0	207
8250	1415.0	1415	207.0	207
8500	1415.0	1415	207.0	207
8750	1415.0	1415	207.0	207
9000	1415.0	1415	207.0	207
9250	1415.0	1415	207.0	207
9500	1415.0	1415	207.0	207
9750	1415.0	1415	207.0	207
10000	1415.0	1415	207.0	207


Run 3
500	1419.888	1519	166.408	201
750	1431.888	1519	176.718	204
1000	1437.022	1519	187.284	204
1250	1445.914	1519	195.598	204
1500	1463.23	1519	199.486	204
1750	1470.744	1519	200.424	204
2000	1471.0	1471	201.0	201
2250	1471.0	1471	201.0	201
2500	1471.0	1471	201.0	201
2750	1471.0	1471	201.0	201
3000	1471.0	1471	201.0	201
3250	1471.0	1471	201.0	201
3500	1471.0	1471	201.0	201
3750	1471.0	1471	201.0	201
4000	1471.0	1471	201.0	201
4250	1471.0	1471	201.0	201
4500	1471.0	1471	201.0	201
4750	1471.0	1471	201.0	201
5000	1471.0	1471	201.0	201
5250	1471.0	1471	201.0	201
5500	1471.0	1471	201.0	201
5750	1471.0	1471	201.0	201
6000	1471.0	1471	201.0	201
6250	1471.0	1471	201.0	201
6500	1471.0	1471	201.0	201
6750	1471.0	1471	201.0	201
7000	1471.0	1471	201.0	201
7250	1471.0	1471	201.0	201
7500	1471.0	1471	201.0	201
7750	1471.0	1471	201.0	201
8000	1471.0	1471	201.0	201
8250	1471.0	1471	201.0	201
8500	1471.0	1471	201.0	201
8750	1471.0	1471	201.0	201
9000	1471.0	1471	201.0	201
9250	1471.0	1471	201.0	201
9500	1471.0	1471	201.0	201
9750	1471.0	1471	201.0	201
10000	1471.0	1471	201.0	201


Run 4
500	1421.948	1554	165.418	210
750	1384.164	1554	185.248	219
1000	1353.71	1554	200.256	227
1250	1332.974	1554	212.49	229
1500	1340.698	1554	217.558	229
1750	1345.034	1455	220.406	229
2000	1346.364	1449	221.67	229
2250	1348.02	1449	223.168	229
2500	1342.672	1362	225.178	226
2750	1340.0	1340	226.0	226
3000	1340.0	1340	226.0	226
3250	1340.0	1340	226.0	226
3500	1340.0	1340	226.0	226
3750	1340.0	1340	226.0	226
4000	1340.0	1340	226.0	226
4250	1340.0	1340	226.0	226
4500	1340.0	1340	226.0	226
4750	1340.0	1340	226.0	226
5000	1340.0	1340	226.0	226
5250	1340.0	1340	226.0	226
5500	1340.0	1340	226.0	226
5750	1340.0	1340	226.0	226
6000	1340.0	1340	226.0	226
6250	1340.0	1340	226.0	226
6500	1340.0	1340	226.0	226
6750	1340.0	1340	226.0	226
7000	1340.0	1340	226.0	226
7250	1340.0	1340	226.0	226
7500	1340.0	1340	226.0	226
7750	1340.0	1340	226.0	226
8000	1340.0	1340	226.0	226
8250	1340.0	1340	226.0	226
8500	1340.0	1340	226.0	226
8750	1340.0	1340	226.0	226
9000	1340.0	1340	226.0	226
9250	1340.0	1340	226.0	226
9500	1340.0	1340	226.0	226
9750	1340.0	1340	226.0	226
10000	1340.0	1340	226.0	226


Run 5
500	1420.868	1544	166.524	196
750	1428.918	1544	178.25	201
1000	1435.622	1544	189.116	204
1250	1425.428	1482	198.562	207
1500	1420.086	1444	201.886	207
1750	1413.07	1424	205.78	207
2000	1411.0	1411	207.0	207
2250	1411.0	1411	207.0	207
2500	1411.0	1411	207.0	207
2750	1411.0	1411	207.0	207
3000	1411.0	1411	207.0	207
3250	1411.0	1411	207.0	207
3500	1411.0	1411	207.0	207
3750	1411.0	1411	207.0	207
4000	1411.0	1411	207.0	207
4250	1411.0	1411	207.0	207
4500	1411.0	1411	207.0	207
4750	1411.0	1411	207.0	207
5000	1411.0	1411	207.0	207
5250	1411.0	1411	207.0	207
5500	1411.0	1411	207.0	207
5750	1411.0	1411	207.0	207
6000	1411.0	1411	207.0	207
6250	1411.0	1411	207.0	207
6500	1411.0	1411	207.0	207
6750	1411.0	1411	207.0	207
7000	1411.0	1411	207.0	207
7250	1411.0	1411	207.0	207
7500	1411.0	1411	207.0	207
7750	1411.0	1411	207.0	207
8000	1411.0	1411	207.0	207
8250	1411.0	1411	207.0	207
8500	1411.0	1411	207.0	207
8750	1411.0	1411	207.0	207
9000	1411.0	1411	207.0	207
9250	1411.0	1411	207.0	207
9500	1411.0	1411	207.0	207
9750	1411.0	1411	207.0	207
10000	1411.0	1411	207.0	207


Run 6
500	1419.144	1537	166.822	195
750	1430.82	1537	178.488	203
1000	1434.492	1537	188.558	203
1250	1440.42	1537	194.086	206
1500	1439.65	1537	196.818	211
1750	1436.204	1502	199.472	214
2000	1431.566	1502	201.324	215
2250	1433.404	1502	203.832	216
2500	1426.59	1465	208.906	216
2750	1421.064	1422	212.744	216
3000	1421.0	1421	213.0	213
3250	1421.0	1421	213.0	213
3500	1421.0	1421	213.0	213
3750	1421.0	1421	213.0	213
4000	1421.0	1421	213.0	213
4250	1421.0	1421	213.0	213
4500	1421.0	1421	213.0	213
4750	1421.0	1421	213.0	213
5000	1421.0	1421	213.0	213
5250	1421.0	1421	213.0	213
5500	1421.0	1421	213.0	213
5750	1421.0	1421	213.0	213
6000	1421.0	1421	213.0	213
6250	1421.0	1421	213.0	213
6500	1421.0	1421	213.0	213
6750	1421.0	1421	213.0	213
7000	1421.0	1421	213.0	213
7250	1421.0	1421	213.0	213
7500	1421.0	1421	213.0	213
7750	1421.0	1421	213.0	213
8000	1421.0	1421	213.0	213
8250	1421.0	1421	213.0	213
8500	1421.0	1421	213.0	213
8750	1421.0	1421	213.0	213
9000	1421.0	1421	213.0	213
9250	1421.0	1421	213.0	213
9500	1421.0	1421	213.0	213
9750	1421.0	1421	213.0	213
10000	1421.0	1421	213.0	213


Run 7
500	1417.192	1537	166.87	204
750	1406.162	1537	181.446	218
1000	1391.048	1537	198.052	230
1250	1349.752	1496	216.058	231
1500	1339.198	1425	220.386	234
1750	1339.328	1425	221.622	235
2000	1299.75	1320	233.38	235
2250	1294.0	1294	235.0	235
2500	1294.0	1294	235.0	235
2750	1294.0	1294	235.0	235
3000	1294.0	1294	235.0	235
3250	1294.0	1294	235.0	235
3500	1294.0	1294	235.0	235
3750	1294.0	1294	235.0	235
4000	1294.0	1294	235.0	235
4250	1294.0	1294	235.0	235
4500	1294.0	1294	235.0	235
4750	1294.0	1294	235.0	235
5000	1294.0	1294	235.0	235
5250	1294.0	1294	235.0	235
5500	1294.0	1294	235.0	235
5750	1294.0	1294	235.0	235
6000	1294.0	1294	235.0	235
6250	1294.0	1294	235.0	235
6500	1294.0	1294	235.0	235
6750	1294.0	1294	235.0	235
7000	1294.0	1294	235.0	235
7250	1294.0	1294	235.0	235
7500	1294.0	1294	235.0	235
7750	1294.0	1294	235.0	235
8000	1294.0	1294	235.0	235
8250	1294.0	1294	235.0	235
8500	1294.0	1294	235.0	235
8750	1294.0	1294	235.0	235
9000	1294.0	1294	235.0	235
9250	1294.0	1294	235.0	235
9500	1294.0	1294	235.0	235
9750	1294.0	1294	235.0	235
10000	1294.0	1294	235.0	235


Run 8
500	1420.612	1531	165.83	200
750	1419.618	1531	176.926	201
1000	1415.216	1531	187.154	201
1250	1407.822	1531	193.192	204
1500	1400.132	1519	196.3	204
1750	1399.796	1519	197.242	205
2000	1396.054	1456	199.99	205
2250	1391.0	1391	204.0	204
2500	1391.0	1391	204.0	204
2750	1391.0	1391	204.0	204
3000	1391.0	1391	204.0	204
3250	1391.0	1391	204.0	204
3500	1391.0	1391	204.0	204
3750	1391.0	1391	204.0	204
4000	1391.0	1391	204.0	204
4250	1391.0	1391	204.0	204
4500	1391.0	1391	204.0	204
4750	1391.0	1391	204.0	204
5000	1391.0	1391	204.0	204
5250	1391.0	1391	204.0	204
5500	1391.0	1391	204.0	204
5750	1391.0	1391	204.0	204
6000	1391.0	1391	204.0	204
6250	1391.0	1391	204.0	204
6500	1391.0	1391	204.0	204
6750	1391.0	1391	204.0	204
7000	1391.0	1391	204.0	204
7250	1391.0	1391	204.0	204
7500	1391.0	1391	204.0	204
7750	1391.0	1391	204.0	204
8000	1391.0	1391	204.0	204
8250	1391.0	1391	204.0	204
8500	1391.0	1391	204.0	204
8750	1391.0	1391	204.0	204
9000	1391.0	1391	204.0	204
9250	1391.0	1391	204.0	204
9500	1391.0	1391	204.0	204
9750	1391.0	1391	204.0	204
10000	1391.0	1391	204.0	204


Run 9
500	1414.684	1547	167.112	195
750	1434.844	1547	178.59	200
1000	1438.63	1547	189.852	210
1250	1430.394	1547	199.374	217
1500	1421.804	1508	205.66	218
1750	1416.506	1496	208.76	220
2000	1398.874	1452	215.606	220
2250	1399.668	1452	215.83	221
2500	1394.508	1418	218.372	221
2750	1395.888	1418	219.314	221
3000	1395.844	1418	220.004	221
3250	1403.126	1408	219.654	221
3500	1407.264	1408	219.736	220
3750	1407.0	1407	220.0	220
4000	1407.0	1407	220.0	220
4250	1407.0	1407	220.0	220
4500	1407.0	1407	220.0	220
4750	1407.0	1407	220.0	220
5000	1407.0	1407	220.0	220
5250	1407.0	1407	220.0	220
5500	1407.0	1407	220.0	220
5750	1407.0	1407	220.0	220
6000	1407.0	1407	220.0	220
6250	1407.0	1407	220.0	220
6500	1407.0	1407	220.0	220
6750	1407.0	1407	220.0	220
7000	1407.0	1407	220.0	220
7250	1407.0	1407	220.0	220
7500	1407.0	1407	220.0	220
7750	1407.0	1407	220.0	220
8000	1407.0	1407	220.0	220
8250	1407.0	1407	220.0	220
8500	1407.0	1407	220.0	220
8750	1407.0	1407	220.0	220
9000	1407.0	1407	220.0	220
9250	1407.0	1407	220.0	220
9500	1407.0	1407	220.0	220
9750	1407.0	1407	220.0	220
10000	1407.0	1407	220.0	220


Run 10
500	1418.108	1552	166.954	202
750	1417.322	1552	178.95	205
1000	1413.13	1552	193.076	207
1250	1416.02	1552	199.984	215
1500	1408.396	1467	204.436	217
1750	1404.466	1456	207.954	217
2000	1392.724	1434	214.986	217
2250	1388.0	1388	217.0	217
2500	1388.0	1388	217.0	217
2750	1388.0	1388	217.0	217
3000	1388.0	1388	217.0	217
3250	1388.0	1388	217.0	217
3500	1388.0	1388	217.0	217
3750	1388.0	1388	217.0	217
4000	1388.0	1388	217.0	217
4250	1388.0	1388	217.0	217
4500	1388.0	1388	217.0	217
4750	1388.0	1388	217.0	217
5000	1388.0	1388	217.0	217
5250	1388.0	1388	217.0	217
5500	1388.0	1388	217.0	217
5750	1388.0	1388	217.0	217
6000	1388.0	1388	217.0	217
6250	1388.0	1388	217.0	217
6500	1388.0	1388	217.0	217
6750	1388.0	1388	217.0	217
7000	1388.0	1388	217.0	217
7250	1388.0	1388	217.0	217
7500	1388.0	1388	217.0	217
7750	1388.0	1388	217.0	217
8000	1388.0	1388	217.0	217
8250	1388.0	1388	217.0	217
8500	1388.0	1388	217.0	217
8750	1388.0	1388	217.0	217
9000	1388.0	1388	217.0	217
9250	1388.0	1388	217.0	217
9500	1388.0	1388	217.0	217
9750	1388.0	1388	217.0	217
10000	1388.0	1388	217.0	217


Run 11
500	1420.506	1579	166.908	199
750	1420.038	1579	181.142	213
1000	1397.496	1579	197.366	217
1250	1388.88	1529	207.316	217
1500	1392.256	1521	210.388	217
1750	1391.996	1521	210.836	217
2000	1390.0	1390	212.0	212
2250	1390.0	1390	212.0	212
2500	1390.0	1390	212.0	212
2750	1390.0	1390	212.0	212
3000	1390.0	1390	212.0	212
3250	1390.0	1390	212.0	212
3500	1390.0	1390	212.0	212
3750	1390.0	1390	212.0	212
4000	1390.0	1390	212.0	212
4250	1390.0	1390	212.0	212
4500	1390.0	1390	212.0	212
4750	1390.0	1390	212.0	212
5000	1390.0	1390	212.0	212
5250	1390.0	1390	212.0	212
5500	1390.0	1390	212.0	212
5750	1390.0	1390	212.0	212
6000	1390.0	1390	212.0	212
6250	1390.0	1390	212.0	212
6500	1390.0	1390	212.0	212
6750	1390.0	1390	212.0	212
7000	1390.0	1390	212.0	212
7250	1390.0	1390	212.0	212
7500	1390.0	1390	212.0	212
7750	1390.0	1390	212.0	212
8000	1390.0	1390	212.0	212
8250	1390.0	1390	212.0	212
8500	1390.0	1390	212.0	212
8750	1390.0	1390	212.0	212
9000	1390.0	1390	212.0	212
9250	1390.0	1390	212.0	212
9500	1390.0	1390	212.0	212
9750	1390.0	1390	212.0	212
10000	1390.0	1390	212.0	212


Run 12
500	1421.018	1559	166.598	197
750	1421.482	1559	178.374	213
1000	1403.404	1559	193.946	213
1250	1386.476	1513	205.856	216
1500	1378.188	1475	209.948	219
1750	1373.38	1475	212.166	219
2000	1372.014	1475	214.144	220
2250	1372.788	1475	215.58	220
2500	1374.0	1475	216.288	220
2750	1374.19	1400	217.916	220
3000	1375.0	1375	219.0	219
3250	1375.0	1375	219.0	219
3500	1375.0	1375	219.0	219
3750	1375.0	1375	219.0	219
4000	1375.0	1375	219.0	219
4250	1375.0	1375	219.0	219
4500	1375.0	1375	219.0	219
4750	1375.0	1375	219.0	219
5000	1375.0	1375	219.0	219
5250	1375.0	1375	219.0	219
5500	1375.0	1375	219.0	219
5750	1375.0	1375	219.0	219
6000	1375.0	1375	219.0	219
6250	1375.0	1375	219.0	219
6500	1375.0	1375	219.0	219
6750	1375.0	1375	219.0	219
7000	1375.0	1375	219.0	219
7250	1375.0	1375	219.0	219
7500	1375.0	1375	219.0	219
7750	1375.0	1375	219.0	219
8000	1375.0	1375	219.0	219
8250	1375.0	1375	219.0	219
8500	1375.0	1375	219.0	219
8750	1375.0	1375	219.0	219
9000	1375.0	1375	219.0	219
9250	1375.0	1375	219.0	219
9500	1375.0	1375	219.0	219
9750	1375.0	1375	219.0	219
10000	1375.0	1375	219.0	219


Run 13
500	1417.384	1535	166.318	196
750	1431.86	1535	176.26	206
1000	1420.756	1535	191.396	209
1250	1419.28	1535	202.278	212
1500	1430.428	1535	205.662	212
1750	1438.448	1507	207.306	213
2000	1441.74	1507	208.924	213
2250	1438.198	1453	211.506	213
2500	1433.0	1433	213.0	213
2750	1433.0	1433	213.0	213
3000	1433.0	1433	213.0	213
3250	1433.0	1433	213.0	213
3500	1433.0	1433	213.0	213
3750	1433.0	1433	213.0	213
4000	1433.0	1433	213.0	213
4250	1433.0	1433	213.0	213
4500	1433.0	1433	213.0	213
4750	1433.0	1433	213.0	213
5000	1433.0	1433	213.0	213
5250	1433.0	1433	213.0	213
5500	1433.0	1433	213.0	213
5750	1433.0	1433	213.0	213
6000	1433.0	1433	213.0	213
6250	1433.0	1433	213.0	213
6500	1433.0	1433	213.0	213
6750	1433.0	1433	213.0	213
7000	1433.0	1433	213.0	213
7250	1433.0	1433	213.0	213
7500	1433.0	1433	213.0	213
7750	1433.0	1433	213.0	213
8000	1433.0	1433	213.0	213
8250	1433.0	1433	213.0	213
8500	1433.0	1433	213.0	213
8750	1433.0	1433	213.0	213
9000	1433.0	1433	213.0	213
9250	1433.0	1433	213.0	213
9500	1433.0	1433	213.0	213
9750	1433.0	1433	213.0	213
10000	1433.0	1433	213.0	213


Run 14
500	1420.194	1534	166.474	197
750	1420.424	1534	178.948	211
1000	1394.584	1534	194.872	216
1250	1385.416	1533	205.442	220
1500	1394.998	1533	209.74	221
1750	1391.566	1504	213.642	222
2000	1386.826	1477	216.772	222
2250	1385.702	1477	217.832	222
2500	1381.62	1387	221.494	222
2750	1382.848	1387	221.692	222
3000	1381.0	1381	222.0	222
3250	1381.0	1381	222.0	222
3500	1381.0	1381	222.0	222
3750	1381.0	1381	222.0	222
4000	1381.0	1381	222.0	222
4250	1381.0	1381	222.0	222
4500	1381.0	1381	222.0	222
4750	1381.0	1381	222.0	222
5000	1381.0	1381	222.0	222
5250	1381.0	1381	222.0	222
5500	1381.0	1381	222.0	222
5750	1381.0	1381	222.0	222
6000	1381.0	1381	222.0	222
6250	1381.0	1381	222.0	222
6500	1381.0	1381	222.0	222
6750	1381.0	1381	222.0	222
7000	1381.0	1381	222.0	222
7250	1381.0	1381	222.0	222
7500	1381.0	1381	222.0	222
7750	1381.0	1381	222.0	222
8000	1381.0	1381	222.0	222
8250	1381.0	1381	222.0	222
8500	1381.0	1381	222.0	222
8750	1381.0	1381	222.0	222
9000	1381.0	1381	222.0	222
9250	1381.0	1381	222.0	222
9500	1381.0	1381	222.0	222
9750	1381.0	1381	222.0	222
10000	1381.0	1381	222.0	222


Run 15
500	1416.258	1553	167.136	194
750	1423.468	1557	178.644	208
1000	1439.162	1557	188.92	218
1250	1467.158	1557	194.45	219
1500	1473.578	1557	197.702	219
1750	1480.768	1557	199.844	219
2000	1477.538	1557	202.674	219
2250	1468.804	1520	208.318	219
2500	1456.0	1456	215.0	215
2750	1456.0	1456	215.0	215
3000	1456.0	1456	215.0	215
3250	1456.0	1456	215.0	215
3500	1456.0	1456	215.0	215
3750	1456.0	1456	215.0	215
4000	1456.0	1456	215.0	215
4250	1456.0	1456	215.0	215
4500	1456.0	1456	215.0	215
4750	1456.0	1456	215.0	215
5000	1456.0	1456	215.0	215
5250	1456.0	1456	215.0	215
5500	1456.0	1456	215.0	215
5750	1456.0	1456	215.0	215
6000	1456.0	1456	215.0	215
6250	1456.0	1456	215.0	215
6500	1456.0	1456	215.0	215
6750	1456.0	1456	215.0	215
7000	1456.0	1456	215.0	215
7250	1456.0	1456	215.0	215
7500	1456.0	1456	215.0	215
7750	1456.0	1456	215.0	215
8000	1456.0	1456	215.0	215
8250	1456.0	1456	215.0	215
8500	1456.0	1456	215.0	215
8750	1456.0	1456	215.0	215
9000	1456.0	1456	215.0	215
9250	1456.0	1456	215.0	215
9500	1456.0	1456	215.0	215
9750	1456.0	1456	215.0	215
10000	1456.0	1456	215.0	215


Run 16
500	1419.494	1540	166.748	200
750	1406.2	1540	182.046	209
1000	1391.868	1540	197.14	214
1250	1389.686	1540	205.16	215
1500	1385.09	1519	211.578	215
1750	1382.0	1382	215.0	215
2000	1382.0	1382	215.0	215
2250	1382.0	1382	215.0	215
2500	1382.0	1382	215.0	215
2750	1382.0	1382	215.0	215
3000	1382.0	1382	215.0	215
3250	1382.0	1382	215.0	215
3500	1382.0	1382	215.0	215
3750	1382.0	1382	215.0	215
4000	1382.0	1382	215.0	215
4250	1382.0	1382	215.0	215
4500	1382.0	1382	215.0	215
4750	1382.0	1382	215.0	215
5000	1382.0	1382	215.0	215
5250	1382.0	1382	215.0	215
5500	1382.0	1382	215.0	215
5750	1382.0	1382	215.0	215
6000	1382.0	1382	215.0	215
6250	1382.0	1382	215.0	215
6500	1382.0	1382	215.0	215
6750	1382.0	1382	215.0	215
7000	1382.0	1382	215.0	215
7250	1382.0	1382	215.0	215
7500	1382.0	1382	215.0	215
7750	1382.0	1382	215.0	215
8000	1382.0	1382	215.0	215
8250	1382.0	1382	215.0	215
8500	1382.0	1382	215.0	215
8750	1382.0	1382	215.0	215
9000	1382.0	1382	215.0	215
9250	1382.0	1382	215.0	215
9500	1382.0	1382	215.0	215
9750	1382.0	1382	215.0	215
10000	1382.0	1382	215.0	215


Run 17
500	1421.288	1542	166.466	194
750	1426.818	1542	177.826	208
1000	1424.234	1542	191.292	214
1250	1420.246	1542	203.472	218
1500	1427.716	1542	209.646	220
1750	1433.486	1530	214.018	222
2000	1430.824	1530	217.368	222
2250	1429.486	1496	219.476	222
2500	1429.552	1430	221.054	222
2750	1430.0	1430	221.0	221
3000	1430.0	1430	221.0	221
3250	1430.0	1430	221.0	221
3500	1430.0	1430	221.0	221
3750	1430.0	1430	221.0	221
4000	1430.0	1430	221.0	221
4250	1430.0	1430	221.0	221
4500	1430.0	1430	221.0	221
4750	1430.0	1430	221.0	221
5000	1430.0	1430	221.0	221
5250	1430.0	1430	221.0	221
5500	1430.0	1430	221.0	221
5750	1430.0	1430	221.0	221
6000	1430.0	1430	221.0	221
6250	1430.0	1430	221.0	221
6500	1430.0	1430	221.0	221
6750	1430.0	1430	221.0	221
7000	1430.0	1430	221.0	221
7250	1430.0	1430	221.0	221
7500	1430.0	1430	221.0	221
7750	1430.0	1430	221.0	221
8000	1430.0	1430	221.0	221
8250	1430.0	1430	221.0	221
8500	1430.0	1430	221.0	221
8750	1430.0	1430	221.0	221
9000	1430.0	1430	221.0	221
9250	1430.0	1430	221.0	221
9500	1430.0	1430	221.0	221
9750	1430.0	1430	221.0	221
10000	1430.0	1430	221.0	221


Run 18
500	1415.084	1545	167.588	203
750	1407.524	1545	181.366	206
1000	1419.368	1545	191.1	209
1250	1438.028	1545	195.276	209
1500	1441.416	1532	198.96	209
1750	1442.912	1532	200.626	209
2000	1442.0	1442	202.0	202
2250	1442.0	1442	202.0	202
2500	1442.0	1442	202.0	202
2750	1442.0	1442	202.0	202
3000	1442.0	1442	202.0	202
3250	1442.0	1442	202.0	202
3500	1442.0	1442	202.0	202
3750	1442.0	1442	202.0	202
4000	1442.0	1442	202.0	202
4250	1442.0	1442	202.0	202
4500	1442.0	1442	202.0	202
4750	1442.0	1442	202.0	202
5000	1442.0	1442	202.0	202
5250	1442.0	1442	202.0	202
5500	1442.0	1442	202.0	202
5750	1442.0	1442	202.0	202
6000	1442.0	1442	202.0	202
6250	1442.0	1442	202.0	202
6500	1442.0	1442	202.0	202
6750	1442.0	1442	202.0	202
7000	1442.0	1442	202.0	202
7250	1442.0	1442	202.0	202
7500	1442.0	1442	202.0	202
7750	1442.0	1442	202.0	202
8000	1442.0	1442	202.0	202
8250	1442.0	1442	202.0	202
8500	1442.0	1442	202.0	202
8750	1442.0	1442	202.0	202
9000	1442.0	1442	202.0	202
9250	1442.0	1442	202.0	202
9500	1442.0	1442	202.0	202
9750	1442.0	1442	202.0	202
10000	1442.0	1442	202.0	202


Run 19
500	1416.876	1540	167.178	205
750	1422.97	1540	180.176	214
1000	1423.25	1540	191.884	221
1250	1407.518	1540	205.152	221
1500	1394.48	1539	212.482	227
1750	1389.656	1539	215.704	227
2000	1375.458	1420	221.772	227
2250	1366.31	1401	225.052	227
2500	1366.708	1401	225.364	227
2750	1371.14	1374	225.26	226
3000	1374.0	1374	225.0	225
3250	1374.0	1374	225.0	225
3500	1374.0	1374	225.0	225
3750	1374.0	1374	225.0	225
4000	1374.0	1374	225.0	225
4250	1374.0	1374	225.0	225
4500	1374.0	1374	225.0	225
4750	1374.0	1374	225.0	225
5000	1374.0	1374	225.0	225
5250	1374.0	1374	225.0	225
5500	1374.0	1374	225.0	225
5750	1374.0	1374	225.0	225
6000	1374.0	1374	225.0	225
6250	1374.0	1374	225.0	225
6500	1374.0	1374	225.0	225
6750	1374.0	1374	225.0	225
7000	1374.0	1374	225.0	225
7250	1374.0	1374	225.0	225
7500	1374.0	1374	225.0	225
7750	1374.0	1374	225.0	225
8000	1374.0	1374	225.0	225
8250	1374.0	1374	225.0	225
8500	1374.0	1374	225.0	225
8750	1374.0	1374	225.0	225
9000	1374.0	1374	225.0	225
9250	1374.0	1374	225.0	225
9500	1374.0	1374	225.0	225
9750	1374.0	1374	225.0	225
10000	1374.0	1374	225.0	225


Run 20
500	1416.892	1568	166.966	197
750	1426.246	1568	177.34	211
1000	1400.924	1568	194.798	214
1250	1389.438	1508	204.596	214
1500	1414.918	1508	206.09	214
1750	1426.426	1508	207.268	214
2000	1427.642	1508	207.854	214
2250	1428.586	1508	209.402	214
2500	1427.0	1427	212.0	212
2750	1427.0	1427	212.0	212
3000	1427.0	1427	212.0	212
3250	1427.0	1427	212.0	212
3500	1427.0	1427	212.0	212
3750	1427.0	1427	212.0	212
4000	1427.0	1427	212.0	212
4250	1427.0	1427	212.0	212
4500	1427.0	1427	212.0	212
4750	1427.0	1427	212.0	212
5000	1427.0	1427	212.0	212
5250	1427.0	1427	212.0	212
5500	1427.0	1427	212.0	212
5750	1427.0	1427	212.0	212
6000	1427.0	1427	212.0	212
6250	1427.0	1427	212.0	212
6500	1427.0	1427	212.0	212
6750	1427.0	1427	212.0	212
7000	1427.0	1427	212.0	212
7250	1427.0	1427	212.0	212
7500	1427.0	1427	212.0	212
7750	1427.0	1427	212.0	212
8000	1427.0	1427	212.0	212
8250	1427.0	1427	212.0	212
8500	1427.0	1427	212.0	212
8750	1427.0	1427	212.0	212
9000	1427.0	1427	212.0	212
9250	1427.0	1427	212.0	212
9500	1427.0	1427	212.0	212
9750	1427.0	1427	212.0	212
10000	1427.0	1427	212.0	212


Run 21
500	1417.516	1557	166.472	197
750	1408.422	1557	181.778	212
1000	1410.864	1557	193.744	216
1250	1395.994	1557	204.338	220
1500	1367.822	1409	213.992	220
1750	1353.0	1353	218.0	218
2000	1353.0	1353	218.0	218
2250	1353.0	1353	218.0	218
2500	1353.0	1353	218.0	218
2750	1353.0	1353	218.0	218
3000	1353.0	1353	218.0	218
3250	1353.0	1353	218.0	218
3500	1353.0	1353	218.0	218
3750	1353.0	1353	218.0	218
4000	1353.0	1353	218.0	218
4250	1353.0	1353	218.0	218
4500	1353.0	1353	218.0	218
4750	1353.0	1353	218.0	218
5000	1353.0	1353	218.0	218
5250	1353.0	1353	218.0	218
5500	1353.0	1353	218.0	218
5750	1353.0	1353	218.0	218
6000	1353.0	1353	218.0	218
6250	1353.0	1353	218.0	218
6500	1353.0	1353	218.0	218
6750	1353.0	1353	218.0	218
7000	1353.0	1353	218.0	218
7250	1353.0	1353	218.0	218
7500	1353.0	1353	218.0	218
7750	1353.0	1353	218.0	218
8000	1353.0	1353	218.0	218
8250	1353.0	1353	218.0	218
8500	1353.0	1353	218.0	218
8750	1353.0	1353	218.0	218
9000	1353.0	1353	218.0	218
9250	1353.0	1353	218.0	218
9500	1353.0	1353	218.0	218
9750	1353.0	1353	218.0	218
10000	1353.0	1353	218.0	218


Run 22
500	1419.506	1566	166.594	207
750	1392.016	1566	183.694	219
1000	1365.392	1566	203.118	224
1250	1347.814	1566	213.932	225
1500	1343.126	1536	219.898	226
1750	1354.496	1536	221.298	226
2000	1353.704	1461	223.404	226
2250	1351.0	1351	225.0	225
2500	1351.0	1351	225.0	225
2750	1351.0	1351	225.0	225
3000	1351.0	1351	225.0	225
3250	1351.0	1351	225.0	225
3500	1351.0	1351	225.0	225
3750	1351.0	1351	225.0	225
4000	1351.0	1351	225.0	225
4250	1351.0	1351	225.0	225
4500	1351.0	1351	225.0	225
4750	1351.0	1351	225.0	225
5000	1351.0	1351	225.0	225
5250	1351.0	1351	225.0	225
5500	1351.0	1351	225.0	225
5750	1351.0	1351	225.0	225
6000	1351.0	1351	225.0	225
6250	1351.0	1351	225.0	225
6500	1351.0	1351	225.0	225
6750	1351.0	1351	225.0	225
7000	1351.0	1351	225.0	225
7250	1351.0	1351	225.0	225
7500	1351.0	1351	225.0	225
7750	1351.0	1351	225.0	225
8000	1351.0	1351	225.0	225
8250	1351.0	1351	225.0	225
8500	1351.0	1351	225.0	225
8750	1351.0	1351	225.0	225
9000	1351.0	1351	225.0	225
9250	1351.0	1351	225.0	225
9500	1351.0	1351	225.0	225
9750	1351.0	1351	225.0	225
10000	1351.0	1351	225.0	225


Run 23
500	1419.366	1561	166.264	206
750	1395.936	1561	184.298	221
1000	1366.408	1561	201.4	221
1250	1347.07	1506	212.01	221
1500	1352.536	1506	213.234	221
1750	1357.554	1506	213.41	221
2000	1360.03	1506	215.05	221
2250	1360.304	1506	215.278	221
2500	1353.744	1363	217.136	218
2750	1350.0	1350	218.0	218
3000	1350.0	1350	218.0	218
3250	1350.0	1350	218.0	218
3500	1350.0	1350	218.0	218
3750	1350.0	1350	218.0	218
4000	1350.0	1350	218.0	218
4250	1350.0	1350	218.0	218
4500	1350.0	1350	218.0	218
4750	1350.0	1350	218.0	218
5000	1350.0	1350	218.0	218
5250	1350.0	1350	218.0	218
5500	1350.0	1350	218.0	218
5750	1350.0	1350	218.0	218
6000	1350.0	1350	218.0	218
6250	1350.0	1350	218.0	218
6500	1350.0	1350	218.0	218
6750	1350.0	1350	218.0	218
7000	1350.0	1350	218.0	218
7250	1350.0	1350	218.0	218
7500	1350.0	1350	218.0	218
7750	1350.0	1350	218.0	218
8000	1350.0	1350	218.0	218
8250	1350.0	1350	218.0	218
8500	1350.0	1350	218.0	218
8750	1350.0	1350	218.0	218
9000	1350.0	1350	218.0	218
9250	1350.0	1350	218.0	218
9500	1350.0	1350	218.0	218
9750	1350.0	1350	218.0	218
10000	1350.0	1350	218.0	218


Run 24
500	1419.74	1542	166.382	211
750	1390.184	1542	183.468	221
1000	1351.764	1542	202.462	222
1250	1329.52	1514	214.69	223
1500	1336.046	1514	218.866	224
1750	1348.626	1514	220.272	227
2000	1348.654	1468	223.132	227
2250	1345.762	1360	226.694	227
2500	1348.488	1350	226.252	227
2750	1350.0	1350	226.0	226
3000	1350.0	1350	226.0	226
3250	1350.0	1350	226.0	226
3500	1350.0	1350	226.0	226
3750	1350.0	1350	226.0	226
4000	1350.0	1350	226.0	226
4250	1350.0	1350	226.0	226
4500	1350.0	1350	226.0	226
4750	1350.0	1350	226.0	226
5000	1350.0	1350	226.0	226
5250	1350.0	1350	226.0	226
5500	1350.0	1350	226.0	226
5750	1350.0	1350	226.0	226
6000	1350.0	1350	226.0	226
6250	1350.0	1350	226.0	226
6500	1350.0	1350	226.0	226
6750	1350.0	1350	226.0	226
7000	1350.0	1350	226.0	226
7250	1350.0	1350	226.0	226
7500	1350.0	1350	226.0	226
7750	1350.0	1350	226.0	226
8000	1350.0	1350	226.0	226
8250	1350.0	1350	226.0	226
8500	1350.0	1350	226.0	226
8750	1350.0	1350	226.0	226
9000	1350.0	1350	226.0	226
9250	1350.0	1350	226.0	226
9500	1350.0	1350	226.0	226
9750	1350.0	1350	226.0	226
10000	1350.0	1350	226.0	226


Run 25
500	1419.72	1531	166.24	202
750	1402.322	1531	181.248	212
1000	1394.738	1531	192.812	222
1250	1386.184	1531	202.402	225
1500	1356.686	1463	214.582	235
1750	1313.004	1414	228.23	235
2000	1292.84	1295	234.72	235
2250	1292.0	1292	235.0	235
2500	1292.0	1292	235.0	235
2750	1292.0	1292	235.0	235
3000	1292.0	1292	235.0	235
3250	1292.0	1292	235.0	235
3500	1292.0	1292	235.0	235
3750	1292.0	1292	235.0	235
4000	1292.0	1292	235.0	235
4250	1292.0	1292	235.0	235
4500	1292.0	1292	235.0	235
4750	1292.0	1292	235.0	235
5000	1292.0	1292	235.0	235
5250	1292.0	1292	235.0	235
5500	1292.0	1292	235.0	235
5750	1292.0	1292	235.0	235
6000	1292.0	1292	235.0	235
6250	1292.0	1292	235.0	235
6500	1292.0	1292	235.0	235
6750	1292.0	1292	235.0	235
7000	1292.0	1292	235.0	235
7250	1292.0	1292	235.0	235
7500	1292.0	1292	235.0	235
7750	1292.0	1292	235.0	235
8000	1292.0	1292	235.0	235
8250	1292.0	1292	235.0	235
8500	1292.0	1292	235.0	235
8750	1292.0	1292	235.0	235
9000	1292.0	1292	235.0	235
9250	1292.0	1292	235.0	235
9500	1292.0	1292	235.0	235
9750	1292.0	1292	235.0	235
10000	1292.0	1292	235.0	235


Run 26
500	1422.198	1532	166.23	200
750	1420.746	1532	177.6	207
1000	1425.592	1532	185.824	207
1250	1427.882	1532	192.974	214
1500	1416.2	1520	199.988	214
1750	1408.614	1481	204.14	218
2000	1391.464	1434	210.752	219
2250	1390.578	1434	211.596	220
2500	1388.816	1434	212.332	220
2750	1383.536	1434	214.934	221
3000	1371.66	1388	219.762	221
3250	1369.148	1370	220.852	221
3500	1369.0	1369	221.0	221
3750	1369.0	1369	221.0	221
4000	1369.0	1369	221.0	221
4250	1369.0	1369	221.0	221
4500	1369.0	1369	221.0	221
4750	1369.0	1369	221.0	221
5000	1369.0	1369	221.0	221
5250	1369.0	1369	221.0	221
5500	1369.0	1369	221.0	221
5750	1369.0	1369	221.0	221
6000	1369.0	1369	221.0	221
6250	1369.0	1369	221.0	221
6500	1369.0	1369	221.0	221
6750	1369.0	1369	221.0	221
7000	1369.0	1369	221.0	221
7250	1369.0	1369	221.0	221
7500	1369.0	1369	221.0	221
7750	1369.0	1369	221.0	221
8000	1369.0	1369	221.0	221
8250	1369.0	1369	221.0	221
8500	1369.0	1369	221.0	221
8750	1369.0	1369	221.0	221
9000	1369.0	1369	221.0	221
9250	1369.0	1369	221.0	221
9500	1369.0	1369	221.0	221
9750	1369.0	1369	221.0	221
10000	1369.0	1369	221.0	221


Run 27
500	1416.702	1536	167.372	197
750	1414.594	1536	180.538	204
1000	1416.858	1536	191.604	206
1250	1422.2	1536	198.958	209
1500	1422.82	1510	203.586	210
1750	1424.778	1510	205.9	210
2000	1434.728	1504	206.206	210
2250	1453.78	1469	205.112	209
2500	1454.3	1469	205.504	209
2750	1447.216	1459	207.196	209
3000	1449.636	1459	207.294	209
3250	1452.308	1459	207.266	208
3500	1454.26	1457	207.274	208
3750	1457.0	1457	207.0	207
4000	1457.0	1457	207.0	207
4250	1457.0	1457	207.0	207
4500	1457.0	1457	207.0	207
4750	1457.0	1457	207.0	207
5000	1457.0	1457	207.0	207
5250	1457.0	1457	207.0	207
5500	1457.0	1457	207.0	207
5750	1457.0	1457	207.0	207
6000	1457.0	1457	207.0	207
6250	1457.0	1457	207.0	207
6500	1457.0	1457	207.0	207
6750	1457.0	1457	207.0	207
7000	1457.0	1457	207.0	207
7250	1457.0	1457	207.0	207
7500	1457.0	1457	207.0	207
7750	1457.0	1457	207.0	207
8000	1457.0	1457	207.0	207
8250	1457.0	1457	207.0	207
8500	1457.0	1457	207.0	207
8750	1457.0	1457	207.0	207
9000	1457.0	1457	207.0	207
9250	1457.0	1457	207.0	207
9500	1457.0	1457	207.0	207
9750	1457.0	1457	207.0	207
10000	1457.0	1457	207.0	207


Run 28
500	1417.152	1540	166.792	197
750	1411.908	1540	179.518	213
1000	1379.022	1540	197.764	215
1250	1353.844	1504	208.618	223
1500	1342.388	1504	213.038	226
1750	1326.11	1385	218.958	226
2000	1330.786	1385	220.032	228
2250	1333.682	1385	221.374	228
2500	1343.546	1385	222.122	228
2750	1338.404	1352	224.958	226
3000	1336.0	1336	226.0	226
3250	1336.0	1336	226.0	226
3500	1336.0	1336	226.0	226
3750	1336.0	1336	226.0	226
4000	1336.0	1336	226.0	226
4250	1336.0	1336	226.0	226
4500	1336.0	1336	226.0	226
4750	1336.0	1336	226.0	226
5000	1336.0	1336	226.0	226
5250	1336.0	1336	226.0	226
5500	1336.0	1336	226.0	226
5750	1336.0	1336	226.0	226
6000	1336.0	1336	226.0	226
6250	1336.0	1336	226.0	226
6500	1336.0	1336	226.0	226
6750	1336.0	1336	226.0	226
7000	1336.0	1336	226.0	226
7250	1336.0	1336	226.0	226
7500	1336.0	1336	226.0	226
7750	1336.0	1336	226.0	226
8000	1336.0	1336	226.0	226
8250	1336.0	1336	226.0	226
8500	1336.0	1336	226.0	226
8750	1336.0	1336	226.0	226
9000	1336.0	1336	226.0	226
9250	1336.0	1336	226.0	226
9500	1336.0	1336	226.0	226
9750	1336.0	1336	226.0	226
10000	1336.0	1336	226.0	226


Run 29
500	1415.356	1537	166.61	198
750	1422.728	1537	179.428	207
1000	1431.652	1537	191.8	212
1250	1426.38	1530	201.542	222
1500	1417.432	1530	206.924	227
1750	1383.924	1446	218.322	227
2000	1356.0	1356	225.0	225
2250	1356.0	1356	225.0	225
2500	1356.0	1356	225.0	225
2750	1356.0	1356	225.0	225
3000	1356.0	1356	225.0	225
3250	1356.0	1356	225.0	225
3500	1356.0	1356	225.0	225
3750	1356.0	1356	225.0	225
4000	1356.0	1356	225.0	225
4250	1356.0	1356	225.0	225
4500	1356.0	1356	225.0	225
4750	1356.0	1356	225.0	225
5000	1356.0	1356	225.0	225
5250	1356.0	1356	225.0	225
5500	1356.0	1356	225.0	225
5750	1356.0	1356	225.0	225
6000	1356.0	1356	225.0	225
6250	1356.0	1356	225.0	225
6500	1356.0	1356	225.0	225
6750	1356.0	1356	225.0	225
7000	1356.0	1356	225.0	225
7250	1356.0	1356	225.0	225
7500	1356.0	1356	225.0	225
7750	1356.0	1356	225.0	225
8000	1356.0	1356	225.0	225
8250	1356.0	1356	225.0	225
8500	1356.0	1356	225.0	225
8750	1356.0	1356	225.0	225
9000	1356.0	1356	225.0	225
9250	1356.0	1356	225.0	225
9500	1356.0	1356	225.0	225
9750	1356.0	1356	225.0	225
10000	1356.0	1356	225.0	225


Run 30
500	1415.42	1533	167.328	200
750	1423.342	1533	178.636	209
1000	1408.316	1533	192.128	219
1250	1399.552	1525	203.594	219
1500	1396.134	1525	208.3	220
1750	1389.192	1516	211.93	221
2000	1375.506	1490	217.49	221
2250	1366.0	1366	221.0	221
2500	1366.0	1366	221.0	221
2750	1366.0	1366	221.0	221
3000	1366.0	1366	221.0	221
3250	1366.0	1366	221.0	221
3500	1366.0	1366	221.0	221
3750	1366.0	1366	221.0	221
4000	1366.0	1366	221.0	221
4250	1366.0	1366	221.0	221
4500	1366.0	1366	221.0	221
4750	1366.0	1366	221.0	221
5000	1366.0	1366	221.0	221
5250	1366.0	1366	221.0	221
5500	1366.0	1366	221.0	221
5750	1366.0	1366	221.0	221
6000	1366.0	1366	221.0	221
6250	1366.0	1366	221.0	221
6500	1366.0	1366	221.0	221
6750	1366.0	1366	221.0	221
7000	1366.0	1366	221.0	221
7250	1366.0	1366	221.0	221
7500	1366.0	1366	221.0	221
7750	1366.0	1366	221.0	221
8000	1366.0	1366	221.0	221
8250	1366.0	1366	221.0	221
8500	1366.0	1366	221.0	221
8750	1366.0	1366	221.0	221
9000	1366.0	1366	221.0	221
9250	1366.0	1366	221.0	221
9500	1366.0	1366	221.0	221
9750	1366.0	1366	221.0	221
10000	1366.0	1366	221.0	221


