CNF File Name: cnf/5.cnf
Random number seed value: 1445739753.0
Number of runs: 30
Number of fitness evaluations per run: 10000
Population size: 500
Lambda: 250
Strategy: plus
Parent Selection: Tournament
Survival Selection: Random
K value for survival: 0
K value for parents: 300
N convergence number: 0

Results log

Run 1
500	1419.912	1562	166.362	204
750	1407.086	1534	177.104	216
1000	1407.612	1534	188.964	216
1250	1403.916	1518	198.636	216
1500	1401.496	1492	204.668	215
1750	1401.232	1492	207.388	215
2000	1400.196	1492	209.962	215
2250	1399.404	1492	212.038	215
2500	1398.676	1481	213.016	215
2750	1398.014	1481	214.17	215
3000	1397.996	1481	214.23	215
3250	1398.1	1481	214.416	215
3500	1398.01	1417	214.782	215
3750	1398.03	1417	214.814	215
4000	1398.062	1417	214.91	215
4250	1398.062	1417	214.91	215
4500	1398.062	1417	214.91	215
4750	1398.062	1417	214.91	215
5000	1398.062	1417	214.91	215
5250	1398.024	1415	214.918	215
5500	1398.024	1415	214.918	215
5750	1398.024	1415	214.918	215
6000	1398.034	1415	214.99	215
6250	1398.034	1415	214.99	215
6500	1398.034	1415	214.99	215
6750	1398.034	1415	214.99	215
7000	1398.0	1398	215.0	215
7250	1398.0	1398	215.0	215
7500	1398.0	1398	215.0	215
7750	1398.0	1398	215.0	215
8000	1398.0	1398	215.0	215
8250	1398.0	1398	215.0	215
8500	1398.0	1398	215.0	215
8750	1398.0	1398	215.0	215
9000	1398.0	1398	215.0	215
9250	1398.0	1398	215.0	215
9500	1398.0	1398	215.0	215
9750	1398.0	1398	215.0	215
10000	1398.0	1398	215.0	215


Run 2
500	1417.844	1550	166.686	196
750	1403.608	1550	174.854	211
1000	1390.98	1532	184.404	212
1250	1393.342	1504	191.208	212
1500	1403.11	1504	195.992	212
1750	1407.47	1501	200.888	212
2000	1411.926	1501	203.896	212
2250	1414.716	1483	205.928	212
2500	1416.458	1483	207.37	212
2750	1416.838	1483	208.022	212
3000	1417.25	1483	208.68	212
3250	1417.844	1483	209.046	211
3500	1418.224	1483	209.226	211
3750	1418.304	1457	209.416	211
4000	1418.59	1457	209.596	211
4250	1418.642	1451	209.72	211
4500	1418.78	1436	209.742	210
4750	1419.02	1436	209.76	210
5000	1419.02	1436	209.762	210
5250	1419.02	1436	209.762	210
5500	1419.02	1436	209.762	210
5750	1419.042	1436	209.866	210
6000	1419.042	1436	209.866	210
6250	1419.042	1436	209.866	210
6500	1419.042	1436	209.866	210
6750	1419.0	1419	210.0	210
7000	1419.0	1419	210.0	210
7250	1419.0	1419	210.0	210
7500	1419.0	1419	210.0	210
7750	1419.0	1419	210.0	210
8000	1419.0	1419	210.0	210
8250	1419.0	1419	210.0	210
8500	1419.0	1419	210.0	210
8750	1419.0	1419	210.0	210
9000	1419.0	1419	210.0	210
9250	1419.0	1419	210.0	210
9500	1419.0	1419	210.0	210
9750	1419.0	1419	210.0	210
10000	1419.0	1419	210.0	210


Run 3
500	1415.464	1520	167.08	198
750	1407.668	1515	175.522	209
1000	1394.674	1515	185.86	215
1250	1386.254	1509	195.304	215
1500	1379.504	1497	202.762	215
1750	1377.6	1497	205.758	215
2000	1376.244	1497	208.014	215
2250	1374.368	1494	209.962	215
2500	1372.874	1494	211.384	215
2750	1372.704	1494	211.922	215
3000	1372.132	1494	212.492	214
3250	1371.602	1494	213.15	214
3500	1371.2	1425	213.766	214
3750	1371.2	1425	213.766	214
4000	1371.04	1393	213.894	214
4250	1371.04	1393	213.894	214
4500	1371.0	1371	214.0	214
4750	1371.0	1371	214.0	214
5000	1371.0	1371	214.0	214
5250	1371.0	1371	214.0	214
5500	1371.0	1371	214.0	214
5750	1371.0	1371	214.0	214
6000	1371.0	1371	214.0	214
6250	1371.0	1371	214.0	214
6500	1371.0	1371	214.0	214
6750	1371.0	1371	214.0	214
7000	1371.0	1371	214.0	214
7250	1371.0	1371	214.0	214
7500	1371.0	1371	214.0	214
7750	1371.0	1371	214.0	214
8000	1371.0	1371	214.0	214
8250	1371.0	1371	214.0	214
8500	1371.0	1371	214.0	214
8750	1371.0	1371	214.0	214
9000	1371.0	1371	214.0	214
9250	1371.0	1371	214.0	214
9500	1371.0	1371	214.0	214
9750	1371.0	1371	214.0	214
10000	1371.0	1371	214.0	214


Run 4
500	1416.748	1555	167.12	196
750	1415.186	1555	174.54	207
1000	1421.28	1514	182.856	208
1250	1437.324	1512	189.152	208
1500	1450.29	1511	193.578	208
1750	1457.736	1511	197.37	209
2000	1462.9	1511	201.18	209
2250	1466.254	1511	203.772	209
2500	1468.764	1511	205.564	209
2750	1470.088	1511	206.968	209
3000	1471.268	1511	207.536	209
3250	1471.33	1508	208.01	209
3500	1471.724	1508	208.366	209
3750	1471.742	1508	208.546	209
4000	1471.974	1508	208.75	209
4250	1471.904	1508	208.836	209
4500	1471.82	1508	208.878	209
4750	1471.996	1508	208.882	209
5000	1471.996	1508	208.882	209
5250	1472.14	1508	208.936	209
5500	1472.14	1508	208.936	209
5750	1472.14	1508	208.936	209
6000	1472.072	1508	208.97	209
6250	1472.0	1472	209.0	209
6500	1472.0	1472	209.0	209
6750	1472.0	1472	209.0	209
7000	1472.0	1472	209.0	209
7250	1472.0	1472	209.0	209
7500	1472.0	1472	209.0	209
7750	1472.0	1472	209.0	209
8000	1472.0	1472	209.0	209
8250	1472.0	1472	209.0	209
8500	1472.0	1472	209.0	209
8750	1472.0	1472	209.0	209
9000	1472.0	1472	209.0	209
9250	1472.0	1472	209.0	209
9500	1472.0	1472	209.0	209
9750	1472.0	1472	209.0	209
10000	1472.0	1472	209.0	209


Run 5
500	1416.708	1541	166.604	196
750	1411.974	1541	174.408	203
1000	1405.548	1541	183.128	212
1250	1394.99	1541	190.558	217
1500	1378.534	1531	198.012	217
1750	1375.884	1531	202.716	218
2000	1386.234	1508	205.366	218
2250	1391.16	1495	207.618	218
2500	1389.97	1495	209.918	218
2750	1390.106	1495	211.398	218
3000	1392.498	1439	212.11	217
3250	1394.634	1439	212.384	217
3500	1395.7	1439	212.658	217
3750	1396.18	1438	212.77	217
4000	1396.56	1438	212.818	216
4250	1397.068	1438	212.834	216
4500	1397.488	1438	212.89	216
4750	1397.742	1438	212.944	216
5000	1397.748	1438	212.946	216
5250	1397.808	1411	212.994	214
5500	1397.822	1411	212.992	214
5750	1397.81	1408	212.998	214
6000	1397.884	1398	213.004	214
6250	1397.978	1398	213.002	214
6500	1398.0	1398	213.0	213
6750	1398.0	1398	213.0	213
7000	1398.0	1398	213.0	213
7250	1398.0	1398	213.0	213
7500	1398.0	1398	213.0	213
7750	1398.0	1398	213.0	213
8000	1398.0	1398	213.0	213
8250	1398.0	1398	213.0	213
8500	1398.0	1398	213.0	213
8750	1398.0	1398	213.0	213
9000	1398.0	1398	213.0	213
9250	1398.0	1398	213.0	213
9500	1398.0	1398	213.0	213
9750	1398.0	1398	213.0	213
10000	1398.0	1398	213.0	213


Run 6
500	1415.66	1520	166.726	204
750	1399.542	1520	176.08	207
1000	1385.724	1520	185.452	211
1250	1382.248	1520	192.318	211
1500	1386.288	1520	197.292	211
1750	1391.634	1520	200.934	213
2000	1394.392	1520	203.654	213
2250	1394.364	1520	206.686	213
2500	1393.19	1496	209.136	213
2750	1392.54	1496	210.468	213
3000	1392.346	1496	211.154	213
3250	1391.802	1496	211.73	213
3500	1391.954	1496	211.99	213
3750	1391.99	1496	212.422	213
4000	1391.882	1408	212.658	213
4250	1391.874	1408	212.748	213
4500	1391.956	1408	212.824	213
4750	1392.048	1408	212.84	213
5000	1392.008	1408	212.948	213
5250	1391.98	1408	212.958	213
5500	1391.98	1408	212.958	213
5750	1391.966	1406	212.976	213
6000	1392.028	1406	212.99	213
6250	1392.028	1406	212.99	213
6500	1392.028	1406	212.99	213
6750	1392.028	1406	212.99	213
7000	1392.0	1392	213.0	213
7250	1392.0	1392	213.0	213
7500	1392.0	1392	213.0	213
7750	1392.0	1392	213.0	213
8000	1392.0	1392	213.0	213
8250	1392.0	1392	213.0	213
8500	1392.0	1392	213.0	213
8750	1392.0	1392	213.0	213
9000	1392.0	1392	213.0	213
9250	1392.0	1392	213.0	213
9500	1392.0	1392	213.0	213
9750	1392.0	1392	213.0	213
10000	1392.0	1392	213.0	213


Run 7
500	1418.172	1527	166.034	197
750	1405.014	1527	174.774	215
1000	1387.864	1527	184.33	218
1250	1360.568	1512	193.904	221
1500	1336.99	1512	203.062	222
1750	1326.494	1512	208.664	224
2000	1318.016	1512	213.58	224
2250	1315.556	1512	215.98	224
2500	1314.004	1512	217.698	224
2750	1311.258	1469	219.276	224
3000	1309.042	1469	220.582	224
3250	1308.62	1469	220.938	224
3500	1308.286	1469	221.348	224
3750	1308.08	1440	221.474	224
4000	1307.928	1440	221.55	224
4250	1308.024	1440	221.566	222
4500	1307.706	1440	221.68	222
4750	1307.704	1440	221.682	222
5000	1307.254	1406	221.864	222
5250	1307.184	1406	221.936	222
5500	1307.198	1406	221.944	222
5750	1307.0	1307	222.0	222
6000	1307.0	1307	222.0	222
6250	1307.0	1307	222.0	222
6500	1307.0	1307	222.0	222
6750	1307.0	1307	222.0	222
7000	1307.0	1307	222.0	222
7250	1307.0	1307	222.0	222
7500	1307.0	1307	222.0	222
7750	1307.0	1307	222.0	222
8000	1307.0	1307	222.0	222
8250	1307.0	1307	222.0	222
8500	1307.0	1307	222.0	222
8750	1307.0	1307	222.0	222
9000	1307.0	1307	222.0	222
9250	1307.0	1307	222.0	222
9500	1307.0	1307	222.0	222
9750	1307.0	1307	222.0	222
10000	1307.0	1307	222.0	222


Run 8
500	1418.618	1536	166.172	201
750	1407.71	1536	175.79	206
1000	1401.502	1536	184.308	210
1250	1402.006	1536	191.804	221
1500	1400.634	1536	198.306	223
1750	1383.714	1508	206.862	224
2000	1373.872	1502	212.886	224
2250	1369.238	1499	216.842	224
2500	1366.598	1499	219.772	224
2750	1364.816	1448	221.472	224
3000	1364.3	1448	222.13	224
3250	1363.67	1448	222.724	224
3500	1363.206	1448	223.042	224
3750	1362.92	1448	223.338	224
4000	1362.494	1437	223.626	224
4250	1362.228	1437	223.802	224
4500	1362.24	1437	223.846	224
4750	1362.096	1437	223.936	224
5000	1361.942	1363	223.992	224
5250	1361.942	1363	223.992	224
5500	1361.962	1363	223.994	224
5750	1361.962	1363	223.994	224
6000	1362.002	1363	223.998	224
6250	1362.002	1363	223.998	224
6500	1362.002	1363	223.998	224
6750	1362.0	1362	224.0	224
7000	1362.0	1362	224.0	224
7250	1362.0	1362	224.0	224
7500	1362.0	1362	224.0	224
7750	1362.0	1362	224.0	224
8000	1362.0	1362	224.0	224
8250	1362.0	1362	224.0	224
8500	1362.0	1362	224.0	224
8750	1362.0	1362	224.0	224
9000	1362.0	1362	224.0	224
9250	1362.0	1362	224.0	224
9500	1362.0	1362	224.0	224
9750	1362.0	1362	224.0	224
10000	1362.0	1362	224.0	224


Run 9
500	1422.964	1566	165.532	194
750	1423.02	1566	172.774	202
1000	1419.644	1566	180.884	209
1250	1416.032	1549	188.122	209
1500	1418.496	1549	193.146	211
1750	1421.808	1549	198.042	211
2000	1420.39	1530	202.548	211
2250	1419.344	1526	205.04	211
2500	1417.812	1526	206.958	211
2750	1417.438	1526	208.082	211
3000	1417.37	1526	209.182	211
3250	1417.258	1526	209.68	211
3500	1417.608	1526	210.174	211
3750	1417.484	1526	210.38	211
4000	1417.198	1502	210.652	211
4250	1417.202	1502	210.912	211
4500	1417.032	1425	210.992	211
4750	1417.032	1425	210.992	211
5000	1417.016	1425	210.996	211
5250	1417.016	1425	210.996	211
5500	1417.0	1417	211.0	211
5750	1417.0	1417	211.0	211
6000	1417.0	1417	211.0	211
6250	1417.0	1417	211.0	211
6500	1417.0	1417	211.0	211
6750	1417.0	1417	211.0	211
7000	1417.0	1417	211.0	211
7250	1417.0	1417	211.0	211
7500	1417.0	1417	211.0	211
7750	1417.0	1417	211.0	211
8000	1417.0	1417	211.0	211
8250	1417.0	1417	211.0	211
8500	1417.0	1417	211.0	211
8750	1417.0	1417	211.0	211
9000	1417.0	1417	211.0	211
9250	1417.0	1417	211.0	211
9500	1417.0	1417	211.0	211
9750	1417.0	1417	211.0	211
10000	1417.0	1417	211.0	211


Run 10
500	1418.668	1571	166.23	199
750	1405.14	1528	175.384	210
1000	1397.714	1528	183.314	210
1250	1399.748	1519	189.696	212
1500	1410.54	1519	193.012	212
1750	1414.52	1509	196.65	212
2000	1416.436	1509	200.31	210
2250	1417.276	1496	202.634	210
2500	1418.158	1496	204.604	210
2750	1418.004	1496	205.55	210
3000	1418.268	1496	206.4	210
3250	1418.086	1441	207.198	210
3500	1418.398	1441	207.332	210
3750	1418.576	1441	207.516	210
4000	1418.818	1441	207.64	210
4250	1418.766	1440	207.684	210
4500	1418.794	1440	207.784	210
4750	1418.794	1440	207.784	210
5000	1418.714	1437	207.824	210
5250	1418.71	1437	207.938	210
5500	1418.71	1437	207.938	210
5750	1419.004	1437	207.952	208
6000	1419.04	1437	207.968	208
6250	1419.036	1437	207.982	208
6500	1419.036	1437	207.982	208
6750	1419.036	1437	207.982	208
7000	1419.036	1437	207.982	208
7250	1419.036	1437	207.982	208
7500	1419.0	1419	208.0	208
7750	1419.0	1419	208.0	208
8000	1419.0	1419	208.0	208
8250	1419.0	1419	208.0	208
8500	1419.0	1419	208.0	208
8750	1419.0	1419	208.0	208
9000	1419.0	1419	208.0	208
9250	1419.0	1419	208.0	208
9500	1419.0	1419	208.0	208
9750	1419.0	1419	208.0	208
10000	1419.0	1419	208.0	208


Run 11
500	1422.548	1547	165.764	199
750	1409.668	1534	175.816	214
1000	1389.176	1534	187.816	219
1250	1389.338	1534	193.322	219
1500	1384.388	1534	200.644	222
1750	1370.61	1534	207.424	222
2000	1370.132	1534	210.664	222
2250	1369.922	1534	213.502	222
2500	1370.842	1534	215.368	222
2750	1374.718	1501	216.358	222
3000	1377.246	1501	216.794	222
3250	1378.916	1501	217.25	222
3500	1380.06	1501	217.548	222
3750	1380.816	1408	217.79	222
4000	1381.84	1406	217.846	222
4250	1382.212	1406	217.968	222
4500	1382.542	1406	217.972	222
4750	1382.654	1406	217.996	222
5000	1382.732	1406	217.992	222
5250	1382.732	1383	218.016	222
5500	1382.866	1383	218.01	222
5750	1382.954	1383	218.002	220
6000	1382.954	1383	218.002	220
6250	1382.992	1383	217.998	218
6500	1383.0	1383	218.0	218
6750	1383.0	1383	218.0	218
7000	1383.0	1383	218.0	218
7250	1383.0	1383	218.0	218
7500	1383.0	1383	218.0	218
7750	1383.0	1383	218.0	218
8000	1383.0	1383	218.0	218
8250	1383.0	1383	218.0	218
8500	1383.0	1383	218.0	218
8750	1383.0	1383	218.0	218
9000	1383.0	1383	218.0	218
9250	1383.0	1383	218.0	218
9500	1383.0	1383	218.0	218
9750	1383.0	1383	218.0	218
10000	1383.0	1383	218.0	218


Run 12
500	1416.114	1557	167.2	193
750	1416.594	1557	172.584	197
1000	1405.914	1557	179.662	208
1250	1392.814	1557	187.62	214
1500	1376.232	1557	195.964	223
1750	1365.95	1522	202.342	227
2000	1365.04	1514	207.378	233
2250	1361.094	1485	212.804	233
2500	1362.568	1485	216.916	233
2750	1360.514	1473	220.32	230
3000	1360.018	1473	223.056	230
3250	1360.26	1473	224.232	230
3500	1360.214	1473	225.168	228
3750	1359.622	1473	225.944	228
4000	1359.576	1473	226.688	228
4250	1359.226	1417	227.342	228
4500	1359.256	1417	227.45	228
4750	1359.078	1417	227.656	228
5000	1359.024	1390	227.812	228
5250	1358.956	1390	227.906	228
5500	1359.016	1390	227.908	228
5750	1359.044	1390	227.946	228
6000	1358.982	1373	227.97	228
6250	1358.982	1373	227.97	228
6500	1358.982	1373	227.97	228
6750	1358.954	1362	227.986	228
7000	1358.948	1359	227.992	228
7250	1358.948	1359	227.992	228
7500	1358.948	1359	227.992	228
7750	1359.0	1359	228.0	228
8000	1359.0	1359	228.0	228
8250	1359.0	1359	228.0	228
8500	1359.0	1359	228.0	228
8750	1359.0	1359	228.0	228
9000	1359.0	1359	228.0	228
9250	1359.0	1359	228.0	228
9500	1359.0	1359	228.0	228
9750	1359.0	1359	228.0	228
10000	1359.0	1359	228.0	228


Run 13
500	1416.332	1538	167.444	202
750	1409.824	1531	176.718	213
1000	1402.994	1521	185.55	224
1250	1388.448	1521	195.99	228
1500	1380.498	1517	204.05	228
1750	1381.654	1517	208.836	228
2000	1378.246	1517	213.692	230
2250	1375.668	1509	217.534	230
2500	1376.536	1509	219.978	230
2750	1377.474	1509	221.494	230
3000	1377.54	1509	222.746	230
3250	1377.764	1509	224.002	230
3500	1377.464	1418	224.452	230
3750	1377.458	1418	224.542	230
4000	1377.448	1406	224.77	230
4250	1377.588	1406	224.788	230
4500	1377.578	1406	224.862	230
4750	1377.636	1406	224.874	230
5000	1377.758	1406	224.886	230
5250	1377.746	1406	224.898	230
5500	1377.8	1378	224.996	228
5750	1377.87	1378	224.996	228
6000	1377.87	1378	224.996	228
6250	1377.896	1378	225.006	228
6500	1378.0	1378	225.0	225
6750	1378.0	1378	225.0	225
7000	1378.0	1378	225.0	225
7250	1378.0	1378	225.0	225
7500	1378.0	1378	225.0	225
7750	1378.0	1378	225.0	225
8000	1378.0	1378	225.0	225
8250	1378.0	1378	225.0	225
8500	1378.0	1378	225.0	225
8750	1378.0	1378	225.0	225
9000	1378.0	1378	225.0	225
9250	1378.0	1378	225.0	225
9500	1378.0	1378	225.0	225
9750	1378.0	1378	225.0	225
10000	1378.0	1378	225.0	225


Run 14
500	1418.734	1539	166.47	198
750	1415.7	1542	173.922	206
1000	1425.688	1530	180.688	206
1250	1446.634	1530	185.358	206
1500	1458.282	1530	189.834	208
1750	1466.812	1530	194.19	208
2000	1471.688	1530	197.58	207
2250	1472.316	1530	200.798	208
2500	1472.366	1530	203.242	208
2750	1471.89	1530	204.786	208
3000	1470.9	1502	205.99	208
3250	1470.134	1502	206.608	208
3500	1470.148	1502	207.106	208
3750	1469.93	1502	207.536	208
4000	1469.76	1502	207.668	208
4250	1469.752	1502	207.852	208
4500	1469.716	1502	207.872	208
4750	1469.896	1502	207.904	208
5000	1469.934	1502	207.928	208
5250	1470.0	1470	208.0	208
5500	1470.0	1470	208.0	208
5750	1470.0	1470	208.0	208
6000	1470.0	1470	208.0	208
6250	1470.0	1470	208.0	208
6500	1470.0	1470	208.0	208
6750	1470.0	1470	208.0	208
7000	1470.0	1470	208.0	208
7250	1470.0	1470	208.0	208
7500	1470.0	1470	208.0	208
7750	1470.0	1470	208.0	208
8000	1470.0	1470	208.0	208
8250	1470.0	1470	208.0	208
8500	1470.0	1470	208.0	208
8750	1470.0	1470	208.0	208
9000	1470.0	1470	208.0	208
9250	1470.0	1470	208.0	208
9500	1470.0	1470	208.0	208
9750	1470.0	1470	208.0	208
10000	1470.0	1470	208.0	208


Run 15
500	1417.882	1559	166.6	195
750	1422.45	1555	172.702	209
1000	1418.47	1555	180.706	210
1250	1406.974	1555	190.072	210
1500	1407.432	1555	196.282	212
1750	1408.16	1555	200.232	213
2000	1408.058	1555	204.258	215
2250	1412.204	1555	207.498	215
2500	1413.928	1555	209.862	215
2750	1415.422	1485	211.23	215
3000	1417.142	1485	212.368	215
3250	1417.996	1485	212.928	215
3500	1418.682	1478	213.372	215
3750	1419.132	1478	213.59	215
4000	1419.49	1478	213.654	214
4250	1419.844	1478	213.802	214
4500	1419.876	1478	213.862	214
4750	1419.94	1423	213.99	214
5000	1419.958	1423	213.994	214
5250	1419.976	1420	213.998	214
5500	1419.976	1420	213.998	214
5750	1420.0	1420	214.0	214
6000	1420.0	1420	214.0	214
6250	1420.0	1420	214.0	214
6500	1420.0	1420	214.0	214
6750	1420.0	1420	214.0	214
7000	1420.0	1420	214.0	214
7250	1420.0	1420	214.0	214
7500	1420.0	1420	214.0	214
7750	1420.0	1420	214.0	214
8000	1420.0	1420	214.0	214
8250	1420.0	1420	214.0	214
8500	1420.0	1420	214.0	214
8750	1420.0	1420	214.0	214
9000	1420.0	1420	214.0	214
9250	1420.0	1420	214.0	214
9500	1420.0	1420	214.0	214
9750	1420.0	1420	214.0	214
10000	1420.0	1420	214.0	214


Run 16
500	1421.182	1546	166.446	193
750	1433.096	1546	171.134	199
1000	1429.522	1543	178.508	203
1250	1434.074	1536	184.84	211
1500	1431.168	1536	192.128	217
1750	1419.494	1535	200.232	217
2000	1415.916	1535	205.17	218
2250	1414.528	1535	209.302	217
2500	1414.146	1535	211.712	217
2750	1413.484	1535	213.718	217
3000	1413.384	1533	214.714	217
3250	1412.816	1495	215.594	217
3500	1412.498	1495	216.302	217
3750	1412.704	1495	216.63	217
4000	1412.91	1495	216.642	217
4250	1413.06	1495	216.656	217
4500	1412.878	1427	216.848	217
4750	1412.892	1416	216.872	217
5000	1412.926	1416	216.978	217
5250	1413.014	1416	216.986	217
5500	1413.016	1416	216.99	217
5750	1413.01	1416	216.992	217
6000	1413.004	1416	216.994	217
6250	1413.004	1416	216.994	217
6500	1412.998	1413	216.996	217
6750	1413.0	1413	217.0	217
7000	1413.0	1413	217.0	217
7250	1413.0	1413	217.0	217
7500	1413.0	1413	217.0	217
7750	1413.0	1413	217.0	217
8000	1413.0	1413	217.0	217
8250	1413.0	1413	217.0	217
8500	1413.0	1413	217.0	217
8750	1413.0	1413	217.0	217
9000	1413.0	1413	217.0	217
9250	1413.0	1413	217.0	217
9500	1413.0	1413	217.0	217
9750	1413.0	1413	217.0	217
10000	1413.0	1413	217.0	217


Run 17
500	1420.042	1537	166.784	198
750	1407.616	1535	175.214	209
1000	1400.148	1535	184.362	217
1250	1382.26	1535	194.644	224
1500	1362.458	1535	204.158	224
1750	1344.096	1498	211.8	224
2000	1334.414	1498	215.676	224
2250	1326.922	1498	218.988	224
2500	1323.896	1498	220.368	224
2750	1321.314	1497	221.49	224
3000	1319.254	1497	222.32	224
3250	1317.912	1497	222.93	224
3500	1317.452	1451	223.098	224
3750	1317.086	1422	223.354	224
4000	1316.616	1422	223.67	224
4250	1316.362	1422	223.846	224
4500	1316.236	1422	223.888	224
4750	1316.21	1422	223.894	224
5000	1316.21	1422	223.894	224
5250	1315.998	1316	224.0	224
5500	1316.0	1316	224.0	224
5750	1316.0	1316	224.0	224
6000	1316.0	1316	224.0	224
6250	1316.0	1316	224.0	224
6500	1316.0	1316	224.0	224
6750	1316.0	1316	224.0	224
7000	1316.0	1316	224.0	224
7250	1316.0	1316	224.0	224
7500	1316.0	1316	224.0	224
7750	1316.0	1316	224.0	224
8000	1316.0	1316	224.0	224
8250	1316.0	1316	224.0	224
8500	1316.0	1316	224.0	224
8750	1316.0	1316	224.0	224
9000	1316.0	1316	224.0	224
9250	1316.0	1316	224.0	224
9500	1316.0	1316	224.0	224
9750	1316.0	1316	224.0	224
10000	1316.0	1316	224.0	224


Run 18
500	1418.97	1552	166.602	201
750	1415.574	1534	175.03	207
1000	1404.118	1534	183.442	210
1250	1402.328	1534	191.268	215
1500	1403.81	1534	197.738	215
1750	1412.308	1534	202.186	220
2000	1417.376	1534	205.176	221
2250	1415.768	1526	209.128	221
2500	1423.186	1526	211.938	223
2750	1430.944	1470	213.648	223
3000	1436.054	1470	214.436	223
3250	1438.872	1470	215.54	223
3500	1441.446	1470	215.62	223
3750	1443.648	1458	215.778	221
4000	1444.366	1458	215.866	221
4250	1445.234	1458	215.914	221
4500	1445.736	1458	215.914	220
4750	1445.84	1458	215.936	220
5000	1445.946	1458	215.928	216
5250	1445.946	1458	215.928	216
5500	1446.024	1458	215.988	216
5750	1446.024	1458	215.988	216
6000	1446.0	1446	216.0	216
6250	1446.0	1446	216.0	216
6500	1446.0	1446	216.0	216
6750	1446.0	1446	216.0	216
7000	1446.0	1446	216.0	216
7250	1446.0	1446	216.0	216
7500	1446.0	1446	216.0	216
7750	1446.0	1446	216.0	216
8000	1446.0	1446	216.0	216
8250	1446.0	1446	216.0	216
8500	1446.0	1446	216.0	216
8750	1446.0	1446	216.0	216
9000	1446.0	1446	216.0	216
9250	1446.0	1446	216.0	216
9500	1446.0	1446	216.0	216
9750	1446.0	1446	216.0	216
10000	1446.0	1446	216.0	216


Run 19
500	1416.944	1563	166.76	204
750	1417.218	1563	173.19	212
1000	1408.46	1563	181.008	224
1250	1382.952	1563	192.35	226
1500	1374.572	1563	199.866	226
1750	1375.286	1563	204.478	226
2000	1371.67	1496	208.736	225
2250	1370.972	1489	212.418	225
2500	1369.8	1468	215.346	225
2750	1368.002	1468	217.404	225
3000	1366.362	1468	219.362	225
3250	1364.646	1434	220.898	225
3500	1363.596	1434	221.576	225
3750	1362.482	1434	222.19	225
4000	1362.094	1434	222.72	224
4250	1361.932	1424	223.152	224
4500	1361.62	1424	223.338	224
4750	1361.534	1424	223.444	224
5000	1361.498	1424	223.598	224
5250	1361.462	1424	223.622	224
5500	1361.132	1381	223.942	224
5750	1361.1	1381	223.952	224
6000	1361.006	1375	223.986	224
6250	1361.03	1375	223.992	224
6500	1361.028	1375	223.994	224
6750	1361.028	1375	223.994	224
7000	1361.0	1361	224.0	224
7250	1361.0	1361	224.0	224
7500	1361.0	1361	224.0	224
7750	1361.0	1361	224.0	224
8000	1361.0	1361	224.0	224
8250	1361.0	1361	224.0	224
8500	1361.0	1361	224.0	224
8750	1361.0	1361	224.0	224
9000	1361.0	1361	224.0	224
9250	1361.0	1361	224.0	224
9500	1361.0	1361	224.0	224
9750	1361.0	1361	224.0	224
10000	1361.0	1361	224.0	224


Run 20
500	1415.628	1549	166.732	200
750	1404.692	1525	175.436	208
1000	1403.49	1525	183.778	213
1250	1396.046	1525	192.94	215
1500	1393.87	1525	199.828	215
1750	1393.02	1514	203.702	215
2000	1392.424	1498	206.72	214
2250	1391.774	1467	208.57	213
2500	1391.928	1467	209.496	213
2750	1391.964	1467	209.994	213
3000	1391.982	1467	210.37	213
3250	1392.256	1467	210.496	213
3500	1391.964	1439	210.732	213
3750	1391.928	1439	210.834	213
4000	1392.062	1439	210.88	213
4250	1392.118	1439	210.886	211
4500	1392.016	1396	210.98	211
4750	1392.008	1396	210.984	211
5000	1392.008	1396	210.984	211
5250	1392.008	1396	210.984	211
5500	1392.008	1396	210.984	211
5750	1392.0	1392	211.0	211
6000	1392.0	1392	211.0	211
6250	1392.0	1392	211.0	211
6500	1392.0	1392	211.0	211
6750	1392.0	1392	211.0	211
7000	1392.0	1392	211.0	211
7250	1392.0	1392	211.0	211
7500	1392.0	1392	211.0	211
7750	1392.0	1392	211.0	211
8000	1392.0	1392	211.0	211
8250	1392.0	1392	211.0	211
8500	1392.0	1392	211.0	211
8750	1392.0	1392	211.0	211
9000	1392.0	1392	211.0	211
9250	1392.0	1392	211.0	211
9500	1392.0	1392	211.0	211
9750	1392.0	1392	211.0	211
10000	1392.0	1392	211.0	211


Run 21
500	1418.614	1553	166.35	202
750	1407.25	1553	175.362	210
1000	1399.99	1544	182.776	212
1250	1398.744	1544	191.472	215
1500	1400.79	1544	197.562	213
1750	1403.898	1544	202.476	213
2000	1408.548	1544	205.762	212
2250	1409.71	1544	207.004	212
2500	1410.786	1484	208.104	212
2750	1411.49	1464	209.236	212
3000	1412.132	1453	210.012	212
3250	1412.61	1440	210.412	212
3500	1412.854	1429	210.664	212
3750	1412.86	1427	210.824	212
4000	1412.914	1427	210.83	212
4250	1412.956	1427	210.878	212
4500	1412.894	1413	210.998	212
4750	1412.92	1413	210.996	212
5000	1412.936	1413	211.002	212
5250	1412.936	1413	211.002	212
5500	1412.936	1413	211.002	212
5750	1413.0	1413	211.0	211
6000	1413.0	1413	211.0	211
6250	1413.0	1413	211.0	211
6500	1413.0	1413	211.0	211
6750	1413.0	1413	211.0	211
7000	1413.0	1413	211.0	211
7250	1413.0	1413	211.0	211
7500	1413.0	1413	211.0	211
7750	1413.0	1413	211.0	211
8000	1413.0	1413	211.0	211
8250	1413.0	1413	211.0	211
8500	1413.0	1413	211.0	211
8750	1413.0	1413	211.0	211
9000	1413.0	1413	211.0	211
9250	1413.0	1413	211.0	211
9500	1413.0	1413	211.0	211
9750	1413.0	1413	211.0	211
10000	1413.0	1413	211.0	211


Run 22
500	1417.932	1538	167.068	198
750	1407.694	1535	176.124	208
1000	1398.52	1518	185.136	218
1250	1387.628	1504	194.136	218
1500	1376.912	1504	202.192	220
1750	1378.91	1499	206.368	220
2000	1377.252	1499	209.268	220
2250	1373.846	1482	212.34	220
2500	1371.43	1482	214.704	220
2750	1369.88	1482	216.288	220
3000	1368.854	1482	217.196	219
3250	1367.898	1482	217.866	219
3500	1367.296	1460	218.398	219
3750	1367.254	1460	218.502	219
4000	1366.84	1460	218.616	219
4250	1366.352	1418	218.782	219
4500	1366.234	1394	218.952	219
4750	1366.178	1394	218.962	219
5000	1366.122	1394	218.972	219
5250	1366.122	1394	218.972	219
5500	1366.122	1394	218.972	219
5750	1366.066	1394	218.982	219
6000	1366.01	1371	218.992	219
6250	1366.01	1371	218.992	219
6500	1366.01	1371	218.992	219
6750	1366.0	1366	219.0	219
7000	1366.0	1366	219.0	219
7250	1366.0	1366	219.0	219
7500	1366.0	1366	219.0	219
7750	1366.0	1366	219.0	219
8000	1366.0	1366	219.0	219
8250	1366.0	1366	219.0	219
8500	1366.0	1366	219.0	219
8750	1366.0	1366	219.0	219
9000	1366.0	1366	219.0	219
9250	1366.0	1366	219.0	219
9500	1366.0	1366	219.0	219
9750	1366.0	1366	219.0	219
10000	1366.0	1366	219.0	219


Run 23
500	1417.82	1538	166.856	205
750	1399.596	1538	176.7	212
1000	1392.942	1538	184.628	215
1250	1402.68	1538	189.644	214
1500	1414.512	1538	194.102	214
1750	1413.854	1521	200.18	217
2000	1410.364	1508	204.924	217
2250	1406.554	1485	208.308	220
2500	1402.53	1482	212.12	220
2750	1399.742	1482	214.776	220
3000	1397.884	1482	216.252	220
3250	1396.02	1473	217.526	220
3500	1394.988	1473	218.116	220
3750	1394.256	1473	218.59	220
4000	1392.854	1473	219.522	220
4250	1392.634	1473	219.646	220
4500	1392.554	1473	219.704	220
4750	1392.398	1473	219.778	220
5000	1392.236	1438	219.906	220
5250	1392.112	1438	219.966	220
5500	1392.112	1438	219.966	220
5750	1392.008	1396	219.996	220
6000	1392.0	1392	220.0	220
6250	1392.0	1392	220.0	220
6500	1392.0	1392	220.0	220
6750	1392.0	1392	220.0	220
7000	1392.0	1392	220.0	220
7250	1392.0	1392	220.0	220
7500	1392.0	1392	220.0	220
7750	1392.0	1392	220.0	220
8000	1392.0	1392	220.0	220
8250	1392.0	1392	220.0	220
8500	1392.0	1392	220.0	220
8750	1392.0	1392	220.0	220
9000	1392.0	1392	220.0	220
9250	1392.0	1392	220.0	220
9500	1392.0	1392	220.0	220
9750	1392.0	1392	220.0	220
10000	1392.0	1392	220.0	220


Run 24
500	1418.96	1539	166.55	205
750	1399.742	1539	176.706	217
1000	1379.498	1539	188.474	217
1250	1356.928	1539	198.674	217
1500	1344.008	1533	204.49	217
1750	1334.926	1533	208.826	217
2000	1328.912	1533	211.324	217
2250	1324.082	1499	213.576	217
2500	1322.594	1499	214.364	217
2750	1320.134	1487	215.31	217
3000	1318.668	1487	215.922	217
3250	1317.962	1487	216.218	217
3500	1317.324	1487	216.454	217
3750	1316.866	1463	216.672	217
4000	1316.796	1463	216.702	217
4250	1316.796	1463	216.702	217
4500	1316.796	1463	216.702	217
4750	1316.516	1463	216.814	217
5000	1316.294	1463	216.882	217
5250	1316.294	1463	216.882	217
5500	1316.294	1463	216.882	217
5750	1316.294	1463	216.882	217
6000	1316.0	1316	217.0	217
6250	1316.0	1316	217.0	217
6500	1316.0	1316	217.0	217
6750	1316.0	1316	217.0	217
7000	1316.0	1316	217.0	217
7250	1316.0	1316	217.0	217
7500	1316.0	1316	217.0	217
7750	1316.0	1316	217.0	217
8000	1316.0	1316	217.0	217
8250	1316.0	1316	217.0	217
8500	1316.0	1316	217.0	217
8750	1316.0	1316	217.0	217
9000	1316.0	1316	217.0	217
9250	1316.0	1316	217.0	217
9500	1316.0	1316	217.0	217
9750	1316.0	1316	217.0	217
10000	1316.0	1316	217.0	217


Run 25
500	1419.04	1562	166.092	204
750	1412.476	1562	175.16	205
1000	1414.71	1562	183.592	209
1250	1412.778	1562	191.57	217
1500	1414.618	1562	197.808	223
1750	1413.45	1562	204.274	224
2000	1416.626	1530	209.834	225
2250	1415.866	1499	214.32	225
2500	1423.378	1499	215.882	225
2750	1428.19	1499	217.618	225
3000	1432.308	1499	218.508	225
3250	1434.824	1455	219.708	225
3500	1436.56	1455	220.038	225
3750	1437.438	1455	220.366	225
4000	1438.394	1455	220.67	225
4250	1438.662	1451	220.886	225
4500	1439.02	1451	220.894	225
4750	1439.404	1440	220.956	225
5000	1439.64	1440	221.03	225
5250	1439.72	1440	221.024	225
5500	1439.876	1440	221.016	225
5750	1439.938	1440	221.008	225
6000	1439.938	1440	221.008	225
6250	1440.0	1440	221.0	221
6500	1440.0	1440	221.0	221
6750	1440.0	1440	221.0	221
7000	1440.0	1440	221.0	221
7250	1440.0	1440	221.0	221
7500	1440.0	1440	221.0	221
7750	1440.0	1440	221.0	221
8000	1440.0	1440	221.0	221
8250	1440.0	1440	221.0	221
8500	1440.0	1440	221.0	221
8750	1440.0	1440	221.0	221
9000	1440.0	1440	221.0	221
9250	1440.0	1440	221.0	221
9500	1440.0	1440	221.0	221
9750	1440.0	1440	221.0	221
10000	1440.0	1440	221.0	221


Run 26
500	1416.728	1520	167.076	201
750	1406.186	1520	176.66	224
1000	1378.556	1520	190.07	227
1250	1363.83	1514	200.154	231
1500	1377.83	1514	206.126	231
1750	1387.64	1514	211.1	228
2000	1393.844	1514	213.986	228
2250	1397.144	1492	215.968	227
2500	1398.768	1492	216.928	227
2750	1399.69	1456	217.856	227
3000	1400.6	1456	218.208	227
3250	1400.666	1456	218.39	227
3500	1400.71	1414	218.802	227
3750	1401.058	1414	218.84	227
4000	1401.208	1414	218.85	227
4250	1401.36	1414	218.844	224
4500	1401.466	1414	218.884	224
4750	1401.638	1414	218.886	224
5000	1401.694	1410	218.92	224
5250	1402.016	1410	218.996	219
5500	1402.016	1410	218.996	219
5750	1402.016	1410	218.996	219
6000	1402.016	1410	218.996	219
6250	1402.016	1410	218.996	219
6500	1402.0	1402	219.0	219
6750	1402.0	1402	219.0	219
7000	1402.0	1402	219.0	219
7250	1402.0	1402	219.0	219
7500	1402.0	1402	219.0	219
7750	1402.0	1402	219.0	219
8000	1402.0	1402	219.0	219
8250	1402.0	1402	219.0	219
8500	1402.0	1402	219.0	219
8750	1402.0	1402	219.0	219
9000	1402.0	1402	219.0	219
9250	1402.0	1402	219.0	219
9500	1402.0	1402	219.0	219
9750	1402.0	1402	219.0	219
10000	1402.0	1402	219.0	219


Run 27
500	1416.3	1545	167.466	200
750	1417.274	1545	174.31	200
1000	1412.946	1545	181.838	207
1250	1410.948	1545	189.116	208
1500	1414.724	1530	194.034	209
1750	1411.784	1504	198.244	209
2000	1409.982	1504	201.364	209
2250	1409.34	1504	203.578	209
2500	1408.77	1504	205.1	209
2750	1408.764	1504	206.222	209
3000	1408.106	1503	207.208	209
3250	1407.886	1503	207.764	209
3500	1407.65	1498	208.366	209
3750	1407.574	1498	208.448	209
4000	1407.27	1455	208.784	209
4250	1407.204	1430	208.894	209
4500	1407.144	1430	208.952	209
4750	1407.114	1430	208.964	209
5000	1407.08	1430	208.976	209
5250	1407.086	1430	208.978	209
5500	1407.04	1430	208.988	209
5750	1407.038	1430	208.99	209
6000	1407.0	1407	209.0	209
6250	1407.0	1407	209.0	209
6500	1407.0	1407	209.0	209
6750	1407.0	1407	209.0	209
7000	1407.0	1407	209.0	209
7250	1407.0	1407	209.0	209
7500	1407.0	1407	209.0	209
7750	1407.0	1407	209.0	209
8000	1407.0	1407	209.0	209
8250	1407.0	1407	209.0	209
8500	1407.0	1407	209.0	209
8750	1407.0	1407	209.0	209
9000	1407.0	1407	209.0	209
9250	1407.0	1407	209.0	209
9500	1407.0	1407	209.0	209
9750	1407.0	1407	209.0	209
10000	1407.0	1407	209.0	209


Run 28
500	1419.996	1532	166.468	209
750	1399.238	1532	176.266	220
1000	1379.61	1531	188.594	225
1250	1359.356	1518	199.504	225
1500	1347.178	1511	206.55	229
1750	1338.292	1506	212.248	229
2000	1333.364	1506	215.242	229
2250	1325.89	1506	218.604	229
2500	1321.418	1506	221.18	227
2750	1317.724	1506	223.46	228
3000	1316.436	1445	225.172	228
3250	1316.972	1445	226.132	228
3500	1317.366	1445	226.71	228
3750	1317.762	1445	226.91	228
4000	1317.496	1409	227.558	228
4250	1317.632	1358	227.776	228
4500	1317.892	1358	227.85	228
4750	1317.928	1358	227.892	228
5000	1317.988	1358	227.936	228
5250	1317.946	1318	227.982	228
5500	1317.962	1318	227.99	228
5750	1317.99	1318	227.998	228
6000	1317.99	1318	227.998	228
6250	1318.0	1318	228.0	228
6500	1318.0	1318	228.0	228
6750	1318.0	1318	228.0	228
7000	1318.0	1318	228.0	228
7250	1318.0	1318	228.0	228
7500	1318.0	1318	228.0	228
7750	1318.0	1318	228.0	228
8000	1318.0	1318	228.0	228
8250	1318.0	1318	228.0	228
8500	1318.0	1318	228.0	228
8750	1318.0	1318	228.0	228
9000	1318.0	1318	228.0	228
9250	1318.0	1318	228.0	228
9500	1318.0	1318	228.0	228
9750	1318.0	1318	228.0	228
10000	1318.0	1318	228.0	228


Run 29
500	1417.184	1538	166.752	203
750	1402.108	1537	176.86	208
1000	1388.596	1537	186.132	213
1250	1385.584	1531	193.56	215
1500	1382.876	1531	200.2	218
1750	1387.814	1531	205.388	221
2000	1388.52	1531	210.456	221
2250	1391.74	1488	213.092	223
2500	1396.1	1488	215.196	223
2750	1399.26	1488	217.044	222
3000	1399.934	1488	218.378	222
3250	1400.954	1488	219.488	222
3500	1401.162	1488	220.374	222
3750	1401.394	1488	220.844	222
4000	1401.458	1460	221.164	222
4250	1401.764	1460	221.38	222
4500	1401.924	1460	221.588	222
4750	1401.978	1460	221.666	222
5000	1402.114	1460	221.77	222
5250	1402.07	1460	221.788	222
5500	1401.962	1410	221.932	222
5750	1401.93	1410	221.948	222
6000	1401.942	1402	221.956	222
6250	1401.958	1402	221.966	222
6500	1401.986	1402	221.968	222
6750	1401.986	1402	221.968	222
7000	1402.0	1402	222.0	222
7250	1402.0	1402	222.0	222
7500	1402.0	1402	222.0	222
7750	1402.0	1402	222.0	222
8000	1402.0	1402	222.0	222
8250	1402.0	1402	222.0	222
8500	1402.0	1402	222.0	222
8750	1402.0	1402	222.0	222
9000	1402.0	1402	222.0	222
9250	1402.0	1402	222.0	222
9500	1402.0	1402	222.0	222
9750	1402.0	1402	222.0	222
10000	1402.0	1402	222.0	222


Run 30
500	1417.112	1539	166.624	196
750	1410.294	1539	174.338	214
1000	1394.642	1539	186.03	217
1250	1379.718	1518	195.604	221
1500	1369.146	1518	203.262	223
1750	1363.704	1518	210.058	224
2000	1360.344	1489	214.168	225
2250	1359.158	1489	217.41	225
2500	1360.224	1479	219.136	224
2750	1361.378	1479	220.326	224
3000	1362.026	1479	220.994	224
3250	1361.518	1476	221.864	224
3500	1361.188	1394	222.47	224
3750	1361.384	1392	222.58	224
4000	1361.616	1392	222.754	224
4250	1361.748	1362	222.964	224
4500	1361.794	1362	222.964	224
4750	1361.954	1362	223.002	224
5000	1361.986	1362	223.0	223
5250	1361.986	1362	223.0	223
5500	1362.0	1362	223.0	223
5750	1362.0	1362	223.0	223
6000	1362.0	1362	223.0	223
6250	1362.0	1362	223.0	223
6500	1362.0	1362	223.0	223
6750	1362.0	1362	223.0	223
7000	1362.0	1362	223.0	223
7250	1362.0	1362	223.0	223
7500	1362.0	1362	223.0	223
7750	1362.0	1362	223.0	223
8000	1362.0	1362	223.0	223
8250	1362.0	1362	223.0	223
8500	1362.0	1362	223.0	223
8750	1362.0	1362	223.0	223
9000	1362.0	1362	223.0	223
9250	1362.0	1362	223.0	223
9500	1362.0	1362	223.0	223
9750	1362.0	1362	223.0	223
10000	1362.0	1362	223.0	223


